[2025-03-23 11:10:49,879] INFO: Model's weights at ./dataset/results/weights/LM_Diffusion_split1
[2025-03-23 11:24:32,067] INFO: Model's weights at ./dataset/results/weights/LM_Diffusion_split1
[2025-03-23 11:27:25,142] INFO: Model's weights at ./dataset/results/weights/LM_Diffusion_split1
[2025-03-23 12:04:00,625] INFO: Model's weights at ./dataset/results/weights/LM_Diffusion_split1
[2025-03-23 12:09:27,598] INFO: Model's weights at ./dataset/results/weights/LM_Diffusion_split1
[2025-03-23 14:47:36,432] INFO: Model's weights at ./dataset/results/weights/LM_Diffusion_split1
[2025-03-23 15:39:05,865] INFO: Model's weights at ./dataset/results/weights/LM_Diffusion_split1
[2025-03-23 15:45:14,473] INFO: Epoch-0, seen -- Mean err: 3.02, Acc: 1.00, Rec : 1.00, Class and Pose  : 1.00
[2025-03-23 15:45:14,473] INFO: Validation time for epoch 0: 5.97 minutes
[2025-03-23 16:05:42,246] INFO: Model's weights at ./dataset/results/weights/LM_Diffusion_split1
[2025-03-23 16:11:46,390] INFO: Epoch-0, seen -- Mean err: 3.02, Acc: 1.00, Rec : 1.00, Class and Pose  : 1.00
[2025-03-23 16:11:46,390] INFO: Validation time for epoch 0: 5.89 minutes
[2025-03-23 16:26:07,678] INFO: Epoch-0, seen_occ -- Mean err: 9.07, Acc: 0.90, Rec : 0.83, Class and Pose  : 0.81
[2025-03-23 16:26:07,678] INFO: Validation time for epoch 0: 14.35 minutes
[2025-03-23 18:10:08,663] INFO: Model's weights at ./dataset/results/weights/LM_Diffusion_split1
[2025-03-23 18:18:37,317] INFO: Epoch-0, seen -- Mean err: 3.02, Acc: 1.00, Rec : 1.00, Class and Pose  : 1.00
[2025-03-23 18:18:37,318] INFO: Validation time for epoch 0: 7.58 minutes
[2025-03-23 18:35:29,515] INFO: Epoch-0, seen_occ -- Mean err: 9.07, Acc: 0.90, Rec : 0.83, Class and Pose  : 0.81
[2025-03-23 18:35:29,515] INFO: Validation time for epoch 0: 16.87 minutes
[2025-03-23 18:48:16,494] INFO: Epoch-0, unseen -- Mean err: 5.10, Acc: 0.98, Rec : 1.00, Class and Pose  : 0.98
[2025-03-23 18:48:16,495] INFO: Validation time for epoch 0: 12.78 minutes
[2025-03-23 18:54:00,183] INFO: Epoch-0, unseen_occ -- Mean err: 13.67, Acc: 0.82, Rec : 0.98, Class and Pose  : 0.82
[2025-03-23 18:54:00,183] INFO: Validation time for epoch 0: 5.73 minutes
[2025-04-13 14:15:08,938] INFO: Model's weights at ./dataset/results/weights/LM_Diffusion_split1
[2025-04-13 14:15:55,117] INFO: Model's weights at ./dataset/results/weights/LM_Diffusion_split1
[2025-04-13 14:16:24,979] INFO: Model's weights at ./dataset/results/weights/LM_Diffusion_split1
[2025-04-13 15:00:42,770] INFO: Model's weights at ./dataset/results/weights/LM_Diffusion_split1
[2025-04-13 15:07:56,997] INFO: Model's weights at ./dataset/results/weights/LM_Diffusion_split1
[2025-04-13 15:08:44,428] INFO: Model's weights at ./dataset/results/weights/LM_Diffusion_split1
[2025-04-13 15:09:14,906] INFO: Model's weights at ./dataset/results/weights/LM_Diffusion_split1
[2025-04-13 15:09:40,141] INFO: Model's weights at ./dataset/results/weights/LM_Diffusion_split1
[2025-04-13 15:20:42,590] INFO: Model's weights at ./dataset/results/weights/LM_Diffusion_split1
[2025-04-13 15:22:22,659] INFO: Model's weights at ./dataset/results/weights/LM_Diffusion_split1
[2025-04-13 15:23:13,215] INFO: Model's weights at ./dataset/results/weights/LM_Diffusion_split1
[2025-04-13 15:25:41,968] INFO: Model's weights at ./dataset/results/weights/LM_Diffusion_split1
[2025-04-13 15:31:50,235] INFO: Model's weights at ./dataset/results/weights/LM_Diffusion_split1
[2025-04-13 15:35:34,485] INFO: Model's weights at ./dataset/results/weights/LM_Diffusion_split1
[2025-04-13 16:11:05,575] INFO: Model's weights at ./dataset/results/weights/LM_Diffusion_split1
[2025-04-13 16:14:51,665] INFO: Model's weights at ./dataset/results/weights/LM_Diffusion_split1
[2025-04-13 16:15:51,691] INFO: Model's weights at ./dataset/results/weights/LM_Diffusion_split1
[2025-04-13 16:17:11,420] INFO: Model's weights at ./dataset/results/weights/LM_Diffusion_split1
[2025-04-13 16:17:50,187] INFO: Model's weights at ./dataset/results/weights/LM_Diffusion_split1
[2025-04-13 16:21:15,485] INFO: Model's weights at ./dataset/results/weights/LM_Diffusion_split1
[2025-04-13 16:22:22,399] INFO: Model's weights at ./dataset/results/weights/LM_Diffusion_split1
[2025-04-13 19:08:11,815] INFO: Model's weights at ./dataset/results/weights/LM_Diffusion_split1
[2025-04-13 19:25:16,362] INFO: Model's weights at ./dataset/results/weights/LM_Diffusion_split1
[2025-04-13 19:26:12,737] INFO: Learning rate: 0.0
[2025-04-13 19:26:12,738] INFO: Epoch-0 -- Iter [1/623] loss: 1.53, (pos: 0.40, neg: 0.24)
[2025-04-13 19:26:42,022] INFO: Learning rate: 9e-07
[2025-04-13 19:26:42,023] INFO: Epoch-0 -- Iter [10/623] loss: 1.46, (pos: 0.42, neg: 0.26)
[2025-04-13 19:29:23,108] INFO: Model's weights at ./dataset/results/weights/LM_Diffusion_split1
[2025-04-13 19:29:58,120] INFO: Learning rate: 0.0
[2025-04-13 19:29:58,120] INFO: Epoch-0 -- Iter [1/623] loss: 1.43, (pos: 0.47, neg: 0.29)
[2025-04-15 10:20:30,090] INFO: Model's weights at ./dataset/results/weights/LM_Diffusion_split1
[2025-04-15 10:27:06,015] INFO: Model's weights at ./dataset/results/weights/LM_Diffusion_split1
[2025-04-15 10:31:25,808] INFO: Model's weights at ./dataset/results/weights/LM_Diffusion_split1
[2025-04-15 10:36:35,714] INFO: Model's weights at ./dataset/results/weights/LM_Diffusion_split1
[2025-04-15 10:42:15,628] INFO: Model's weights at ./dataset/results/weights/LM_Diffusion_split1
[2025-04-15 10:43:14,825] INFO: Model's weights at ./dataset/results/weights/LM_Diffusion_split1
[2025-04-15 10:44:14,418] INFO: Model's weights at ./dataset/results/weights/LM_Diffusion_split1
[2025-04-15 10:44:35,322] INFO: Learning rate: 0.0
[2025-04-15 10:44:35,322] INFO: Epoch-0 -- Iter [1/2489] loss: 0.59, (pos: 0.44, neg: 0.28)
[2025-04-15 22:22:43,944] INFO: Model's weights at ./dataset/results/weights/LM_Diffusion_split1
[2025-04-15 22:23:01,325] INFO: Learning rate: 0.0
[2025-04-15 22:23:01,325] INFO: Epoch-0 -- Iter [1/2489] loss: 0.58, (pos: 0.57, neg: 0.46)
[2025-04-15 22:29:52,894] INFO: Model's weights at ./dataset/results/weights/LM_Diffusion_split1
[2025-04-15 22:31:23,237] INFO: Model's weights at ./dataset/results/weights/LM_Diffusion_split1
[2025-04-15 22:32:43,540] INFO: Model's weights at ./dataset/results/weights/LM_Diffusion_split1
[2025-04-15 22:39:39,470] INFO: Model's weights at ./dataset/results/weights/LM_Diffusion_split1
[2025-04-20 11:35:53,600] INFO: Model's weights at ./dataset/results/weights/LM_Diffusion_split1
[2025-04-20 11:46:41,943] INFO: Model's weights at ./dataset/results/weights/LM_Diffusion_split1
[2025-04-20 11:49:00,185] INFO: Model's weights at ./dataset/results/weights/LM_Diffusion_split1
[2025-04-20 11:57:38,077] INFO: Model's weights at ./dataset/results/weights/LM_Diffusion_split1
[2025-04-20 13:42:17,632] INFO: Model's weights at ./dataset/results/weights/LM_Diffusion_split1
[2025-04-20 14:40:56,164] INFO: Model's weights at ./dataset/results/weights/LM_Diffusion_split1
[2025-04-20 14:44:54,164] INFO: Model's weights at ./dataset/results/weights/LM_Diffusion_split1
[2025-04-20 14:45:58,848] INFO: Model's weights at ./dataset/results/weights/LM_Diffusion_split1
[2025-04-20 14:46:21,490] INFO: Learning rate: 0.0
[2025-04-20 14:46:21,490] INFO: Epoch-0 -- Iter [1/9954] loss: 0.00, (pos: 0.57, neg: 0.57)
[2025-04-20 14:51:11,334] INFO: Model's weights at ./dataset/results/weights/LM_Diffusion_split1
[2025-04-20 15:06:31,997] INFO: Model's weights at ./dataset/results/weights/LM_Diffusion_split1
[2025-04-20 15:10:46,733] INFO: Model's weights at ./dataset/results/weights/LM_Diffusion_split1
[2025-04-20 15:13:44,632] INFO: Model's weights at ./dataset/results/weights/LM_Diffusion_split1
[2025-04-20 15:22:50,954] INFO: Model's weights at ./dataset/results/weights/LM_Diffusion_split1
[2025-04-20 15:29:52,803] INFO: Model's weights at ./dataset/results/weights/LM_Diffusion_split1
[2025-04-20 15:42:40,569] INFO: Model's weights at ./dataset/results/weights/LM_Diffusion_split1
[2025-04-20 15:46:07,604] INFO: Model's weights at ./dataset/results/weights/LM_Diffusion_split1
[2025-04-20 15:48:44,228] INFO: Model's weights at ./dataset/results/weights/LM_Diffusion_split1
[2025-04-20 15:49:05,274] INFO: Learning rate: 0.0
[2025-04-20 15:49:05,274] INFO: Epoch-0 -- Iter [1/4977] loss: 0.09, (pos: 0.46, neg: 0.33)
[2025-04-20 15:54:57,677] INFO: Model's weights at ./dataset/results/weights/LM_Diffusion_split1
[2025-04-20 15:55:16,903] INFO: Learning rate: 0.0
[2025-04-20 15:55:16,903] INFO: Epoch-0 -- Iter [1/4977] loss: 0.14, (pos: 0.57, neg: 0.47)
[2025-04-20 15:56:04,525] INFO: Model's weights at ./dataset/results/weights/LM_Diffusion_split1
[2025-04-20 15:56:21,902] INFO: Learning rate: 0.0
[2025-04-20 15:56:21,902] INFO: Epoch-0 -- Iter [1/4977] loss: 0.15, (pos: 0.47, neg: 0.38)
[2025-04-20 15:58:54,752] INFO: Model's weights at ./dataset/results/weights/LM_Diffusion_split1
[2025-04-20 15:59:13,794] INFO: Learning rate: 0.0
[2025-04-20 15:59:13,794] INFO: Epoch-0 -- Iter [1/4977] loss: 0.09, (pos: 0.33, neg: 0.19)
[2025-04-20 16:03:25,506] INFO: Model's weights at ./dataset/results/weights/LM_Diffusion_split1
[2025-04-20 16:03:44,440] INFO: Learning rate: 0.0
[2025-04-20 16:03:44,440] INFO: Epoch-0 -- Iter [1/4977] loss: 0.27, (pos: 0.40, neg: 0.31)
[2025-04-20 16:04:21,056] INFO: Model's weights at ./dataset/results/weights/LM_Diffusion_split1
[2025-04-20 16:04:38,375] INFO: Learning rate: 0.0
[2025-04-20 16:04:38,375] INFO: Epoch-0 -- Iter [1/4977] loss: 0.33, (pos: 0.50, neg: 0.45)
[2025-04-20 18:54:32,673] INFO: Model's weights at ./dataset/results/weights/LM_Diffusion_split1
[2025-04-20 18:55:36,545] INFO: Model's weights at ./dataset/results/weights/LM_Diffusion_split1
[2025-04-20 18:57:40,848] INFO: Model's weights at ./dataset/results/weights/LM_Diffusion_split1
[2025-04-20 19:06:54,035] INFO: Model's weights at ./dataset/results/weights/LM_Diffusion_split1
[2025-04-20 19:07:39,845] INFO: Model's weights at ./dataset/results/weights/LM_Diffusion_split1
[2025-04-20 19:13:48,710] INFO: Model's weights at ./dataset/results/weights/LM_Diffusion_split1
[2025-04-20 19:14:33,856] INFO: Model's weights at ./dataset/results/weights/LM_Diffusion_split1
[2025-04-20 19:14:51,330] INFO: Learning rate: 0.0
[2025-04-20 19:14:51,330] INFO: Epoch-0 -- Iter [1/4977] loss: 0.73, (pos: 0.44, neg: 0.41)
[2025-04-20 19:15:39,069] INFO: Model's weights at ./dataset/results/weights/LM_Diffusion_split1
[2025-04-20 19:25:59,743] INFO: Model's weights at ./dataset/results/weights/LM_Diffusion_split1
[2025-04-20 19:27:27,592] INFO: Model's weights at ./dataset/results/weights/LM_Diffusion_split1
[2025-04-20 21:51:57,344] INFO: Model's weights at ./dataset/results/weights/LM_Diffusion_split1
[2025-04-20 21:52:17,319] INFO: Learning rate: 0.0
[2025-04-20 21:52:17,319] INFO: Epoch-0 -- Iter [1/4977] loss: 0.44, (pos: 0.46, neg: 0.41)
[2025-04-20 21:58:21,531] INFO: Model's weights at ./dataset/results/weights/LM_Diffusion_split1
[2025-04-20 22:03:48,284] INFO: Model's weights at ./dataset/results/weights/LM_Diffusion_split1
[2025-04-20 22:05:14,030] INFO: Learning rate: 0.0
[2025-04-20 22:05:14,031] INFO: Epoch-0 -- Iter [1/623] loss: 1.62, (pos: 0.49, neg: 0.33)
[2025-04-20 22:06:08,890] INFO: Learning rate: 9e-07
[2025-04-20 22:06:08,891] INFO: Epoch-0 -- Iter [10/623] loss: 1.52, (pos: 0.47, neg: 0.30)
[2025-04-20 22:07:09,048] INFO: Learning rate: 1.9e-06
[2025-04-20 22:07:09,049] INFO: Epoch-0 -- Iter [20/623] loss: 1.23, (pos: 0.43, neg: 0.21)
[2025-04-20 22:08:08,828] INFO: Learning rate: 2.9e-06
[2025-04-20 22:08:08,829] INFO: Epoch-0 -- Iter [30/623] loss: 0.81, (pos: 0.39, neg: 0.12)
[2025-04-20 22:09:08,281] INFO: Learning rate: 3.9e-06
[2025-04-20 22:09:08,281] INFO: Epoch-0 -- Iter [40/623] loss: 0.60, (pos: 0.44, neg: 0.11)
[2025-04-20 22:10:07,435] INFO: Learning rate: 4.9000000000000005e-06
[2025-04-20 22:10:07,435] INFO: Epoch-0 -- Iter [50/623] loss: 0.62, (pos: 0.43, neg: 0.11)
[2025-04-20 22:11:05,621] INFO: Learning rate: 5.9e-06
[2025-04-20 22:11:05,621] INFO: Epoch-0 -- Iter [60/623] loss: 0.47, (pos: 0.49, neg: 0.11)
[2025-04-20 22:12:03,480] INFO: Learning rate: 6.900000000000001e-06
[2025-04-20 22:12:03,480] INFO: Epoch-0 -- Iter [70/623] loss: 0.27, (pos: 0.52, neg: 0.07)
[2025-04-20 22:13:01,180] INFO: Learning rate: 7.9e-06
[2025-04-20 22:13:01,180] INFO: Epoch-0 -- Iter [80/623] loss: 0.19, (pos: 0.55, neg: 0.08)
[2025-04-20 22:13:58,233] INFO: Learning rate: 8.9e-06
[2025-04-20 22:13:58,233] INFO: Epoch-0 -- Iter [90/623] loss: 0.22, (pos: 0.56, neg: 0.06)
[2025-04-20 22:14:55,551] INFO: Learning rate: 9.900000000000002e-06
[2025-04-20 22:14:55,552] INFO: Epoch-0 -- Iter [100/623] loss: 0.21, (pos: 0.59, neg: 0.08)
[2025-04-20 22:15:52,490] INFO: Learning rate: 1.09e-05
[2025-04-20 22:15:52,490] INFO: Epoch-0 -- Iter [110/623] loss: 0.17, (pos: 0.61, neg: 0.07)
[2025-04-20 22:16:49,140] INFO: Learning rate: 1.19e-05
[2025-04-20 22:16:49,140] INFO: Epoch-0 -- Iter [120/623] loss: 0.36, (pos: 0.59, neg: 0.08)
[2025-04-20 22:17:46,312] INFO: Learning rate: 1.29e-05
[2025-04-20 22:17:46,312] INFO: Epoch-0 -- Iter [130/623] loss: 0.28, (pos: 0.61, neg: 0.11)
[2025-04-20 22:18:43,091] INFO: Learning rate: 1.3900000000000002e-05
[2025-04-20 22:18:43,091] INFO: Epoch-0 -- Iter [140/623] loss: 0.34, (pos: 0.60, neg: 0.10)
[2025-04-20 22:19:40,097] INFO: Learning rate: 1.49e-05
[2025-04-20 22:19:40,097] INFO: Epoch-0 -- Iter [150/623] loss: 0.18, (pos: 0.63, neg: 0.06)
[2025-04-20 22:20:37,417] INFO: Learning rate: 1.59e-05
[2025-04-20 22:20:37,417] INFO: Epoch-0 -- Iter [160/623] loss: 0.10, (pos: 0.65, neg: 0.06)
[2025-04-20 22:21:34,086] INFO: Learning rate: 1.69e-05
[2025-04-20 22:21:34,086] INFO: Epoch-0 -- Iter [170/623] loss: 0.23, (pos: 0.66, neg: 0.08)
[2025-04-20 22:22:30,012] INFO: Learning rate: 1.79e-05
[2025-04-20 22:22:30,012] INFO: Epoch-0 -- Iter [180/623] loss: 0.05, (pos: 0.67, neg: 0.04)
[2025-04-20 22:23:25,954] INFO: Learning rate: 1.8900000000000002e-05
[2025-04-20 22:23:25,954] INFO: Epoch-0 -- Iter [190/623] loss: 0.11, (pos: 0.68, neg: 0.06)
[2025-04-20 22:24:21,736] INFO: Learning rate: 1.9900000000000003e-05
[2025-04-20 22:24:21,736] INFO: Epoch-0 -- Iter [200/623] loss: 0.21, (pos: 0.64, neg: 0.09)
[2025-04-20 22:25:17,582] INFO: Learning rate: 2.09e-05
[2025-04-20 22:25:17,582] INFO: Epoch-0 -- Iter [210/623] loss: 0.05, (pos: 0.66, neg: 0.04)
[2025-04-20 22:26:13,240] INFO: Learning rate: 2.19e-05
[2025-04-20 22:26:13,240] INFO: Epoch-0 -- Iter [220/623] loss: 0.05, (pos: 0.68, neg: 0.04)
[2025-04-20 22:27:08,607] INFO: Learning rate: 2.29e-05
[2025-04-20 22:27:08,607] INFO: Epoch-0 -- Iter [230/623] loss: 0.13, (pos: 0.67, neg: 0.05)
[2025-04-20 22:28:03,360] INFO: Learning rate: 2.39e-05
[2025-04-20 22:28:03,361] INFO: Epoch-0 -- Iter [240/623] loss: 0.11, (pos: 0.70, neg: 0.07)
[2025-04-20 22:28:58,724] INFO: Learning rate: 2.4900000000000002e-05
[2025-04-20 22:28:58,724] INFO: Epoch-0 -- Iter [250/623] loss: 0.11, (pos: 0.68, neg: 0.07)
[2025-04-20 22:29:53,906] INFO: Learning rate: 2.5900000000000003e-05
[2025-04-20 22:29:53,906] INFO: Epoch-0 -- Iter [260/623] loss: 0.18, (pos: 0.67, neg: 0.07)
[2025-04-20 22:30:49,140] INFO: Learning rate: 2.6900000000000003e-05
[2025-04-20 22:30:49,140] INFO: Epoch-0 -- Iter [270/623] loss: 0.12, (pos: 0.71, neg: 0.07)
[2025-04-20 22:31:44,627] INFO: Learning rate: 2.7900000000000004e-05
[2025-04-20 22:31:44,627] INFO: Epoch-0 -- Iter [280/623] loss: 0.04, (pos: 0.71, neg: 0.05)
[2025-04-20 22:32:39,868] INFO: Learning rate: 2.8899999999999998e-05
[2025-04-20 22:32:39,868] INFO: Epoch-0 -- Iter [290/623] loss: 0.03, (pos: 0.72, neg: 0.04)
[2025-04-20 22:33:35,093] INFO: Learning rate: 2.9900000000000002e-05
[2025-04-20 22:33:35,093] INFO: Epoch-0 -- Iter [300/623] loss: 0.04, (pos: 0.70, neg: 0.04)
[2025-04-20 22:34:30,851] INFO: Learning rate: 3.09e-05
[2025-04-20 22:34:30,851] INFO: Epoch-0 -- Iter [310/623] loss: 0.07, (pos: 0.72, neg: 0.05)
[2025-04-20 22:35:25,855] INFO: Learning rate: 3.19e-05
[2025-04-20 22:35:25,855] INFO: Epoch-0 -- Iter [320/623] loss: 0.03, (pos: 0.72, neg: 0.04)
[2025-04-20 22:36:20,872] INFO: Learning rate: 3.29e-05
[2025-04-20 22:36:20,872] INFO: Epoch-0 -- Iter [330/623] loss: 0.03, (pos: 0.73, neg: 0.04)
[2025-04-20 22:37:15,835] INFO: Learning rate: 3.3900000000000004e-05
[2025-04-20 22:37:15,836] INFO: Epoch-0 -- Iter [340/623] loss: 0.06, (pos: 0.71, neg: 0.05)
[2025-04-20 22:38:10,977] INFO: Learning rate: 3.49e-05
[2025-04-20 22:38:10,977] INFO: Epoch-0 -- Iter [350/623] loss: 0.10, (pos: 0.70, neg: 0.07)
[2025-04-20 22:39:05,660] INFO: Learning rate: 3.59e-05
[2025-04-20 22:39:05,660] INFO: Epoch-0 -- Iter [360/623] loss: 0.11, (pos: 0.72, neg: 0.04)
[2025-04-20 22:40:00,758] INFO: Learning rate: 3.69e-05
[2025-04-20 22:40:00,758] INFO: Epoch-0 -- Iter [370/623] loss: 0.09, (pos: 0.74, neg: 0.06)
[2025-04-20 22:40:55,415] INFO: Learning rate: 3.79e-05
[2025-04-20 22:40:55,415] INFO: Epoch-0 -- Iter [380/623] loss: 0.05, (pos: 0.71, neg: 0.05)
[2025-04-20 22:41:50,154] INFO: Learning rate: 3.8900000000000004e-05
[2025-04-20 22:41:50,155] INFO: Epoch-0 -- Iter [390/623] loss: 0.22, (pos: 0.68, neg: 0.06)
[2025-04-20 22:42:44,670] INFO: Learning rate: 3.99e-05
[2025-04-20 22:42:44,670] INFO: Epoch-0 -- Iter [400/623] loss: 0.03, (pos: 0.73, neg: 0.04)
[2025-04-20 22:43:39,396] INFO: Learning rate: 4.09e-05
[2025-04-20 22:43:39,396] INFO: Epoch-0 -- Iter [410/623] loss: 0.03, (pos: 0.74, neg: 0.07)
[2025-04-20 22:44:37,996] INFO: Learning rate: 4.19e-05
[2025-04-20 22:44:37,997] INFO: Epoch-0 -- Iter [420/623] loss: 0.09, (pos: 0.74, neg: 0.08)
[2025-04-20 22:45:33,705] INFO: Learning rate: 4.29e-05
[2025-04-20 22:45:33,705] INFO: Epoch-0 -- Iter [430/623] loss: 0.09, (pos: 0.75, neg: 0.05)
[2025-04-20 22:46:28,596] INFO: Learning rate: 4.39e-05
[2025-04-20 22:46:28,596] INFO: Epoch-0 -- Iter [440/623] loss: 0.17, (pos: 0.73, neg: 0.03)
[2025-04-20 22:47:23,182] INFO: Learning rate: 4.49e-05
[2025-04-20 22:47:23,182] INFO: Epoch-0 -- Iter [450/623] loss: 0.03, (pos: 0.73, neg: 0.04)
[2025-04-20 22:48:17,514] INFO: Learning rate: 4.5900000000000004e-05
[2025-04-20 22:48:17,514] INFO: Epoch-0 -- Iter [460/623] loss: 0.05, (pos: 0.73, neg: 0.03)
[2025-04-20 22:49:12,343] INFO: Learning rate: 4.69e-05
[2025-04-20 22:49:12,344] INFO: Epoch-0 -- Iter [470/623] loss: 0.06, (pos: 0.74, neg: 0.06)
[2025-04-20 22:50:07,236] INFO: Learning rate: 4.79e-05
[2025-04-20 22:50:07,237] INFO: Epoch-0 -- Iter [480/623] loss: 0.09, (pos: 0.73, neg: 0.05)
[2025-04-20 22:51:02,193] INFO: Learning rate: 4.89e-05
[2025-04-20 22:51:02,193] INFO: Epoch-0 -- Iter [490/623] loss: 0.02, (pos: 0.76, neg: 0.03)
[2025-04-20 22:51:56,544] INFO: Learning rate: 4.99e-05
[2025-04-20 22:51:56,544] INFO: Epoch-0 -- Iter [500/623] loss: 0.11, (pos: 0.72, neg: 0.05)
[2025-04-20 22:52:50,886] INFO: Learning rate: 5.0900000000000004e-05
[2025-04-20 22:52:50,886] INFO: Epoch-0 -- Iter [510/623] loss: 0.26, (pos: 0.69, neg: 0.05)
[2025-04-20 22:53:45,630] INFO: Learning rate: 5.19e-05
[2025-04-20 22:53:45,630] INFO: Epoch-0 -- Iter [520/623] loss: 0.08, (pos: 0.73, neg: 0.01)
[2025-04-20 22:54:40,511] INFO: Learning rate: 5.2900000000000005e-05
[2025-04-20 22:54:40,511] INFO: Epoch-0 -- Iter [530/623] loss: 0.14, (pos: 0.72, neg: 0.07)
[2025-04-20 22:55:35,198] INFO: Learning rate: 5.390000000000001e-05
[2025-04-20 22:55:35,198] INFO: Epoch-0 -- Iter [540/623] loss: 0.07, (pos: 0.73, neg: 0.04)
[2025-04-20 22:56:30,268] INFO: Learning rate: 5.4900000000000006e-05
[2025-04-20 22:56:30,268] INFO: Epoch-0 -- Iter [550/623] loss: 0.07, (pos: 0.71, neg: 0.02)
[2025-04-20 22:57:25,062] INFO: Learning rate: 5.590000000000001e-05
[2025-04-20 22:57:25,063] INFO: Epoch-0 -- Iter [560/623] loss: 0.11, (pos: 0.76, neg: 0.06)
[2025-04-20 22:58:19,682] INFO: Learning rate: 5.69e-05
[2025-04-20 22:58:19,682] INFO: Epoch-0 -- Iter [570/623] loss: 0.11, (pos: 0.72, neg: 0.05)
[2025-04-20 22:59:14,350] INFO: Learning rate: 5.79e-05
[2025-04-20 22:59:14,350] INFO: Epoch-0 -- Iter [580/623] loss: 0.07, (pos: 0.74, neg: 0.02)
[2025-04-20 23:00:09,370] INFO: Learning rate: 5.89e-05
[2025-04-20 23:00:09,370] INFO: Epoch-0 -- Iter [590/623] loss: 0.19, (pos: 0.74, neg: 0.08)
[2025-04-20 23:01:11,054] INFO: Learning rate: 5.99e-05
[2025-04-20 23:01:11,054] INFO: Epoch-0 -- Iter [600/623] loss: 0.04, (pos: 0.76, neg: 0.04)
[2025-04-20 23:02:06,138] INFO: Learning rate: 6.09e-05
[2025-04-20 23:02:06,138] INFO: Epoch-0 -- Iter [610/623] loss: 0.08, (pos: 0.76, neg: 0.05)
[2025-04-20 23:03:00,546] INFO: Learning rate: 6.19e-05
[2025-04-20 23:03:00,546] INFO: Epoch-0 -- Iter [620/623] loss: 0.03, (pos: 0.74, neg: 0.03)
[2025-04-20 23:03:15,447] INFO: Training time for epoch 0: 58.58 minutes
[2025-04-20 23:13:50,999] INFO: Epoch-0, seen -- Mean err: 3.13, Acc: 1.00, Rec : 1.00, Class and Pose  : 1.00
[2025-04-20 23:13:51,000] INFO: Validation time for epoch 0: 10.59 minutes
[2025-04-20 23:39:03,467] INFO: Epoch-0, seen_occ -- Mean err: 9.44, Acc: 0.89, Rec : 0.84, Class and Pose  : 0.80
[2025-04-20 23:39:03,468] INFO: Validation time for epoch 0: 25.21 minutes
[2025-04-20 23:57:15,536] INFO: Epoch-0, unseen -- Mean err: 5.37, Acc: 0.98, Rec : 1.00, Class and Pose  : 0.98
[2025-04-20 23:57:15,537] INFO: Validation time for epoch 0: 18.20 minutes
[2025-04-21 10:56:34,829] INFO: Model's weights at ./dataset/results/weights/LM_Diffusion_split1
[2025-04-21 10:58:03,360] INFO: Learning rate: 0.0
[2025-04-21 10:58:03,360] INFO: Epoch-0 -- Iter [1/623] loss: 1.52, (pos: 0.45, neg: 0.28)
[2025-04-21 10:58:58,351] INFO: Learning rate: 9e-07
[2025-04-21 10:58:58,351] INFO: Epoch-0 -- Iter [10/623] loss: 1.23, (pos: 0.45, neg: 0.23)
[2025-04-21 10:59:58,803] INFO: Learning rate: 1.9e-06
[2025-04-21 10:59:58,803] INFO: Epoch-0 -- Iter [20/623] loss: 1.40, (pos: 0.30, neg: 0.12)
[2025-04-21 11:00:58,766] INFO: Learning rate: 2.9e-06
[2025-04-21 11:00:58,766] INFO: Epoch-0 -- Iter [30/623] loss: 0.90, (pos: 0.35, neg: 0.08)
[2025-04-21 11:01:59,238] INFO: Learning rate: 3.9e-06
[2025-04-21 11:01:59,238] INFO: Epoch-0 -- Iter [40/623] loss: 0.64, (pos: 0.42, neg: 0.10)
[2025-04-21 11:02:58,028] INFO: Learning rate: 4.9000000000000005e-06
[2025-04-21 11:02:58,028] INFO: Epoch-0 -- Iter [50/623] loss: 0.55, (pos: 0.44, neg: 0.10)
[2025-04-21 11:03:56,007] INFO: Learning rate: 5.9e-06
[2025-04-21 11:03:56,007] INFO: Epoch-0 -- Iter [60/623] loss: 0.44, (pos: 0.46, neg: 0.08)
[2025-04-21 11:04:53,930] INFO: Learning rate: 6.900000000000001e-06
[2025-04-21 11:04:53,930] INFO: Epoch-0 -- Iter [70/623] loss: 0.27, (pos: 0.51, neg: 0.06)
[2025-04-21 11:05:51,880] INFO: Learning rate: 7.9e-06
[2025-04-21 11:05:51,880] INFO: Epoch-0 -- Iter [80/623] loss: 0.15, (pos: 0.54, neg: 0.06)
[2025-04-21 11:06:49,169] INFO: Learning rate: 8.9e-06
[2025-04-21 11:06:49,169] INFO: Epoch-0 -- Iter [90/623] loss: 0.19, (pos: 0.53, neg: 0.05)
[2025-04-21 11:07:46,589] INFO: Learning rate: 9.900000000000002e-06
[2025-04-21 11:07:46,589] INFO: Epoch-0 -- Iter [100/623] loss: 0.24, (pos: 0.57, neg: 0.07)
[2025-04-21 11:08:43,789] INFO: Learning rate: 1.09e-05
[2025-04-21 11:08:43,789] INFO: Epoch-0 -- Iter [110/623] loss: 0.20, (pos: 0.57, neg: 0.04)
[2025-04-21 11:09:40,394] INFO: Learning rate: 1.19e-05
[2025-04-21 11:09:40,395] INFO: Epoch-0 -- Iter [120/623] loss: 0.36, (pos: 0.58, neg: 0.08)
[2025-04-21 11:10:36,543] INFO: Learning rate: 1.29e-05
[2025-04-21 11:10:36,543] INFO: Epoch-0 -- Iter [130/623] loss: 0.22, (pos: 0.63, neg: 0.09)
[2025-04-21 11:11:33,050] INFO: Learning rate: 1.3900000000000002e-05
[2025-04-21 11:11:33,050] INFO: Epoch-0 -- Iter [140/623] loss: 0.34, (pos: 0.62, neg: 0.10)
[2025-04-21 11:12:30,344] INFO: Learning rate: 1.49e-05
[2025-04-21 11:12:30,344] INFO: Epoch-0 -- Iter [150/623] loss: 0.17, (pos: 0.63, neg: 0.07)
[2025-04-21 11:13:26,491] INFO: Learning rate: 1.59e-05
[2025-04-21 11:13:26,491] INFO: Epoch-0 -- Iter [160/623] loss: 0.10, (pos: 0.65, neg: 0.06)
[2025-04-21 11:14:22,450] INFO: Learning rate: 1.69e-05
[2025-04-21 11:14:22,450] INFO: Epoch-0 -- Iter [170/623] loss: 0.22, (pos: 0.66, neg: 0.05)
[2025-04-21 11:15:17,969] INFO: Learning rate: 1.79e-05
[2025-04-21 11:15:17,969] INFO: Epoch-0 -- Iter [180/623] loss: 0.06, (pos: 0.65, neg: 0.04)
[2025-04-21 11:16:14,032] INFO: Learning rate: 1.8900000000000002e-05
[2025-04-21 11:16:14,032] INFO: Epoch-0 -- Iter [190/623] loss: 0.13, (pos: 0.67, neg: 0.05)
[2025-04-21 11:17:10,341] INFO: Learning rate: 1.9900000000000003e-05
[2025-04-21 11:17:10,342] INFO: Epoch-0 -- Iter [200/623] loss: 0.20, (pos: 0.65, neg: 0.10)
[2025-04-21 11:18:06,719] INFO: Learning rate: 2.09e-05
[2025-04-21 11:18:06,719] INFO: Epoch-0 -- Iter [210/623] loss: 0.06, (pos: 0.66, neg: 0.03)
[2025-04-21 11:19:02,803] INFO: Learning rate: 2.19e-05
[2025-04-21 11:19:02,803] INFO: Epoch-0 -- Iter [220/623] loss: 0.05, (pos: 0.68, neg: 0.04)
[2025-04-21 11:19:58,199] INFO: Learning rate: 2.29e-05
[2025-04-21 11:19:58,200] INFO: Epoch-0 -- Iter [230/623] loss: 0.14, (pos: 0.66, neg: 0.04)
[2025-04-21 11:20:53,461] INFO: Learning rate: 2.39e-05
[2025-04-21 11:20:53,462] INFO: Epoch-0 -- Iter [240/623] loss: 0.11, (pos: 0.70, neg: 0.07)
[2025-04-21 11:21:49,257] INFO: Learning rate: 2.4900000000000002e-05
[2025-04-21 11:21:49,257] INFO: Epoch-0 -- Iter [250/623] loss: 0.11, (pos: 0.68, neg: 0.07)
[2025-04-21 11:22:44,668] INFO: Learning rate: 2.5900000000000003e-05
[2025-04-21 11:22:44,668] INFO: Epoch-0 -- Iter [260/623] loss: 0.18, (pos: 0.66, neg: 0.06)
[2025-04-21 11:23:40,056] INFO: Learning rate: 2.6900000000000003e-05
[2025-04-21 11:23:40,056] INFO: Epoch-0 -- Iter [270/623] loss: 0.11, (pos: 0.70, neg: 0.06)
[2025-04-21 11:24:35,619] INFO: Learning rate: 2.7900000000000004e-05
[2025-04-21 11:24:35,619] INFO: Epoch-0 -- Iter [280/623] loss: 0.04, (pos: 0.71, neg: 0.04)
[2025-04-21 11:25:30,670] INFO: Learning rate: 2.8899999999999998e-05
[2025-04-21 11:25:30,670] INFO: Epoch-0 -- Iter [290/623] loss: 0.03, (pos: 0.72, neg: 0.04)
[2025-04-21 11:26:26,083] INFO: Learning rate: 2.9900000000000002e-05
[2025-04-21 11:26:26,083] INFO: Epoch-0 -- Iter [300/623] loss: 0.03, (pos: 0.69, neg: 0.03)
[2025-04-21 11:27:21,805] INFO: Learning rate: 3.09e-05
[2025-04-21 11:27:21,805] INFO: Epoch-0 -- Iter [310/623] loss: 0.09, (pos: 0.72, neg: 0.05)
[2025-04-21 11:28:16,942] INFO: Learning rate: 3.19e-05
[2025-04-21 11:28:16,942] INFO: Epoch-0 -- Iter [320/623] loss: 0.03, (pos: 0.71, neg: 0.05)
[2025-04-21 11:29:12,612] INFO: Learning rate: 3.29e-05
[2025-04-21 11:29:12,612] INFO: Epoch-0 -- Iter [330/623] loss: 0.02, (pos: 0.73, neg: 0.04)
[2025-04-21 11:30:07,702] INFO: Learning rate: 3.3900000000000004e-05
[2025-04-21 11:30:07,702] INFO: Epoch-0 -- Iter [340/623] loss: 0.06, (pos: 0.71, neg: 0.05)
[2025-04-21 11:31:02,786] INFO: Learning rate: 3.49e-05
[2025-04-21 11:31:02,786] INFO: Epoch-0 -- Iter [350/623] loss: 0.10, (pos: 0.69, neg: 0.05)
[2025-04-21 11:31:58,087] INFO: Learning rate: 3.59e-05
[2025-04-21 11:31:58,087] INFO: Epoch-0 -- Iter [360/623] loss: 0.10, (pos: 0.71, neg: 0.04)
[2025-04-21 11:32:53,549] INFO: Learning rate: 3.69e-05
[2025-04-21 11:32:53,549] INFO: Epoch-0 -- Iter [370/623] loss: 0.09, (pos: 0.74, neg: 0.05)
[2025-04-21 11:33:48,295] INFO: Learning rate: 3.79e-05
[2025-04-21 11:33:48,296] INFO: Epoch-0 -- Iter [380/623] loss: 0.04, (pos: 0.72, neg: 0.04)
[2025-04-21 11:34:43,152] INFO: Learning rate: 3.8900000000000004e-05
[2025-04-21 11:34:43,152] INFO: Epoch-0 -- Iter [390/623] loss: 0.21, (pos: 0.68, neg: 0.06)
[2025-04-21 11:35:37,634] INFO: Learning rate: 3.99e-05
[2025-04-21 11:35:37,634] INFO: Epoch-0 -- Iter [400/623] loss: 0.03, (pos: 0.73, neg: 0.04)
[2025-04-21 11:36:32,490] INFO: Learning rate: 4.09e-05
[2025-04-21 11:36:32,490] INFO: Epoch-0 -- Iter [410/623] loss: 0.03, (pos: 0.74, neg: 0.06)
[2025-04-21 11:37:27,087] INFO: Learning rate: 4.19e-05
[2025-04-21 11:37:27,087] INFO: Epoch-0 -- Iter [420/623] loss: 0.09, (pos: 0.73, neg: 0.08)
[2025-04-21 11:38:22,296] INFO: Learning rate: 4.29e-05
[2025-04-21 11:38:22,296] INFO: Epoch-0 -- Iter [430/623] loss: 0.09, (pos: 0.75, neg: 0.05)
[2025-04-21 11:39:17,524] INFO: Learning rate: 4.39e-05
[2025-04-21 11:39:17,524] INFO: Epoch-0 -- Iter [440/623] loss: 0.17, (pos: 0.72, neg: 0.03)
[2025-04-21 11:40:12,627] INFO: Learning rate: 4.49e-05
[2025-04-21 11:40:12,627] INFO: Epoch-0 -- Iter [450/623] loss: 0.03, (pos: 0.73, neg: 0.04)
[2025-04-21 11:41:07,575] INFO: Learning rate: 4.5900000000000004e-05
[2025-04-21 11:41:07,575] INFO: Epoch-0 -- Iter [460/623] loss: 0.04, (pos: 0.72, neg: 0.02)
[2025-04-21 11:42:02,653] INFO: Learning rate: 4.69e-05
[2025-04-21 11:42:02,653] INFO: Epoch-0 -- Iter [470/623] loss: 0.07, (pos: 0.74, neg: 0.06)
[2025-04-21 11:42:57,973] INFO: Learning rate: 4.79e-05
[2025-04-21 11:42:57,973] INFO: Epoch-0 -- Iter [480/623] loss: 0.09, (pos: 0.73, neg: 0.04)
[2025-04-21 11:43:52,902] INFO: Learning rate: 4.89e-05
[2025-04-21 11:43:52,902] INFO: Epoch-0 -- Iter [490/623] loss: 0.02, (pos: 0.76, neg: 0.04)
[2025-04-21 11:44:48,064] INFO: Learning rate: 4.99e-05
[2025-04-21 11:44:48,064] INFO: Epoch-0 -- Iter [500/623] loss: 0.11, (pos: 0.72, neg: 0.04)
[2025-04-21 11:45:42,920] INFO: Learning rate: 5.0900000000000004e-05
[2025-04-21 11:45:42,920] INFO: Epoch-0 -- Iter [510/623] loss: 0.26, (pos: 0.68, neg: 0.04)
[2025-04-21 11:46:38,098] INFO: Learning rate: 5.19e-05
[2025-04-21 11:46:38,098] INFO: Epoch-0 -- Iter [520/623] loss: 0.08, (pos: 0.73, neg: 0.01)
[2025-04-21 11:47:33,642] INFO: Learning rate: 5.2900000000000005e-05
[2025-04-21 11:47:33,643] INFO: Epoch-0 -- Iter [530/623] loss: 0.15, (pos: 0.72, neg: 0.07)
[2025-04-21 11:48:28,681] INFO: Learning rate: 5.390000000000001e-05
[2025-04-21 11:48:28,681] INFO: Epoch-0 -- Iter [540/623] loss: 0.08, (pos: 0.73, neg: 0.04)
[2025-04-21 11:49:23,759] INFO: Learning rate: 5.4900000000000006e-05
[2025-04-21 11:49:23,759] INFO: Epoch-0 -- Iter [550/623] loss: 0.05, (pos: 0.72, neg: 0.02)
[2025-04-21 11:50:19,225] INFO: Learning rate: 5.590000000000001e-05
[2025-04-21 11:50:19,225] INFO: Epoch-0 -- Iter [560/623] loss: 0.12, (pos: 0.75, neg: 0.06)
[2025-04-21 11:51:13,964] INFO: Learning rate: 5.69e-05
[2025-04-21 11:51:13,964] INFO: Epoch-0 -- Iter [570/623] loss: 0.11, (pos: 0.72, neg: 0.05)
[2025-04-21 11:52:09,294] INFO: Learning rate: 5.79e-05
[2025-04-21 11:52:09,294] INFO: Epoch-0 -- Iter [580/623] loss: 0.07, (pos: 0.74, neg: 0.02)
[2025-04-21 11:53:03,908] INFO: Learning rate: 5.89e-05
[2025-04-21 11:53:03,908] INFO: Epoch-0 -- Iter [590/623] loss: 0.20, (pos: 0.74, neg: 0.08)
[2025-04-21 11:53:59,279] INFO: Learning rate: 5.99e-05
[2025-04-21 11:53:59,280] INFO: Epoch-0 -- Iter [600/623] loss: 0.04, (pos: 0.76, neg: 0.04)
[2025-04-21 11:54:53,979] INFO: Learning rate: 6.09e-05
[2025-04-21 11:54:53,979] INFO: Epoch-0 -- Iter [610/623] loss: 0.08, (pos: 0.76, neg: 0.05)
[2025-04-21 11:55:48,497] INFO: Learning rate: 6.19e-05
[2025-04-21 11:55:48,497] INFO: Epoch-0 -- Iter [620/623] loss: 0.03, (pos: 0.74, neg: 0.03)
[2025-04-21 11:56:03,348] INFO: Training time for epoch 0: 58.58 minutes
[2025-04-21 12:06:30,129] INFO: Epoch-0, seen -- Mean err: 3.16, Acc: 1.00, Rec : 1.00, Class and Pose  : 1.00
[2025-04-21 12:06:30,129] INFO: Validation time for epoch 0: 10.45 minutes
[2025-04-21 12:31:42,168] INFO: Epoch-0, seen_occ -- Mean err: 8.80, Acc: 0.90, Rec : 0.84, Class and Pose  : 0.80
[2025-04-21 12:31:42,168] INFO: Validation time for epoch 0: 25.20 minutes
[2025-04-21 12:49:39,467] INFO: Epoch-0, unseen -- Mean err: 5.12, Acc: 0.98, Rec : 1.00, Class and Pose  : 0.98
[2025-04-21 12:49:39,467] INFO: Validation time for epoch 0: 17.95 minutes
[2025-04-21 12:58:20,007] INFO: Epoch-0, unseen_occ -- Mean err: 12.11, Acc: 0.84, Rec : 0.99, Class and Pose  : 0.84
[2025-04-21 12:58:20,007] INFO: Validation time for epoch 0: 8.68 minutes
[2025-04-21 12:58:20,007] INFO: 
Epoch-0: train_loss=0.18920176160293045, seen=0.9979612640163091, seen_occ=0.8045960187353629, unseen=0.9847359735973615, unseen_occ=0.8363483382414816 


[2025-04-21 12:58:25,332] INFO: Learning rate: 6.23e-05
[2025-04-21 12:58:25,332] INFO: Epoch-1 -- Iter [1/623] loss: 0.07, (pos: 0.73, neg: 0.04)
[2025-04-21 12:59:12,463] INFO: Learning rate: 6.32e-05
[2025-04-21 12:59:12,463] INFO: Epoch-1 -- Iter [10/623] loss: 0.03, (pos: 0.73, neg: 0.04)
[2025-04-21 13:00:04,090] INFO: Learning rate: 6.42e-05
[2025-04-21 13:00:04,090] INFO: Epoch-1 -- Iter [20/623] loss: 0.03, (pos: 0.73, neg: 0.05)
[2025-04-21 13:00:55,595] INFO: Learning rate: 6.52e-05
[2025-04-21 13:00:55,596] INFO: Epoch-1 -- Iter [30/623] loss: 0.04, (pos: 0.74, neg: 0.03)
[2025-04-21 13:01:47,049] INFO: Learning rate: 6.620000000000001e-05
[2025-04-21 13:01:47,050] INFO: Epoch-1 -- Iter [40/623] loss: 0.05, (pos: 0.74, neg: 0.05)
[2025-04-21 13:02:38,204] INFO: Learning rate: 6.720000000000001e-05
[2025-04-21 13:02:38,204] INFO: Epoch-1 -- Iter [50/623] loss: 0.07, (pos: 0.73, neg: 0.02)
[2025-04-21 13:03:29,288] INFO: Learning rate: 6.82e-05
[2025-04-21 13:03:29,288] INFO: Epoch-1 -- Iter [60/623] loss: 0.02, (pos: 0.74, neg: 0.02)
[2025-04-21 13:04:20,775] INFO: Learning rate: 6.92e-05
[2025-04-21 13:04:20,775] INFO: Epoch-1 -- Iter [70/623] loss: 0.02, (pos: 0.73, neg: 0.03)
[2025-04-21 13:05:11,971] INFO: Learning rate: 7.02e-05
[2025-04-21 13:05:11,971] INFO: Epoch-1 -- Iter [80/623] loss: 0.02, (pos: 0.73, neg: 0.01)
[2025-04-21 13:06:02,764] INFO: Learning rate: 7.12e-05
[2025-04-21 13:06:02,764] INFO: Epoch-1 -- Iter [90/623] loss: 0.03, (pos: 0.74, neg: 0.02)
[2025-04-21 13:06:54,057] INFO: Learning rate: 7.22e-05
[2025-04-21 13:06:54,057] INFO: Epoch-1 -- Iter [100/623] loss: 0.08, (pos: 0.73, neg: 0.06)
[2025-04-21 13:07:45,058] INFO: Learning rate: 7.32e-05
[2025-04-21 13:07:45,058] INFO: Epoch-1 -- Iter [110/623] loss: 0.04, (pos: 0.73, neg: 0.02)
[2025-04-21 13:08:35,908] INFO: Learning rate: 7.42e-05
[2025-04-21 13:08:35,908] INFO: Epoch-1 -- Iter [120/623] loss: 0.19, (pos: 0.72, neg: 0.06)
[2025-04-21 13:09:26,733] INFO: Learning rate: 7.52e-05
[2025-04-21 13:09:26,733] INFO: Epoch-1 -- Iter [130/623] loss: 0.06, (pos: 0.76, neg: 0.04)
[2025-04-21 13:10:17,849] INFO: Learning rate: 7.620000000000001e-05
[2025-04-21 13:10:17,850] INFO: Epoch-1 -- Iter [140/623] loss: 0.22, (pos: 0.74, neg: 0.06)
[2025-04-21 13:11:08,856] INFO: Learning rate: 7.72e-05
[2025-04-21 13:11:08,856] INFO: Epoch-1 -- Iter [150/623] loss: 0.08, (pos: 0.73, neg: 0.06)
[2025-04-21 13:11:59,794] INFO: Learning rate: 7.82e-05
[2025-04-21 13:11:59,794] INFO: Epoch-1 -- Iter [160/623] loss: 0.03, (pos: 0.74, neg: 0.04)
[2025-04-21 13:12:50,948] INFO: Learning rate: 7.920000000000001e-05
[2025-04-21 13:12:50,948] INFO: Epoch-1 -- Iter [170/623] loss: 0.12, (pos: 0.76, neg: 0.09)
[2025-04-21 13:13:41,903] INFO: Learning rate: 8.020000000000001e-05
[2025-04-21 13:13:41,903] INFO: Epoch-1 -- Iter [180/623] loss: 0.02, (pos: 0.75, neg: 0.04)
[2025-04-21 13:14:32,938] INFO: Learning rate: 8.120000000000001e-05
[2025-04-21 13:14:32,938] INFO: Epoch-1 -- Iter [190/623] loss: 0.05, (pos: 0.75, neg: 0.04)
[2025-04-21 13:15:24,142] INFO: Learning rate: 8.22e-05
[2025-04-21 13:15:24,142] INFO: Epoch-1 -- Iter [200/623] loss: 0.11, (pos: 0.73, neg: 0.06)
[2025-04-21 13:16:15,109] INFO: Learning rate: 8.32e-05
[2025-04-21 13:16:15,109] INFO: Epoch-1 -- Iter [210/623] loss: 0.02, (pos: 0.72, neg: 0.01)
[2025-04-21 13:17:06,364] INFO: Learning rate: 8.42e-05
[2025-04-21 13:17:06,364] INFO: Epoch-1 -- Iter [220/623] loss: 0.02, (pos: 0.74, neg: 0.03)
[2025-04-21 13:17:57,955] INFO: Learning rate: 8.52e-05
[2025-04-21 13:17:57,955] INFO: Epoch-1 -- Iter [230/623] loss: 0.09, (pos: 0.74, neg: 0.05)
[2025-04-21 13:18:48,619] INFO: Learning rate: 8.620000000000001e-05
[2025-04-21 13:18:48,619] INFO: Epoch-1 -- Iter [240/623] loss: 0.05, (pos: 0.75, neg: 0.03)
[2025-04-21 13:19:39,645] INFO: Learning rate: 8.72e-05
[2025-04-21 13:19:39,646] INFO: Epoch-1 -- Iter [250/623] loss: 0.04, (pos: 0.73, neg: 0.03)
[2025-04-21 13:20:30,963] INFO: Learning rate: 8.82e-05
[2025-04-21 13:20:30,963] INFO: Epoch-1 -- Iter [260/623] loss: 0.11, (pos: 0.73, neg: 0.05)
[2025-04-21 13:21:22,341] INFO: Learning rate: 8.92e-05
[2025-04-21 13:21:22,341] INFO: Epoch-1 -- Iter [270/623] loss: 0.05, (pos: 0.76, neg: 0.05)
[2025-04-21 13:22:13,536] INFO: Learning rate: 9.020000000000001e-05
[2025-04-21 13:22:13,536] INFO: Epoch-1 -- Iter [280/623] loss: 0.02, (pos: 0.76, neg: 0.04)
[2025-04-21 13:23:04,831] INFO: Learning rate: 9.120000000000001e-05
[2025-04-21 13:23:04,831] INFO: Epoch-1 -- Iter [290/623] loss: 0.02, (pos: 0.78, neg: 0.05)
[2025-04-21 13:23:55,866] INFO: Learning rate: 9.22e-05
[2025-04-21 13:23:55,866] INFO: Epoch-1 -- Iter [300/623] loss: 0.02, (pos: 0.74, neg: 0.01)
[2025-04-21 13:24:47,364] INFO: Learning rate: 9.320000000000002e-05
[2025-04-21 13:24:47,365] INFO: Epoch-1 -- Iter [310/623] loss: 0.04, (pos: 0.77, neg: 0.04)
[2025-04-21 13:25:38,447] INFO: Learning rate: 9.42e-05
[2025-04-21 13:25:38,447] INFO: Epoch-1 -- Iter [320/623] loss: 0.02, (pos: 0.76, neg: 0.03)
[2025-04-21 13:26:29,324] INFO: Learning rate: 9.52e-05
[2025-04-21 13:26:29,324] INFO: Epoch-1 -- Iter [330/623] loss: 0.01, (pos: 0.77, neg: 0.02)
[2025-04-21 13:27:20,374] INFO: Learning rate: 9.620000000000001e-05
[2025-04-21 13:27:20,374] INFO: Epoch-1 -- Iter [340/623] loss: 0.03, (pos: 0.75, neg: 0.03)
[2025-04-21 13:28:11,633] INFO: Learning rate: 9.72e-05
[2025-04-21 13:28:11,633] INFO: Epoch-1 -- Iter [350/623] loss: 0.07, (pos: 0.73, neg: 0.03)
[2025-04-21 13:29:02,338] INFO: Learning rate: 9.82e-05
[2025-04-21 13:29:02,338] INFO: Epoch-1 -- Iter [360/623] loss: 0.09, (pos: 0.74, neg: 0.03)
[2025-04-21 13:29:53,602] INFO: Learning rate: 9.92e-05
[2025-04-21 13:29:53,602] INFO: Epoch-1 -- Iter [370/623] loss: 0.05, (pos: 0.77, neg: 0.04)
[2025-04-21 13:30:45,082] INFO: Epoch-1 -- Iter [380/623] loss: 0.02, (pos: 0.75, neg: 0.02)
[2025-04-21 13:31:36,080] INFO: Epoch-1 -- Iter [390/623] loss: 0.12, (pos: 0.70, neg: 0.02)
[2025-04-21 13:32:27,441] INFO: Epoch-1 -- Iter [400/623] loss: 0.01, (pos: 0.76, neg: 0.02)
[2025-04-21 13:33:18,957] INFO: Epoch-1 -- Iter [410/623] loss: 0.01, (pos: 0.77, neg: 0.04)
[2025-04-21 13:34:10,068] INFO: Epoch-1 -- Iter [420/623] loss: 0.04, (pos: 0.77, neg: 0.05)
[2025-04-21 13:35:01,715] INFO: Epoch-1 -- Iter [430/623] loss: 0.07, (pos: 0.77, neg: 0.04)
[2025-04-21 13:35:53,250] INFO: Epoch-1 -- Iter [440/623] loss: 0.12, (pos: 0.75, neg: 0.02)
[2025-04-21 13:36:44,781] INFO: Epoch-1 -- Iter [450/623] loss: 0.02, (pos: 0.75, neg: 0.02)
[2025-04-21 13:37:36,069] INFO: Epoch-1 -- Iter [460/623] loss: 0.03, (pos: 0.75, neg: 0.01)
[2025-04-21 13:38:52,773] INFO: Epoch-1 -- Iter [470/623] loss: 0.03, (pos: 0.76, neg: 0.04)
[2025-04-21 13:40:11,786] INFO: Epoch-1 -- Iter [480/623] loss: 0.08, (pos: 0.76, neg: 0.04)
[2025-04-21 13:41:03,929] INFO: Epoch-1 -- Iter [490/623] loss: 0.02, (pos: 0.78, neg: 0.05)
[2025-04-21 13:41:59,191] INFO: Epoch-1 -- Iter [500/623] loss: 0.07, (pos: 0.75, neg: 0.02)
[2025-04-21 13:42:54,640] INFO: Epoch-1 -- Iter [510/623] loss: 0.17, (pos: 0.71, neg: 0.02)
[2025-04-21 13:43:49,656] INFO: Epoch-1 -- Iter [520/623] loss: 0.05, (pos: 0.74, neg: -0.01)
[2025-04-21 13:44:42,401] INFO: Epoch-1 -- Iter [530/623] loss: 0.12, (pos: 0.73, neg: 0.03)
[2025-04-21 13:45:33,460] INFO: Epoch-1 -- Iter [540/623] loss: 0.06, (pos: 0.75, neg: 0.04)
[2025-04-21 13:46:26,975] INFO: Epoch-1 -- Iter [550/623] loss: 0.02, (pos: 0.73, neg: -0.02)
[2025-04-21 13:47:19,033] INFO: Epoch-1 -- Iter [560/623] loss: 0.11, (pos: 0.77, neg: 0.05)
[2025-04-21 13:48:09,830] INFO: Epoch-1 -- Iter [570/623] loss: 0.09, (pos: 0.74, neg: 0.04)
[2025-04-21 13:49:00,710] INFO: Epoch-1 -- Iter [580/623] loss: 0.06, (pos: 0.76, neg: 0.02)
[2025-04-21 13:49:52,018] INFO: Epoch-1 -- Iter [590/623] loss: 0.14, (pos: 0.75, neg: 0.05)
[2025-04-21 13:50:42,837] INFO: Epoch-1 -- Iter [600/623] loss: 0.03, (pos: 0.77, neg: 0.02)
[2025-04-21 13:51:34,159] INFO: Epoch-1 -- Iter [610/623] loss: 0.05, (pos: 0.77, neg: 0.04)
[2025-04-21 13:52:25,483] INFO: Epoch-1 -- Iter [620/623] loss: 0.02, (pos: 0.76, neg: 0.02)
[2025-04-21 13:52:39,418] INFO: Training time for epoch 1: 54.32 minutes
[2025-04-21 14:02:19,195] INFO: Epoch-1, seen -- Mean err: 2.94, Acc: 1.00, Rec : 1.00, Class and Pose  : 1.00
[2025-04-21 14:02:19,195] INFO: Validation time for epoch 1: 9.66 minutes
[2025-04-21 14:25:45,476] INFO: Epoch-1, seen_occ -- Mean err: 8.58, Acc: 0.90, Rec : 0.85, Class and Pose  : 0.81
[2025-04-21 14:25:45,476] INFO: Validation time for epoch 1: 23.44 minutes
[2025-04-22 20:23:08,480] INFO: Model's weights at ./dataset/results/weights/LM_Diffusion_split1
[2025-04-22 20:34:01,844] INFO: Model's weights at ./dataset/results/weights/LM_Diffusion_split1
[2025-04-22 20:39:08,371] INFO: Model's weights at ./dataset/results/weights/LM_Diffusion_split1
[2025-04-22 20:41:18,632] INFO: Model's weights at ./dataset/results/weights/LM_Diffusion_split1
[2025-04-22 20:43:33,293] INFO: Model's weights at ./dataset/results/weights/LM_Diffusion_split1
[2025-04-22 20:44:41,202] INFO: Model's weights at ./dataset/results/weights/LM_Diffusion_split1
[2025-04-22 20:45:56,429] INFO: Model's weights at ./dataset/results/weights/LM_Diffusion_split1
[2025-04-22 20:46:46,151] INFO: Model's weights at ./dataset/results/weights/LM_Diffusion_split1
[2025-04-22 20:48:18,789] INFO: Model's weights at ./dataset/results/weights/LM_Diffusion_split1
[2025-04-22 20:49:03,824] INFO: Learning rate: 6.23e-05
[2025-04-22 20:49:03,825] INFO: Epoch-1 -- Iter [1/623] loss: 0.07, (pos: 0.73, neg: 0.04)
[2025-04-22 20:49:59,237] INFO: Learning rate: 6.32e-05
[2025-04-22 20:49:59,237] INFO: Epoch-1 -- Iter [10/623] loss: 0.04, (pos: 0.72, neg: 0.06)
[2025-04-22 20:51:00,207] INFO: Learning rate: 6.42e-05
[2025-04-22 20:51:00,207] INFO: Epoch-1 -- Iter [20/623] loss: 0.03, (pos: 0.74, neg: 0.07)
[2025-04-22 20:52:00,558] INFO: Learning rate: 6.52e-05
[2025-04-22 20:52:00,558] INFO: Epoch-1 -- Iter [30/623] loss: 0.04, (pos: 0.77, neg: 0.05)
[2025-04-22 20:53:01,060] INFO: Learning rate: 6.620000000000001e-05
[2025-04-22 20:53:01,061] INFO: Epoch-1 -- Iter [40/623] loss: 0.06, (pos: 0.75, neg: 0.06)
[2025-04-22 20:54:01,395] INFO: Learning rate: 6.720000000000001e-05
[2025-04-22 20:54:01,396] INFO: Epoch-1 -- Iter [50/623] loss: 0.07, (pos: 0.72, neg: 0.02)
[2025-04-22 20:55:01,393] INFO: Learning rate: 6.82e-05
[2025-04-22 20:55:01,393] INFO: Epoch-1 -- Iter [60/623] loss: 0.02, (pos: 0.74, neg: 0.02)
[2025-04-22 20:55:59,814] INFO: Learning rate: 6.92e-05
[2025-04-22 20:55:59,815] INFO: Epoch-1 -- Iter [70/623] loss: 0.02, (pos: 0.73, neg: 0.04)
[2025-04-22 20:56:58,248] INFO: Learning rate: 7.02e-05
[2025-04-22 20:56:58,248] INFO: Epoch-1 -- Iter [80/623] loss: 0.02, (pos: 0.74, neg: 0.03)
[2025-04-22 20:57:56,528] INFO: Learning rate: 7.12e-05
[2025-04-22 20:57:56,529] INFO: Epoch-1 -- Iter [90/623] loss: 0.03, (pos: 0.74, neg: 0.02)
[2025-04-22 20:58:55,286] INFO: Learning rate: 7.22e-05
[2025-04-22 20:58:55,287] INFO: Epoch-1 -- Iter [100/623] loss: 0.07, (pos: 0.73, neg: 0.06)
[2025-04-22 20:59:52,729] INFO: Learning rate: 7.32e-05
[2025-04-22 20:59:52,729] INFO: Epoch-1 -- Iter [110/623] loss: 0.04, (pos: 0.75, neg: 0.03)
[2025-04-22 21:00:50,722] INFO: Learning rate: 7.42e-05
[2025-04-22 21:00:50,722] INFO: Epoch-1 -- Iter [120/623] loss: 0.18, (pos: 0.73, neg: 0.06)
[2025-04-22 21:01:48,518] INFO: Learning rate: 7.52e-05
[2025-04-22 21:01:48,519] INFO: Epoch-1 -- Iter [130/623] loss: 0.08, (pos: 0.77, neg: 0.08)
[2025-04-22 21:02:45,927] INFO: Learning rate: 7.620000000000001e-05
[2025-04-22 21:02:45,927] INFO: Epoch-1 -- Iter [140/623] loss: 0.21, (pos: 0.75, neg: 0.06)
[2025-04-22 21:03:43,602] INFO: Learning rate: 7.72e-05
[2025-04-22 21:03:43,602] INFO: Epoch-1 -- Iter [150/623] loss: 0.08, (pos: 0.73, neg: 0.04)
[2025-04-22 21:04:40,648] INFO: Learning rate: 7.82e-05
[2025-04-22 21:04:40,648] INFO: Epoch-1 -- Iter [160/623] loss: 0.03, (pos: 0.75, neg: 0.05)
[2025-04-22 21:05:37,970] INFO: Learning rate: 7.920000000000001e-05
[2025-04-22 21:05:37,970] INFO: Epoch-1 -- Iter [170/623] loss: 0.13, (pos: 0.76, neg: 0.11)
[2025-04-22 21:06:34,897] INFO: Learning rate: 8.020000000000001e-05
[2025-04-22 21:06:34,898] INFO: Epoch-1 -- Iter [180/623] loss: 0.02, (pos: 0.76, neg: 0.04)
[2025-04-22 21:07:32,049] INFO: Learning rate: 8.120000000000001e-05
[2025-04-22 21:07:32,049] INFO: Epoch-1 -- Iter [190/623] loss: 0.05, (pos: 0.76, neg: 0.06)
[2025-04-22 21:08:29,037] INFO: Learning rate: 8.22e-05
[2025-04-22 21:08:29,037] INFO: Epoch-1 -- Iter [200/623] loss: 0.11, (pos: 0.73, neg: 0.04)
[2025-04-22 21:09:25,732] INFO: Learning rate: 8.32e-05
[2025-04-22 21:09:25,732] INFO: Epoch-1 -- Iter [210/623] loss: 0.03, (pos: 0.72, neg: 0.01)
[2025-04-22 21:10:22,593] INFO: Learning rate: 8.42e-05
[2025-04-22 21:10:22,593] INFO: Epoch-1 -- Iter [220/623] loss: 0.02, (pos: 0.76, neg: 0.03)
[2025-04-22 21:11:18,882] INFO: Learning rate: 8.52e-05
[2025-04-22 21:11:18,882] INFO: Epoch-1 -- Iter [230/623] loss: 0.09, (pos: 0.75, neg: 0.05)
[2025-04-22 21:12:14,808] INFO: Learning rate: 8.620000000000001e-05
[2025-04-22 21:12:14,808] INFO: Epoch-1 -- Iter [240/623] loss: 0.06, (pos: 0.74, neg: 0.03)
[2025-04-22 21:13:11,672] INFO: Learning rate: 8.72e-05
[2025-04-22 21:13:11,672] INFO: Epoch-1 -- Iter [250/623] loss: 0.05, (pos: 0.74, neg: 0.03)
[2025-04-22 21:14:07,701] INFO: Learning rate: 8.82e-05
[2025-04-22 21:14:07,701] INFO: Epoch-1 -- Iter [260/623] loss: 0.11, (pos: 0.74, neg: 0.07)
[2025-04-22 21:15:03,530] INFO: Learning rate: 8.92e-05
[2025-04-22 21:15:03,530] INFO: Epoch-1 -- Iter [270/623] loss: 0.05, (pos: 0.76, neg: 0.05)
[2025-04-22 21:15:59,727] INFO: Learning rate: 9.020000000000001e-05
[2025-04-22 21:15:59,727] INFO: Epoch-1 -- Iter [280/623] loss: 0.02, (pos: 0.78, neg: 0.09)
[2025-04-22 21:16:55,506] INFO: Learning rate: 9.120000000000001e-05
[2025-04-22 21:16:55,506] INFO: Epoch-1 -- Iter [290/623] loss: 0.02, (pos: 0.80, neg: 0.10)
[2025-04-22 21:17:51,607] INFO: Learning rate: 9.22e-05
[2025-04-22 21:17:51,607] INFO: Epoch-1 -- Iter [300/623] loss: 0.01, (pos: 0.75, neg: 0.01)
[2025-04-22 21:18:47,993] INFO: Learning rate: 9.320000000000002e-05
[2025-04-22 21:18:47,993] INFO: Epoch-1 -- Iter [310/623] loss: 0.03, (pos: 0.78, neg: 0.03)
[2025-04-22 21:19:44,120] INFO: Learning rate: 9.42e-05
[2025-04-22 21:19:44,121] INFO: Epoch-1 -- Iter [320/623] loss: 0.01, (pos: 0.78, neg: 0.02)
[2025-04-22 21:20:40,525] INFO: Learning rate: 9.52e-05
[2025-04-22 21:20:40,526] INFO: Epoch-1 -- Iter [330/623] loss: 0.01, (pos: 0.78, neg: 0.02)
[2025-04-22 21:21:36,571] INFO: Learning rate: 9.620000000000001e-05
[2025-04-22 21:21:36,571] INFO: Epoch-1 -- Iter [340/623] loss: 0.03, (pos: 0.76, neg: 0.05)
[2025-04-22 21:22:32,884] INFO: Learning rate: 9.72e-05
[2025-04-22 21:22:32,884] INFO: Epoch-1 -- Iter [350/623] loss: 0.06, (pos: 0.74, neg: 0.04)
[2025-04-22 21:23:29,010] INFO: Learning rate: 9.82e-05
[2025-04-22 21:23:29,010] INFO: Epoch-1 -- Iter [360/623] loss: 0.09, (pos: 0.76, neg: 0.03)
[2025-04-22 21:24:24,634] INFO: Learning rate: 9.92e-05
[2025-04-22 21:24:24,634] INFO: Epoch-1 -- Iter [370/623] loss: 0.05, (pos: 0.78, neg: 0.04)
[2025-04-22 21:25:20,190] INFO: Epoch-1 -- Iter [380/623] loss: 0.02, (pos: 0.76, neg: 0.02)
[2025-04-22 21:26:16,197] INFO: Epoch-1 -- Iter [390/623] loss: 0.12, (pos: 0.70, neg: 0.02)
[2025-04-22 21:27:12,056] INFO: Epoch-1 -- Iter [400/623] loss: 0.01, (pos: 0.77, neg: 0.02)
[2025-04-22 21:28:07,944] INFO: Epoch-1 -- Iter [410/623] loss: 0.01, (pos: 0.78, neg: 0.04)
[2025-04-22 21:29:03,690] INFO: Epoch-1 -- Iter [420/623] loss: 0.04, (pos: 0.77, neg: 0.05)
[2025-04-22 21:29:59,555] INFO: Epoch-1 -- Iter [430/623] loss: 0.07, (pos: 0.78, neg: 0.05)
[2025-04-22 21:30:55,560] INFO: Epoch-1 -- Iter [440/623] loss: 0.11, (pos: 0.76, neg: 0.01)
[2025-04-22 21:31:51,099] INFO: Epoch-1 -- Iter [450/623] loss: 0.02, (pos: 0.77, neg: 0.04)
[2025-04-22 21:32:47,171] INFO: Epoch-1 -- Iter [460/623] loss: 0.03, (pos: 0.76, neg: 0.02)
[2025-04-22 21:33:43,335] INFO: Epoch-1 -- Iter [470/623] loss: 0.03, (pos: 0.77, neg: 0.07)
[2025-04-22 21:34:39,533] INFO: Epoch-1 -- Iter [480/623] loss: 0.08, (pos: 0.78, neg: 0.04)
[2025-04-22 21:35:35,554] INFO: Epoch-1 -- Iter [490/623] loss: 0.02, (pos: 0.79, neg: 0.04)
[2025-04-22 21:36:31,308] INFO: Epoch-1 -- Iter [500/623] loss: 0.06, (pos: 0.76, neg: 0.02)
[2025-04-22 21:37:27,544] INFO: Epoch-1 -- Iter [510/623] loss: 0.21, (pos: 0.72, neg: 0.03)
[2025-04-22 21:38:23,569] INFO: Epoch-1 -- Iter [520/623] loss: 0.05, (pos: 0.75, neg: 0.03)
[2025-04-22 21:39:19,543] INFO: Epoch-1 -- Iter [530/623] loss: 0.12, (pos: 0.73, neg: 0.02)
[2025-04-22 21:40:15,496] INFO: Epoch-1 -- Iter [540/623] loss: 0.06, (pos: 0.77, neg: 0.06)
[2025-04-22 21:41:10,384] INFO: Epoch-1 -- Iter [550/623] loss: 0.02, (pos: 0.73, neg: -0.01)
[2025-04-22 21:42:06,001] INFO: Epoch-1 -- Iter [560/623] loss: 0.11, (pos: 0.78, neg: 0.05)
[2025-04-22 21:43:01,326] INFO: Epoch-1 -- Iter [570/623] loss: 0.09, (pos: 0.74, neg: 0.03)
[2025-04-22 21:43:56,587] INFO: Epoch-1 -- Iter [580/623] loss: 0.06, (pos: 0.76, neg: 0.01)
[2025-04-22 21:44:51,609] INFO: Epoch-1 -- Iter [590/623] loss: 0.13, (pos: 0.76, neg: 0.05)
[2025-04-22 21:45:46,954] INFO: Epoch-1 -- Iter [600/623] loss: 0.03, (pos: 0.77, neg: 0.02)
[2025-04-22 21:46:42,536] INFO: Epoch-1 -- Iter [610/623] loss: 0.05, (pos: 0.78, neg: 0.04)
[2025-04-22 21:47:37,872] INFO: Epoch-1 -- Iter [620/623] loss: 0.01, (pos: 0.75, neg: 0.01)
[2025-04-22 21:47:53,127] INFO: Training time for epoch 1: 59.36 minutes
[2025-04-22 21:58:32,661] INFO: Epoch-1, seen -- Mean err: 2.88, Acc: 1.00, Rec : 1.00, Class and Pose  : 1.00
[2025-04-22 21:58:32,661] INFO: Validation time for epoch 1: 10.66 minutes
[2025-04-22 22:24:00,915] INFO: Epoch-1, seen_occ -- Mean err: 8.73, Acc: 0.90, Rec : 0.84, Class and Pose  : 0.81
[2025-04-22 22:24:00,915] INFO: Validation time for epoch 1: 25.47 minutes
[2025-04-22 22:42:57,214] INFO: Epoch-1, unseen -- Mean err: 5.18, Acc: 0.98, Rec : 1.00, Class and Pose  : 0.98
[2025-04-22 22:42:57,214] INFO: Validation time for epoch 1: 18.94 minutes
[2025-04-22 22:51:43,956] INFO: Epoch-1, unseen_occ -- Mean err: 13.25, Acc: 0.81, Rec : 0.98, Class and Pose  : 0.81
[2025-04-22 22:51:43,956] INFO: Validation time for epoch 1: 8.78 minutes
[2025-04-22 22:51:43,957] INFO: 
Epoch-1: train_loss=0.05562148876297606, seen=1.0, seen_occ=0.8070843091334896, unseen=0.9828795379537949, unseen_occ=0.8119478334034514 


[2025-04-22 22:51:49,568] INFO: Epoch-2 -- Iter [1/623] loss: 0.05, (pos: 0.76, neg: 0.05)
[2025-04-22 22:52:36,690] INFO: Epoch-2 -- Iter [10/623] loss: 0.02, (pos: 0.76, neg: 0.03)
[2025-04-22 22:53:28,406] INFO: Epoch-2 -- Iter [20/623] loss: 0.01, (pos: 0.75, neg: 0.02)
[2025-04-22 22:54:20,418] INFO: Epoch-2 -- Iter [30/623] loss: 0.02, (pos: 0.77, neg: 0.02)
[2025-04-22 22:55:12,613] INFO: Epoch-2 -- Iter [40/623] loss: 0.04, (pos: 0.77, neg: 0.03)
[2025-04-22 22:56:04,230] INFO: Epoch-2 -- Iter [50/623] loss: 0.05, (pos: 0.75, neg: 0.01)
[2025-04-22 22:56:55,916] INFO: Epoch-2 -- Iter [60/623] loss: 0.01, (pos: 0.76, neg: 0.02)
[2025-04-22 22:57:48,024] INFO: Epoch-2 -- Iter [70/623] loss: 0.02, (pos: 0.75, neg: 0.03)
[2025-04-22 22:58:39,725] INFO: Epoch-2 -- Iter [80/623] loss: 0.01, (pos: 0.74, neg: -0.00)
[2025-04-22 22:59:31,412] INFO: Epoch-2 -- Iter [90/623] loss: 0.02, (pos: 0.75, neg: 0.01)
[2025-04-22 23:00:22,866] INFO: Epoch-2 -- Iter [100/623] loss: 0.06, (pos: 0.75, neg: 0.06)
[2025-04-22 23:01:14,366] INFO: Epoch-2 -- Iter [110/623] loss: 0.02, (pos: 0.76, neg: 0.01)
[2025-04-22 23:02:05,717] INFO: Epoch-2 -- Iter [120/623] loss: 0.14, (pos: 0.75, neg: 0.05)
[2025-04-22 23:02:57,275] INFO: Epoch-2 -- Iter [130/623] loss: 0.04, (pos: 0.75, neg: 0.01)
[2025-04-22 23:03:48,642] INFO: Epoch-2 -- Iter [140/623] loss: 0.18, (pos: 0.76, neg: 0.05)
[2025-04-22 23:04:40,221] INFO: Epoch-2 -- Iter [150/623] loss: 0.05, (pos: 0.75, neg: 0.03)
[2025-04-22 23:05:32,052] INFO: Epoch-2 -- Iter [160/623] loss: 0.02, (pos: 0.77, neg: 0.03)
[2025-04-22 23:06:23,401] INFO: Epoch-2 -- Iter [170/623] loss: 0.07, (pos: 0.76, neg: 0.07)
[2025-04-22 23:07:14,918] INFO: Epoch-2 -- Iter [180/623] loss: 0.01, (pos: 0.76, neg: 0.01)
[2025-04-22 23:08:06,380] INFO: Epoch-2 -- Iter [190/623] loss: 0.03, (pos: 0.76, neg: 0.04)
[2025-04-22 23:08:57,850] INFO: Epoch-2 -- Iter [200/623] loss: 0.10, (pos: 0.74, neg: 0.03)
[2025-04-22 23:09:49,123] INFO: Epoch-2 -- Iter [210/623] loss: 0.02, (pos: 0.74, neg: 0.01)
[2025-04-22 23:10:40,598] INFO: Epoch-2 -- Iter [220/623] loss: 0.02, (pos: 0.78, neg: 0.02)
[2025-04-22 23:11:31,977] INFO: Epoch-2 -- Iter [230/623] loss: 0.08, (pos: 0.76, neg: 0.03)
[2025-04-22 23:12:23,396] INFO: Epoch-2 -- Iter [240/623] loss: 0.03, (pos: 0.77, neg: 0.02)
[2025-04-22 23:13:15,128] INFO: Epoch-2 -- Iter [250/623] loss: 0.03, (pos: 0.74, neg: 0.01)
[2025-04-22 23:14:06,532] INFO: Epoch-2 -- Iter [260/623] loss: 0.10, (pos: 0.74, neg: 0.03)
[2025-04-22 23:14:57,724] INFO: Epoch-2 -- Iter [270/623] loss: 0.03, (pos: 0.77, neg: 0.04)
[2025-04-22 23:15:49,018] INFO: Epoch-2 -- Iter [280/623] loss: 0.01, (pos: 0.78, neg: 0.02)
[2025-04-22 23:16:40,470] INFO: Epoch-2 -- Iter [290/623] loss: 0.01, (pos: 0.80, neg: 0.05)
[2025-04-22 23:17:31,689] INFO: Epoch-2 -- Iter [300/623] loss: 0.01, (pos: 0.75, neg: -0.00)
[2025-04-22 23:18:23,123] INFO: Epoch-2 -- Iter [310/623] loss: 0.03, (pos: 0.78, neg: 0.03)
[2025-04-22 23:19:14,621] INFO: Epoch-2 -- Iter [320/623] loss: 0.01, (pos: 0.77, neg: 0.00)
[2025-04-22 23:20:05,919] INFO: Epoch-2 -- Iter [330/623] loss: 0.01, (pos: 0.78, neg: 0.00)
[2025-04-22 23:20:57,368] INFO: Epoch-2 -- Iter [340/623] loss: 0.02, (pos: 0.77, neg: 0.03)
[2025-04-22 23:21:48,710] INFO: Epoch-2 -- Iter [350/623] loss: 0.04, (pos: 0.75, neg: 0.02)
[2025-04-22 23:22:40,112] INFO: Epoch-2 -- Iter [360/623] loss: 0.08, (pos: 0.75, neg: 0.01)
[2025-04-22 23:23:31,802] INFO: Epoch-2 -- Iter [370/623] loss: 0.03, (pos: 0.79, neg: 0.03)
[2025-04-22 23:24:23,292] INFO: Epoch-2 -- Iter [380/623] loss: 0.01, (pos: 0.76, neg: 0.01)
[2025-04-22 23:25:14,698] INFO: Epoch-2 -- Iter [390/623] loss: 0.08, (pos: 0.72, neg: 0.00)
[2025-04-22 23:26:06,360] INFO: Epoch-2 -- Iter [400/623] loss: 0.01, (pos: 0.78, neg: 0.01)
[2025-04-22 23:26:57,972] INFO: Epoch-2 -- Iter [410/623] loss: 0.01, (pos: 0.79, neg: 0.04)
[2025-04-22 23:27:49,483] INFO: Epoch-2 -- Iter [420/623] loss: 0.03, (pos: 0.79, neg: 0.05)
[2025-04-22 23:28:40,724] INFO: Epoch-2 -- Iter [430/623] loss: 0.06, (pos: 0.79, neg: 0.03)
[2025-04-22 23:29:32,023] INFO: Epoch-2 -- Iter [440/623] loss: 0.09, (pos: 0.78, neg: 0.01)
[2025-04-22 23:30:23,397] INFO: Epoch-2 -- Iter [450/623] loss: 0.01, (pos: 0.77, neg: 0.02)
[2025-04-22 23:31:14,545] INFO: Epoch-2 -- Iter [460/623] loss: 0.02, (pos: 0.76, neg: 0.02)
[2025-04-22 23:32:05,802] INFO: Epoch-2 -- Iter [470/623] loss: 0.02, (pos: 0.78, neg: 0.02)
[2025-04-22 23:32:57,266] INFO: Epoch-2 -- Iter [480/623] loss: 0.06, (pos: 0.78, neg: 0.03)
[2025-04-22 23:33:48,333] INFO: Epoch-2 -- Iter [490/623] loss: 0.01, (pos: 0.79, neg: 0.02)
[2025-04-22 23:34:39,482] INFO: Epoch-2 -- Iter [500/623] loss: 0.04, (pos: 0.76, neg: 0.01)
[2025-04-22 23:35:30,930] INFO: Epoch-2 -- Iter [510/623] loss: 0.04, (pos: 0.75, neg: 0.02)
[2025-04-22 23:36:22,101] INFO: Epoch-2 -- Iter [520/623] loss: 0.04, (pos: 0.76, neg: 0.01)
[2025-04-22 23:37:13,266] INFO: Epoch-2 -- Iter [530/623] loss: 0.11, (pos: 0.73, neg: 0.02)
[2025-04-22 23:38:04,722] INFO: Epoch-2 -- Iter [540/623] loss: 0.05, (pos: 0.78, neg: 0.06)
[2025-04-22 23:38:56,140] INFO: Epoch-2 -- Iter [550/623] loss: 0.01, (pos: 0.74, neg: -0.01)
[2025-04-22 23:39:47,220] INFO: Epoch-2 -- Iter [560/623] loss: 0.10, (pos: 0.77, neg: 0.05)
[2025-04-22 23:40:38,505] INFO: Epoch-2 -- Iter [570/623] loss: 0.09, (pos: 0.74, neg: 0.02)
[2025-04-22 23:41:29,444] INFO: Epoch-2 -- Iter [580/623] loss: 0.06, (pos: 0.77, neg: 0.02)
[2025-04-22 23:42:20,625] INFO: Epoch-2 -- Iter [590/623] loss: 0.11, (pos: 0.77, neg: 0.04)
[2025-04-22 23:43:11,842] INFO: Epoch-2 -- Iter [600/623] loss: 0.02, (pos: 0.77, neg: 0.00)
[2025-04-22 23:44:03,039] INFO: Epoch-2 -- Iter [610/623] loss: 0.03, (pos: 0.79, neg: 0.04)
[2025-04-22 23:44:54,119] INFO: Epoch-2 -- Iter [620/623] loss: 0.01, (pos: 0.75, neg: 0.00)
[2025-04-22 23:45:08,085] INFO: Training time for epoch 2: 53.39 minutes
[2025-04-22 23:54:58,096] INFO: Epoch-2, seen -- Mean err: 2.78, Acc: 1.00, Rec : 1.00, Class and Pose  : 1.00
[2025-04-22 23:54:58,096] INFO: Validation time for epoch 2: 9.83 minutes
[2025-04-23 00:18:02,799] INFO: Epoch-2, seen_occ -- Mean err: 8.81, Acc: 0.90, Rec : 0.84, Class and Pose  : 0.81
[2025-04-23 00:18:02,799] INFO: Validation time for epoch 2: 23.08 minutes
[2025-04-25 17:50:15,338] INFO: Model's weights at ./dataset/results/weights/LM_Diffusion_split1
[2025-04-25 17:51:35,995] INFO: Epoch-2 -- Iter [1/623] loss: 0.05, (pos: 0.76, neg: 0.05)
[2025-04-25 17:52:28,301] INFO: Epoch-2 -- Iter [10/623] loss: 0.02, (pos: 0.74, neg: 0.02)
[2025-04-25 17:53:26,120] INFO: Epoch-2 -- Iter [20/623] loss: 0.02, (pos: 0.75, neg: 0.01)
[2025-04-25 17:54:23,544] INFO: Epoch-2 -- Iter [30/623] loss: 0.02, (pos: 0.79, neg: 0.03)
[2025-04-25 17:55:20,450] INFO: Epoch-2 -- Iter [40/623] loss: 0.04, (pos: 0.77, neg: 0.04)
[2025-04-25 17:56:17,363] INFO: Epoch-2 -- Iter [50/623] loss: 0.05, (pos: 0.74, neg: 0.02)
[2025-04-25 17:57:13,180] INFO: Epoch-2 -- Iter [60/623] loss: 0.01, (pos: 0.76, neg: 0.02)
[2025-04-25 17:58:09,157] INFO: Epoch-2 -- Iter [70/623] loss: 0.01, (pos: 0.74, neg: 0.02)
[2025-04-25 17:59:05,155] INFO: Epoch-2 -- Iter [80/623] loss: 0.01, (pos: 0.74, neg: 0.01)
[2025-04-25 18:00:00,869] INFO: Epoch-2 -- Iter [90/623] loss: 0.02, (pos: 0.75, neg: 0.01)
[2025-04-25 18:00:56,911] INFO: Epoch-2 -- Iter [100/623] loss: 0.05, (pos: 0.74, neg: 0.04)
[2025-04-25 18:01:52,616] INFO: Epoch-2 -- Iter [110/623] loss: 0.02, (pos: 0.75, neg: 0.00)
[2025-04-25 18:02:48,146] INFO: Epoch-2 -- Iter [120/623] loss: 0.14, (pos: 0.75, neg: 0.05)
[2025-04-25 18:03:43,558] INFO: Epoch-2 -- Iter [130/623] loss: 0.05, (pos: 0.75, neg: 0.05)
[2025-04-25 18:04:38,854] INFO: Epoch-2 -- Iter [140/623] loss: 0.18, (pos: 0.75, neg: 0.05)
[2025-04-25 18:05:34,243] INFO: Epoch-2 -- Iter [150/623] loss: 0.05, (pos: 0.74, neg: 0.03)
[2025-04-25 18:06:29,441] INFO: Epoch-2 -- Iter [160/623] loss: 0.02, (pos: 0.76, neg: 0.03)
[2025-04-25 18:07:24,346] INFO: Epoch-2 -- Iter [170/623] loss: 0.08, (pos: 0.75, neg: 0.08)
[2025-04-25 18:08:19,210] INFO: Epoch-2 -- Iter [180/623] loss: 0.01, (pos: 0.75, neg: -0.00)
[2025-04-25 18:09:14,071] INFO: Epoch-2 -- Iter [190/623] loss: 0.04, (pos: 0.76, neg: 0.04)
[2025-04-25 18:10:08,856] INFO: Epoch-2 -- Iter [200/623] loss: 0.10, (pos: 0.75, neg: 0.03)
[2025-04-25 18:11:03,767] INFO: Epoch-2 -- Iter [210/623] loss: 0.02, (pos: 0.73, neg: 0.01)
[2025-04-25 18:11:58,806] INFO: Epoch-2 -- Iter [220/623] loss: 0.02, (pos: 0.77, neg: 0.03)
[2025-04-25 18:12:53,336] INFO: Epoch-2 -- Iter [230/623] loss: 0.08, (pos: 0.76, neg: 0.04)
[2025-04-25 18:13:47,687] INFO: Epoch-2 -- Iter [240/623] loss: 0.04, (pos: 0.77, neg: 0.02)
[2025-04-25 18:14:42,455] INFO: Epoch-2 -- Iter [250/623] loss: 0.04, (pos: 0.75, neg: 0.02)
[2025-04-25 18:15:37,249] INFO: Epoch-2 -- Iter [260/623] loss: 0.10, (pos: 0.74, neg: 0.04)
[2025-04-25 18:16:31,957] INFO: Epoch-2 -- Iter [270/623] loss: 0.03, (pos: 0.76, neg: 0.05)
[2025-04-25 18:17:26,613] INFO: Epoch-2 -- Iter [280/623] loss: 0.01, (pos: 0.77, neg: 0.03)
[2025-04-25 18:18:21,345] INFO: Epoch-2 -- Iter [290/623] loss: 0.01, (pos: 0.80, neg: 0.06)
[2025-04-25 18:19:16,949] INFO: Epoch-2 -- Iter [300/623] loss: 0.01, (pos: 0.75, neg: -0.01)
[2025-04-25 18:20:12,128] INFO: Epoch-2 -- Iter [310/623] loss: 0.03, (pos: 0.79, neg: 0.03)
[2025-04-25 18:21:06,358] INFO: Epoch-2 -- Iter [320/623] loss: 0.01, (pos: 0.78, neg: 0.01)
[2025-04-25 18:22:01,250] INFO: Epoch-2 -- Iter [330/623] loss: 0.01, (pos: 0.78, neg: 0.01)
[2025-04-25 18:22:56,401] INFO: Epoch-2 -- Iter [340/623] loss: 0.02, (pos: 0.77, neg: 0.04)
[2025-04-25 18:23:50,859] INFO: Epoch-2 -- Iter [350/623] loss: 0.04, (pos: 0.75, neg: 0.03)
[2025-04-25 18:24:46,233] INFO: Epoch-2 -- Iter [360/623] loss: 0.08, (pos: 0.75, neg: 0.02)
[2025-04-25 18:25:40,769] INFO: Epoch-2 -- Iter [370/623] loss: 0.04, (pos: 0.79, neg: 0.04)
[2025-04-25 18:26:35,142] INFO: Epoch-2 -- Iter [380/623] loss: 0.01, (pos: 0.76, neg: 0.01)
[2025-04-25 18:27:29,301] INFO: Epoch-2 -- Iter [390/623] loss: 0.08, (pos: 0.72, neg: 0.00)
[2025-04-25 18:28:23,543] INFO: Epoch-2 -- Iter [400/623] loss: 0.01, (pos: 0.78, neg: 0.02)
[2025-04-25 18:29:17,928] INFO: Epoch-2 -- Iter [410/623] loss: 0.01, (pos: 0.78, neg: 0.03)
[2025-04-25 18:30:11,930] INFO: Epoch-2 -- Iter [420/623] loss: 0.03, (pos: 0.79, neg: 0.04)
[2025-04-25 18:31:05,968] INFO: Epoch-2 -- Iter [430/623] loss: 0.06, (pos: 0.79, neg: 0.04)
[2025-04-25 18:32:00,311] INFO: Epoch-2 -- Iter [440/623] loss: 0.09, (pos: 0.77, neg: 0.01)
[2025-04-25 18:32:54,427] INFO: Epoch-2 -- Iter [450/623] loss: 0.01, (pos: 0.77, neg: 0.03)
[2025-04-25 18:33:49,418] INFO: Epoch-2 -- Iter [460/623] loss: 0.03, (pos: 0.76, neg: 0.01)
[2025-04-25 18:34:43,763] INFO: Epoch-2 -- Iter [470/623] loss: 0.02, (pos: 0.77, neg: 0.02)
[2025-04-25 18:35:38,212] INFO: Epoch-2 -- Iter [480/623] loss: 0.06, (pos: 0.79, neg: 0.03)
[2025-04-25 18:36:32,588] INFO: Epoch-2 -- Iter [490/623] loss: 0.02, (pos: 0.79, neg: 0.03)
[2025-04-25 18:37:27,129] INFO: Epoch-2 -- Iter [500/623] loss: 0.05, (pos: 0.76, neg: 0.01)
[2025-04-25 18:38:21,299] INFO: Epoch-2 -- Iter [510/623] loss: 0.06, (pos: 0.74, neg: 0.02)
[2025-04-25 18:39:15,404] INFO: Epoch-2 -- Iter [520/623] loss: 0.04, (pos: 0.76, neg: 0.03)
[2025-04-25 18:40:09,286] INFO: Epoch-2 -- Iter [530/623] loss: 0.11, (pos: 0.73, neg: 0.01)
[2025-04-25 18:41:03,449] INFO: Epoch-2 -- Iter [540/623] loss: 0.05, (pos: 0.77, neg: 0.05)
[2025-04-25 18:41:57,825] INFO: Epoch-2 -- Iter [550/623] loss: 0.02, (pos: 0.74, neg: -0.00)
[2025-04-25 18:42:52,009] INFO: Epoch-2 -- Iter [560/623] loss: 0.10, (pos: 0.77, neg: 0.06)
[2025-04-25 18:43:46,268] INFO: Epoch-2 -- Iter [570/623] loss: 0.09, (pos: 0.74, neg: 0.02)
[2025-04-25 18:44:40,400] INFO: Epoch-2 -- Iter [580/623] loss: 0.06, (pos: 0.77, neg: 0.02)
[2025-04-25 18:45:34,453] INFO: Epoch-2 -- Iter [590/623] loss: 0.12, (pos: 0.76, neg: 0.04)
[2025-04-25 18:46:28,560] INFO: Epoch-2 -- Iter [600/623] loss: 0.02, (pos: 0.77, neg: -0.00)
[2025-04-25 18:47:22,731] INFO: Epoch-2 -- Iter [610/623] loss: 0.03, (pos: 0.79, neg: 0.04)
[2025-04-25 18:48:16,966] INFO: Epoch-2 -- Iter [620/623] loss: 0.01, (pos: 0.75, neg: 0.01)
[2025-04-25 18:48:31,875] INFO: Training time for epoch 2: 57.41 minutes
[2025-04-25 18:59:11,686] INFO: Epoch-2, seen -- Mean err: 2.80, Acc: 1.00, Rec : 1.00, Class and Pose  : 1.00
[2025-04-25 18:59:11,687] INFO: Validation time for epoch 2: 10.66 minutes
[2025-04-25 19:24:30,537] INFO: Epoch-2, seen_occ -- Mean err: 8.68, Acc: 0.90, Rec : 0.84, Class and Pose  : 0.81
[2025-04-25 19:24:30,538] INFO: Validation time for epoch 2: 25.31 minutes
[2025-04-25 19:42:14,744] INFO: Epoch-2, unseen -- Mean err: 5.28, Acc: 0.98, Rec : 1.00, Class and Pose  : 0.98
[2025-04-25 19:42:14,745] INFO: Validation time for epoch 2: 17.74 minutes
[2025-04-25 19:51:02,730] INFO: Epoch-2, unseen_occ -- Mean err: 14.74, Acc: 0.79, Rec : 0.97, Class and Pose  : 0.79
[2025-04-25 19:51:02,730] INFO: Validation time for epoch 2: 8.80 minutes
[2025-04-25 19:51:02,730] INFO: 
Epoch-2: train_loss=0.0420939280822676, seen=1.0, seen_occ=0.8132318501170945, unseen=0.9764851485148524, unseen_occ=0.78502313840976 


[2025-04-25 19:51:09,232] INFO: Epoch-3 -- Iter [1/623] loss: 0.03, (pos: 0.77, neg: 0.03)
[2025-04-25 19:52:01,263] INFO: Epoch-3 -- Iter [10/623] loss: 0.02, (pos: 0.75, neg: 0.00)
[2025-04-25 19:52:59,215] INFO: Epoch-3 -- Iter [20/623] loss: 0.02, (pos: 0.75, neg: 0.02)
[2025-04-27 10:50:17,989] INFO: Model's weights at ./dataset/results/weights/LM_Diffusion_split1
[2025-04-27 10:51:39,421] INFO: Epoch-3 -- Iter [1/623] loss: 0.03, (pos: 0.77, neg: 0.03)
[2025-04-27 10:52:30,140] INFO: Epoch-3 -- Iter [10/623] loss: 0.02, (pos: 0.74, neg: -0.00)
[2025-04-27 10:53:25,747] INFO: Epoch-3 -- Iter [20/623] loss: 0.01, (pos: 0.76, neg: 0.02)
[2025-04-27 10:54:20,722] INFO: Epoch-3 -- Iter [30/623] loss: 0.02, (pos: 0.79, neg: 0.02)
[2025-04-27 10:55:15,944] INFO: Epoch-3 -- Iter [40/623] loss: 0.03, (pos: 0.77, neg: 0.02)
[2025-04-27 10:56:10,673] INFO: Epoch-3 -- Iter [50/623] loss: 0.05, (pos: 0.74, neg: 0.01)
[2025-04-27 10:57:04,723] INFO: Epoch-3 -- Iter [60/623] loss: 0.01, (pos: 0.77, neg: 0.02)
[2025-04-27 10:57:58,823] INFO: Epoch-3 -- Iter [70/623] loss: 0.01, (pos: 0.75, neg: 0.01)
[2025-04-27 10:58:52,993] INFO: Epoch-3 -- Iter [80/623] loss: 0.01, (pos: 0.75, neg: 0.01)
[2025-04-27 10:59:46,589] INFO: Epoch-3 -- Iter [90/623] loss: 0.02, (pos: 0.75, neg: 0.00)
[2025-04-27 11:00:41,246] INFO: Epoch-3 -- Iter [100/623] loss: 0.04, (pos: 0.76, neg: 0.04)
[2025-04-27 11:01:34,907] INFO: Epoch-3 -- Iter [110/623] loss: 0.01, (pos: 0.75, neg: -0.01)
[2025-04-27 11:02:28,512] INFO: Epoch-3 -- Iter [120/623] loss: 0.11, (pos: 0.76, neg: 0.05)
[2025-04-27 11:03:21,875] INFO: Epoch-3 -- Iter [130/623] loss: 0.04, (pos: 0.75, neg: 0.02)
[2025-04-27 11:04:15,183] INFO: Epoch-3 -- Iter [140/623] loss: 0.16, (pos: 0.75, neg: 0.05)
[2025-04-27 11:05:08,691] INFO: Epoch-3 -- Iter [150/623] loss: 0.04, (pos: 0.74, neg: 0.02)
[2025-04-27 11:06:01,967] INFO: Epoch-3 -- Iter [160/623] loss: 0.02, (pos: 0.76, neg: 0.03)
[2025-04-27 11:06:55,165] INFO: Epoch-3 -- Iter [170/623] loss: 0.06, (pos: 0.76, neg: 0.08)
[2025-04-27 11:07:48,078] INFO: Epoch-3 -- Iter [180/623] loss: 0.01, (pos: 0.76, neg: -0.01)
[2025-04-27 11:08:41,058] INFO: Epoch-3 -- Iter [190/623] loss: 0.03, (pos: 0.77, neg: 0.03)
[2025-04-27 11:09:33,955] INFO: Epoch-3 -- Iter [200/623] loss: 0.09, (pos: 0.75, neg: 0.02)
[2025-04-27 11:10:27,138] INFO: Epoch-3 -- Iter [210/623] loss: 0.02, (pos: 0.73, neg: 0.01)
[2025-04-27 11:11:20,027] INFO: Epoch-3 -- Iter [220/623] loss: 0.01, (pos: 0.78, neg: 0.02)
[2025-04-27 11:12:13,020] INFO: Epoch-3 -- Iter [230/623] loss: 0.08, (pos: 0.76, neg: 0.03)
[2025-04-27 11:13:05,983] INFO: Epoch-3 -- Iter [240/623] loss: 0.03, (pos: 0.77, neg: 0.01)
[2025-04-27 11:13:58,893] INFO: Epoch-3 -- Iter [250/623] loss: 0.03, (pos: 0.75, neg: 0.01)
[2025-04-27 11:14:51,874] INFO: Epoch-3 -- Iter [260/623] loss: 0.09, (pos: 0.75, neg: 0.04)
[2025-04-27 11:15:44,212] INFO: Epoch-3 -- Iter [270/623] loss: 0.03, (pos: 0.76, neg: 0.04)
[2025-04-27 11:16:36,691] INFO: Epoch-3 -- Iter [280/623] loss: 0.01, (pos: 0.78, neg: 0.02)
[2025-04-27 11:17:29,223] INFO: Epoch-3 -- Iter [290/623] loss: 0.01, (pos: 0.80, neg: 0.05)
[2025-04-27 11:18:21,791] INFO: Epoch-3 -- Iter [300/623] loss: 0.01, (pos: 0.75, neg: -0.01)
[2025-04-27 11:19:14,388] INFO: Epoch-3 -- Iter [310/623] loss: 0.02, (pos: 0.79, neg: 0.03)
[2025-04-27 11:20:06,823] INFO: Epoch-3 -- Iter [320/623] loss: 0.01, (pos: 0.77, neg: -0.01)
[2025-04-27 11:20:59,519] INFO: Epoch-3 -- Iter [330/623] loss: 0.01, (pos: 0.77, neg: -0.00)
[2025-04-27 11:21:51,948] INFO: Epoch-3 -- Iter [340/623] loss: 0.02, (pos: 0.78, neg: 0.03)
[2025-04-27 11:22:44,438] INFO: Epoch-3 -- Iter [350/623] loss: 0.03, (pos: 0.76, neg: 0.02)
[2025-04-27 11:23:36,914] INFO: Epoch-3 -- Iter [360/623] loss: 0.07, (pos: 0.75, neg: 0.00)
[2025-04-27 11:24:29,454] INFO: Epoch-3 -- Iter [370/623] loss: 0.03, (pos: 0.78, neg: 0.03)
[2025-04-27 11:25:21,905] INFO: Epoch-3 -- Iter [380/623] loss: 0.01, (pos: 0.76, neg: 0.01)
[2025-04-27 11:26:14,279] INFO: Epoch-3 -- Iter [390/623] loss: 0.06, (pos: 0.73, neg: 0.01)
[2025-04-27 11:27:06,392] INFO: Epoch-3 -- Iter [400/623] loss: 0.01, (pos: 0.78, neg: 0.01)
[2025-04-27 11:27:59,024] INFO: Epoch-3 -- Iter [410/623] loss: 0.01, (pos: 0.78, neg: 0.02)
[2025-04-27 11:28:51,312] INFO: Epoch-3 -- Iter [420/623] loss: 0.02, (pos: 0.78, neg: 0.03)
[2025-04-27 11:29:43,774] INFO: Epoch-3 -- Iter [430/623] loss: 0.05, (pos: 0.79, neg: 0.04)
[2025-04-27 11:30:35,865] INFO: Epoch-3 -- Iter [440/623] loss: 0.08, (pos: 0.77, neg: 0.00)
[2025-04-27 11:31:28,393] INFO: Epoch-3 -- Iter [450/623] loss: 0.01, (pos: 0.77, neg: 0.02)
[2025-04-27 11:32:20,787] INFO: Epoch-3 -- Iter [460/623] loss: 0.02, (pos: 0.77, neg: 0.01)
[2025-04-27 11:33:12,965] INFO: Epoch-3 -- Iter [470/623] loss: 0.01, (pos: 0.77, neg: 0.01)
[2025-04-27 11:34:05,412] INFO: Epoch-3 -- Iter [480/623] loss: 0.05, (pos: 0.79, neg: 0.02)
[2025-04-27 11:34:57,739] INFO: Epoch-3 -- Iter [490/623] loss: 0.01, (pos: 0.79, neg: 0.03)
[2025-04-27 11:35:50,194] INFO: Epoch-3 -- Iter [500/623] loss: 0.04, (pos: 0.76, neg: 0.01)
[2025-04-27 11:36:42,363] INFO: Epoch-3 -- Iter [510/623] loss: 0.03, (pos: 0.75, neg: 0.02)
[2025-04-27 11:37:34,602] INFO: Epoch-3 -- Iter [520/623] loss: 0.03, (pos: 0.77, neg: 0.02)
[2025-04-27 11:38:27,052] INFO: Epoch-3 -- Iter [530/623] loss: 0.10, (pos: 0.72, neg: 0.01)
[2025-04-27 11:39:19,489] INFO: Epoch-3 -- Iter [540/623] loss: 0.04, (pos: 0.76, neg: 0.02)
[2025-04-27 11:40:11,864] INFO: Epoch-3 -- Iter [550/623] loss: 0.01, (pos: 0.75, neg: -0.01)
[2025-04-27 11:41:04,251] INFO: Epoch-3 -- Iter [560/623] loss: 0.10, (pos: 0.78, neg: 0.05)
[2025-04-27 11:41:56,872] INFO: Epoch-3 -- Iter [570/623] loss: 0.08, (pos: 0.75, neg: 0.01)
[2025-04-27 11:42:49,422] INFO: Epoch-3 -- Iter [580/623] loss: 0.05, (pos: 0.77, neg: 0.02)
[2025-04-27 11:43:41,663] INFO: Epoch-3 -- Iter [590/623] loss: 0.11, (pos: 0.76, neg: 0.04)
[2025-04-27 11:44:34,474] INFO: Epoch-3 -- Iter [600/623] loss: 0.02, (pos: 0.77, neg: -0.00)
[2025-04-27 11:45:26,646] INFO: Epoch-3 -- Iter [610/623] loss: 0.03, (pos: 0.79, neg: 0.04)
[2025-04-27 11:46:19,064] INFO: Epoch-3 -- Iter [620/623] loss: 0.01, (pos: 0.75, neg: 0.01)
[2025-04-27 11:46:33,200] INFO: Training time for epoch 3: 55.38 minutes
[2025-04-27 11:56:57,826] INFO: Epoch-3, seen -- Mean err: 2.77, Acc: 1.00, Rec : 1.00, Class and Pose  : 1.00
[2025-04-27 11:56:57,826] INFO: Validation time for epoch 3: 10.41 minutes
[2025-04-27 12:21:27,733] INFO: Epoch-3, seen_occ -- Mean err: 8.83, Acc: 0.90, Rec : 0.83, Class and Pose  : 0.81
[2025-04-27 12:21:27,733] INFO: Validation time for epoch 3: 24.50 minutes
[2025-04-27 12:38:39,848] INFO: Epoch-3, unseen -- Mean err: 5.40, Acc: 0.97, Rec : 1.00, Class and Pose  : 0.97
[2025-04-27 12:38:39,848] INFO: Validation time for epoch 3: 17.20 minutes
[2025-04-27 12:47:09,302] INFO: Epoch-3, unseen_occ -- Mean err: 15.38, Acc: 0.77, Rec : 0.97, Class and Pose  : 0.77
[2025-04-27 12:47:09,302] INFO: Validation time for epoch 3: 8.49 minutes
[2025-04-27 12:47:09,302] INFO: 
Epoch-3: train_loss=0.0358835751890395, seen=1.0, seen_occ=0.8073770491803283, unseen=0.9725660066006576, unseen_occ=0.77240218763147 


[2025-04-27 12:47:14,722] INFO: Epoch-4 -- Iter [1/623] loss: 0.03, (pos: 0.77, neg: 0.02)
[2025-04-27 12:48:00,596] INFO: Epoch-4 -- Iter [10/623] loss: 0.01, (pos: 0.76, neg: -0.01)
[2025-04-27 12:48:51,440] INFO: Epoch-4 -- Iter [20/623] loss: 0.02, (pos: 0.75, neg: 0.02)
[2025-04-27 12:49:41,727] INFO: Epoch-4 -- Iter [30/623] loss: 0.02, (pos: 0.77, neg: 0.02)
[2025-04-27 12:50:32,201] INFO: Epoch-4 -- Iter [40/623] loss: 0.03, (pos: 0.77, neg: 0.02)
[2025-04-27 12:51:22,435] INFO: Epoch-4 -- Iter [50/623] loss: 0.04, (pos: 0.74, neg: 0.00)
[2025-04-27 12:52:12,618] INFO: Epoch-4 -- Iter [60/623] loss: 0.01, (pos: 0.77, neg: 0.01)
[2025-04-27 12:53:02,932] INFO: Epoch-4 -- Iter [70/623] loss: 0.01, (pos: 0.75, neg: 0.00)
[2025-04-27 12:53:52,857] INFO: Epoch-4 -- Iter [80/623] loss: 0.01, (pos: 0.75, neg: 0.01)
[2025-04-27 12:54:42,698] INFO: Epoch-4 -- Iter [90/623] loss: 0.01, (pos: 0.76, neg: 0.01)
[2025-04-27 12:55:32,891] INFO: Epoch-4 -- Iter [100/623] loss: 0.03, (pos: 0.76, neg: 0.03)
[2025-04-27 12:56:22,792] INFO: Epoch-4 -- Iter [110/623] loss: 0.01, (pos: 0.74, neg: -0.01)
[2025-04-27 12:57:12,442] INFO: Epoch-4 -- Iter [120/623] loss: 0.10, (pos: 0.76, neg: 0.05)
[2025-04-27 12:58:02,442] INFO: Epoch-4 -- Iter [130/623] loss: 0.03, (pos: 0.75, neg: 0.02)
[2025-04-27 12:58:52,282] INFO: Epoch-4 -- Iter [140/623] loss: 0.14, (pos: 0.75, neg: 0.03)
[2025-04-27 12:59:41,940] INFO: Epoch-4 -- Iter [150/623] loss: 0.04, (pos: 0.74, neg: 0.02)
[2025-04-27 13:00:31,992] INFO: Epoch-4 -- Iter [160/623] loss: 0.02, (pos: 0.76, neg: 0.02)
[2025-04-27 13:01:21,787] INFO: Epoch-4 -- Iter [170/623] loss: 0.04, (pos: 0.77, neg: 0.08)
[2025-04-27 13:02:11,468] INFO: Epoch-4 -- Iter [180/623] loss: 0.01, (pos: 0.76, neg: -0.02)
[2025-04-27 13:03:01,401] INFO: Epoch-4 -- Iter [190/623] loss: 0.03, (pos: 0.78, neg: 0.03)
[2025-04-27 13:03:51,117] INFO: Epoch-4 -- Iter [200/623] loss: 0.09, (pos: 0.75, neg: 0.02)
[2025-04-27 13:04:40,817] INFO: Epoch-4 -- Iter [210/623] loss: 0.02, (pos: 0.73, neg: 0.01)
[2025-04-27 13:05:30,848] INFO: Epoch-4 -- Iter [220/623] loss: 0.01, (pos: 0.78, neg: 0.02)
[2025-04-27 13:06:20,548] INFO: Epoch-4 -- Iter [230/623] loss: 0.07, (pos: 0.76, neg: 0.03)
[2025-04-27 13:07:10,207] INFO: Epoch-4 -- Iter [240/623] loss: 0.03, (pos: 0.77, neg: 0.01)
[2025-04-27 13:08:00,124] INFO: Epoch-4 -- Iter [250/623] loss: 0.03, (pos: 0.75, neg: 0.00)
[2025-04-27 13:08:49,938] INFO: Epoch-4 -- Iter [260/623] loss: 0.09, (pos: 0.75, neg: 0.03)
[2025-04-27 13:09:39,472] INFO: Epoch-4 -- Iter [270/623] loss: 0.03, (pos: 0.75, neg: 0.04)
[2025-04-27 13:10:29,390] INFO: Epoch-4 -- Iter [280/623] loss: 0.01, (pos: 0.78, neg: 0.02)
[2025-04-27 13:11:19,277] INFO: Epoch-4 -- Iter [290/623] loss: 0.01, (pos: 0.79, neg: 0.04)
[2025-04-27 13:12:08,817] INFO: Epoch-4 -- Iter [300/623] loss: 0.01, (pos: 0.74, neg: -0.02)
[2025-04-27 13:12:58,734] INFO: Epoch-4 -- Iter [310/623] loss: 0.02, (pos: 0.78, neg: 0.01)
[2025-04-27 13:13:48,361] INFO: Epoch-4 -- Iter [320/623] loss: 0.01, (pos: 0.77, neg: -0.02)
[2025-04-27 13:14:37,862] INFO: Epoch-4 -- Iter [330/623] loss: 0.01, (pos: 0.78, neg: -0.00)
[2025-04-27 13:15:27,712] INFO: Epoch-4 -- Iter [340/623] loss: 0.01, (pos: 0.78, neg: 0.03)
[2025-04-27 13:16:17,459] INFO: Epoch-4 -- Iter [350/623] loss: 0.03, (pos: 0.76, neg: 0.02)
[2025-04-27 13:17:06,924] INFO: Epoch-4 -- Iter [360/623] loss: 0.07, (pos: 0.75, neg: 0.00)
[2025-04-27 13:17:56,760] INFO: Epoch-4 -- Iter [370/623] loss: 0.03, (pos: 0.78, neg: 0.02)
[2025-04-27 13:18:46,408] INFO: Epoch-4 -- Iter [380/623] loss: 0.01, (pos: 0.76, neg: 0.01)
[2025-04-27 13:19:35,965] INFO: Epoch-4 -- Iter [390/623] loss: 0.06, (pos: 0.73, neg: 0.00)
[2025-04-27 13:20:25,967] INFO: Epoch-4 -- Iter [400/623] loss: 0.01, (pos: 0.78, neg: 0.01)
[2025-04-27 13:21:15,853] INFO: Epoch-4 -- Iter [410/623] loss: 0.01, (pos: 0.79, neg: 0.03)
[2025-04-27 13:22:05,427] INFO: Epoch-4 -- Iter [420/623] loss: 0.02, (pos: 0.78, neg: 0.02)
[2025-04-27 13:22:55,376] INFO: Epoch-4 -- Iter [430/623] loss: 0.04, (pos: 0.79, neg: 0.04)
[2025-04-27 13:23:45,101] INFO: Epoch-4 -- Iter [440/623] loss: 0.07, (pos: 0.77, neg: -0.00)
[2025-04-27 13:24:34,823] INFO: Epoch-4 -- Iter [450/623] loss: 0.01, (pos: 0.77, neg: 0.02)
[2025-04-27 13:25:24,759] INFO: Epoch-4 -- Iter [460/623] loss: 0.02, (pos: 0.77, neg: 0.01)
[2025-04-27 13:26:14,471] INFO: Epoch-4 -- Iter [470/623] loss: 0.01, (pos: 0.77, neg: 0.01)
[2025-04-27 13:27:04,119] INFO: Epoch-4 -- Iter [480/623] loss: 0.04, (pos: 0.78, neg: 0.01)
[2025-04-27 13:27:53,992] INFO: Epoch-4 -- Iter [490/623] loss: 0.01, (pos: 0.79, neg: 0.02)
[2025-04-27 13:28:43,672] INFO: Epoch-4 -- Iter [500/623] loss: 0.04, (pos: 0.76, neg: 0.01)
[2025-04-27 13:29:33,361] INFO: Epoch-4 -- Iter [510/623] loss: 0.03, (pos: 0.75, neg: 0.03)
[2025-04-27 13:30:23,329] INFO: Epoch-4 -- Iter [520/623] loss: 0.03, (pos: 0.77, neg: 0.02)
[2025-04-27 13:31:12,986] INFO: Epoch-4 -- Iter [530/623] loss: 0.10, (pos: 0.71, neg: 0.01)
[2025-04-27 13:32:02,525] INFO: Epoch-4 -- Iter [540/623] loss: 0.03, (pos: 0.74, neg: -0.01)
[2025-04-27 13:32:52,411] INFO: Epoch-4 -- Iter [550/623] loss: 0.01, (pos: 0.74, neg: -0.00)
[2025-04-27 13:33:42,127] INFO: Epoch-4 -- Iter [560/623] loss: 0.10, (pos: 0.78, neg: 0.05)
[2025-04-27 13:34:31,629] INFO: Epoch-4 -- Iter [570/623] loss: 0.07, (pos: 0.76, neg: 0.01)
[2025-04-27 13:35:21,375] INFO: Epoch-4 -- Iter [580/623] loss: 0.05, (pos: 0.77, neg: 0.02)
[2025-04-27 13:36:10,953] INFO: Epoch-4 -- Iter [590/623] loss: 0.11, (pos: 0.76, neg: 0.03)
[2025-04-27 13:37:00,430] INFO: Epoch-4 -- Iter [600/623] loss: 0.01, (pos: 0.77, neg: 0.00)
[2025-04-27 13:37:50,189] INFO: Epoch-4 -- Iter [610/623] loss: 0.03, (pos: 0.79, neg: 0.03)
[2025-04-27 13:38:39,956] INFO: Epoch-4 -- Iter [620/623] loss: 0.01, (pos: 0.75, neg: 0.00)
[2025-04-27 13:38:53,533] INFO: Training time for epoch 4: 51.73 minutes
[2025-04-27 13:49:24,507] INFO: Epoch-4, seen -- Mean err: 2.77, Acc: 1.00, Rec : 1.00, Class and Pose  : 1.00
[2025-04-27 13:49:24,507] INFO: Validation time for epoch 4: 10.52 minutes
[2025-04-27 14:11:55,264] INFO: Epoch-4, seen_occ -- Mean err: 8.96, Acc: 0.90, Rec : 0.83, Class and Pose  : 0.81
[2025-04-27 14:11:55,264] INFO: Validation time for epoch 4: 22.51 minutes
[2025-04-27 14:27:40,731] INFO: Epoch-4, unseen -- Mean err: 5.48, Acc: 0.97, Rec : 1.00, Class and Pose  : 0.97
[2025-04-27 14:27:40,731] INFO: Validation time for epoch 4: 15.76 minutes
[2025-04-27 14:35:23,255] INFO: Epoch-4, unseen_occ -- Mean err: 15.63, Acc: 0.77, Rec : 0.97, Class and Pose  : 0.77
[2025-04-27 14:35:23,255] INFO: Validation time for epoch 4: 7.71 minutes
[2025-04-27 14:35:23,255] INFO: 
Epoch-4: train_loss=0.032350744689586014, seen=1.0, seen_occ=0.8056206088992982, unseen=0.9705033003300336, unseen_occ=0.7665124106015994 


[2025-04-27 14:35:28,698] INFO: Epoch-5 -- Iter [1/623] loss: 0.03, (pos: 0.77, neg: 0.02)
[2025-04-29 18:13:20,039] INFO: Model's weights at ./dataset/results/weights/LM_Diffusion_split1
[2025-04-29 18:14:39,574] INFO: Epoch-5 -- Iter [1/623] loss: 0.03, (pos: 0.77, neg: 0.02)
[2025-04-29 18:15:26,682] INFO: Epoch-5 -- Iter [10/623] loss: 0.01, (pos: 0.74, neg: -0.02)
[2025-04-29 18:16:18,703] INFO: Epoch-5 -- Iter [20/623] loss: 0.01, (pos: 0.75, neg: 0.01)
[2025-04-29 18:17:10,366] INFO: Epoch-5 -- Iter [30/623] loss: 0.02, (pos: 0.77, neg: 0.01)
[2025-04-29 18:18:02,107] INFO: Epoch-5 -- Iter [40/623] loss: 0.03, (pos: 0.77, neg: 0.02)
[2025-04-29 18:18:53,863] INFO: Epoch-5 -- Iter [50/623] loss: 0.04, (pos: 0.74, neg: 0.01)
[2025-04-29 18:19:45,053] INFO: Epoch-5 -- Iter [60/623] loss: 0.01, (pos: 0.77, neg: 0.00)
[2025-04-29 18:20:36,629] INFO: Epoch-5 -- Iter [70/623] loss: 0.01, (pos: 0.76, neg: 0.01)
[2025-04-29 18:21:27,988] INFO: Epoch-5 -- Iter [80/623] loss: 0.01, (pos: 0.75, neg: 0.01)
[2025-04-29 18:22:19,153] INFO: Epoch-5 -- Iter [90/623] loss: 0.01, (pos: 0.75, neg: 0.00)
[2025-04-29 18:23:10,574] INFO: Epoch-5 -- Iter [100/623] loss: 0.03, (pos: 0.76, neg: 0.03)
[2025-04-29 18:24:01,834] INFO: Epoch-5 -- Iter [110/623] loss: 0.01, (pos: 0.75, neg: -0.01)
[2025-04-29 18:24:53,305] INFO: Epoch-5 -- Iter [120/623] loss: 0.09, (pos: 0.76, neg: 0.06)
[2025-04-29 18:25:44,603] INFO: Epoch-5 -- Iter [130/623] loss: 0.02, (pos: 0.75, neg: 0.01)
[2025-04-29 18:26:36,093] INFO: Epoch-5 -- Iter [140/623] loss: 0.13, (pos: 0.74, neg: 0.02)
[2025-04-29 18:27:27,573] INFO: Epoch-5 -- Iter [150/623] loss: 0.04, (pos: 0.74, neg: 0.03)
[2025-04-29 18:28:19,032] INFO: Epoch-5 -- Iter [160/623] loss: 0.02, (pos: 0.76, neg: 0.02)
[2025-04-29 18:29:10,178] INFO: Epoch-5 -- Iter [170/623] loss: 0.04, (pos: 0.77, neg: 0.06)
[2025-04-29 18:30:01,254] INFO: Epoch-5 -- Iter [180/623] loss: 0.01, (pos: 0.77, neg: -0.01)
[2025-04-29 18:30:52,493] INFO: Epoch-5 -- Iter [190/623] loss: 0.03, (pos: 0.78, neg: 0.03)
[2025-04-29 18:31:43,719] INFO: Epoch-5 -- Iter [200/623] loss: 0.09, (pos: 0.74, neg: 0.01)
[2025-04-29 18:32:34,894] INFO: Epoch-5 -- Iter [210/623] loss: 0.01, (pos: 0.73, neg: 0.00)
[2025-04-29 18:33:26,149] INFO: Epoch-5 -- Iter [220/623] loss: 0.01, (pos: 0.77, neg: 0.01)
[2025-04-29 18:34:17,439] INFO: Epoch-5 -- Iter [230/623] loss: 0.07, (pos: 0.75, neg: 0.03)
[2025-04-29 18:35:08,489] INFO: Epoch-5 -- Iter [240/623] loss: 0.02, (pos: 0.78, neg: 0.01)
[2025-04-29 18:35:59,804] INFO: Epoch-5 -- Iter [250/623] loss: 0.02, (pos: 0.75, neg: 0.00)
[2025-04-29 18:36:51,153] INFO: Epoch-5 -- Iter [260/623] loss: 0.08, (pos: 0.75, neg: 0.03)
[2025-04-29 18:37:42,363] INFO: Epoch-5 -- Iter [270/623] loss: 0.03, (pos: 0.76, neg: 0.03)
[2025-04-29 18:38:33,474] INFO: Epoch-5 -- Iter [280/623] loss: 0.01, (pos: 0.78, neg: 0.02)
[2025-04-29 18:39:24,609] INFO: Epoch-5 -- Iter [290/623] loss: 0.01, (pos: 0.80, neg: 0.04)
[2025-04-29 18:40:15,649] INFO: Epoch-5 -- Iter [300/623] loss: 0.01, (pos: 0.75, neg: -0.01)
[2025-04-29 18:41:06,990] INFO: Epoch-5 -- Iter [310/623] loss: 0.02, (pos: 0.77, neg: 0.01)
[2025-04-29 18:41:57,859] INFO: Epoch-5 -- Iter [320/623] loss: 0.01, (pos: 0.77, neg: -0.02)
[2025-04-29 18:42:49,299] INFO: Epoch-5 -- Iter [330/623] loss: 0.01, (pos: 0.76, neg: -0.00)
[2025-04-29 18:43:40,556] INFO: Epoch-5 -- Iter [340/623] loss: 0.01, (pos: 0.79, neg: 0.03)
[2025-04-29 18:44:31,862] INFO: Epoch-5 -- Iter [350/623] loss: 0.03, (pos: 0.77, neg: 0.02)
[2025-04-29 18:45:23,449] INFO: Epoch-5 -- Iter [360/623] loss: 0.06, (pos: 0.74, neg: -0.00)
[2025-04-29 18:46:14,880] INFO: Epoch-5 -- Iter [370/623] loss: 0.03, (pos: 0.78, neg: 0.01)
[2025-04-29 18:47:06,074] INFO: Epoch-5 -- Iter [380/623] loss: 0.01, (pos: 0.76, neg: 0.00)
[2025-04-29 18:47:57,313] INFO: Epoch-5 -- Iter [390/623] loss: 0.05, (pos: 0.73, neg: 0.00)
[2025-04-29 18:48:48,354] INFO: Epoch-5 -- Iter [400/623] loss: 0.01, (pos: 0.78, neg: 0.01)
[2025-04-29 18:49:39,818] INFO: Epoch-5 -- Iter [410/623] loss: 0.01, (pos: 0.79, neg: 0.03)
[2025-04-29 18:50:31,068] INFO: Epoch-5 -- Iter [420/623] loss: 0.02, (pos: 0.77, neg: 0.02)
[2025-04-29 18:51:22,317] INFO: Epoch-5 -- Iter [430/623] loss: 0.03, (pos: 0.79, neg: 0.03)
[2025-04-29 18:52:13,382] INFO: Epoch-5 -- Iter [440/623] loss: 0.06, (pos: 0.77, neg: -0.00)
[2025-04-29 18:53:04,558] INFO: Epoch-5 -- Iter [450/623] loss: 0.01, (pos: 0.77, neg: 0.01)
[2025-04-29 18:53:55,602] INFO: Epoch-5 -- Iter [460/623] loss: 0.02, (pos: 0.77, neg: 0.01)
[2025-04-29 18:54:46,819] INFO: Epoch-5 -- Iter [470/623] loss: 0.01, (pos: 0.76, neg: 0.00)
[2025-04-29 18:55:37,809] INFO: Epoch-5 -- Iter [480/623] loss: 0.03, (pos: 0.78, neg: 0.01)
[2025-04-29 18:56:28,885] INFO: Epoch-5 -- Iter [490/623] loss: 0.01, (pos: 0.78, neg: 0.02)
[2025-04-29 18:57:20,010] INFO: Epoch-5 -- Iter [500/623] loss: 0.03, (pos: 0.76, neg: 0.00)
[2025-04-29 18:58:10,797] INFO: Epoch-5 -- Iter [510/623] loss: 0.03, (pos: 0.75, neg: 0.02)
[2025-04-29 18:59:01,800] INFO: Epoch-5 -- Iter [520/623] loss: 0.03, (pos: 0.77, neg: 0.01)
[2025-04-29 18:59:52,762] INFO: Epoch-5 -- Iter [530/623] loss: 0.09, (pos: 0.72, neg: 0.02)
[2025-04-29 19:00:43,787] INFO: Epoch-5 -- Iter [540/623] loss: 0.03, (pos: 0.73, neg: -0.02)
[2025-04-29 19:01:34,670] INFO: Epoch-5 -- Iter [550/623] loss: 0.01, (pos: 0.74, neg: -0.00)
[2025-04-29 19:02:25,621] INFO: Epoch-5 -- Iter [560/623] loss: 0.10, (pos: 0.77, neg: 0.04)
[2025-04-29 19:03:16,725] INFO: Epoch-5 -- Iter [570/623] loss: 0.07, (pos: 0.76, neg: 0.01)
[2025-04-29 19:04:07,625] INFO: Epoch-5 -- Iter [580/623] loss: 0.04, (pos: 0.77, neg: 0.03)
[2025-04-29 19:04:58,519] INFO: Epoch-5 -- Iter [590/623] loss: 0.11, (pos: 0.76, neg: 0.03)
[2025-04-29 19:05:49,616] INFO: Epoch-5 -- Iter [600/623] loss: 0.01, (pos: 0.77, neg: 0.01)
[2025-04-29 19:06:40,637] INFO: Epoch-5 -- Iter [610/623] loss: 0.03, (pos: 0.79, neg: 0.04)
[2025-04-29 19:07:31,765] INFO: Epoch-5 -- Iter [620/623] loss: 0.01, (pos: 0.74, neg: 0.00)
[2025-04-29 19:07:45,797] INFO: Training time for epoch 5: 53.59 minutes
[2025-04-29 19:18:04,802] INFO: Epoch-5, seen -- Mean err: 2.76, Acc: 1.00, Rec : 1.00, Class and Pose  : 1.00
[2025-04-29 19:18:04,802] INFO: Validation time for epoch 5: 10.32 minutes
[2025-04-29 19:41:24,714] INFO: Epoch-5, seen_occ -- Mean err: 9.06, Acc: 0.90, Rec : 0.83, Class and Pose  : 0.80
[2025-04-29 19:41:24,714] INFO: Validation time for epoch 5: 23.33 minutes
[2025-04-29 19:58:42,184] INFO: Epoch-5, unseen -- Mean err: 5.61, Acc: 0.97, Rec : 1.00, Class and Pose  : 0.97
[2025-04-29 19:58:42,185] INFO: Validation time for epoch 5: 17.29 minutes
[2025-04-29 20:06:42,366] INFO: Epoch-5, unseen_occ -- Mean err: 16.27, Acc: 0.76, Rec : 0.96, Class and Pose  : 0.76
[2025-04-29 20:06:42,366] INFO: Validation time for epoch 5: 8.00 minutes
[2025-04-29 20:06:42,366] INFO: 
Epoch-5: train_loss=0.030425982215676422, seen=0.9989806320081553, seen_occ=0.8032786885245932, unseen=0.966996699669965, unseen_occ=0.7580984434160715 


[2025-04-29 20:06:48,003] INFO: Epoch-6 -- Iter [1/623] loss: 0.02, (pos: 0.77, neg: 0.01)
[2025-04-29 20:07:35,067] INFO: Epoch-6 -- Iter [10/623] loss: 0.01, (pos: 0.76, neg: -0.01)
[2025-04-29 20:08:26,993] INFO: Epoch-6 -- Iter [20/623] loss: 0.02, (pos: 0.75, neg: 0.02)
[2025-04-29 20:09:18,631] INFO: Epoch-6 -- Iter [30/623] loss: 0.02, (pos: 0.77, neg: 0.01)
[2025-04-29 20:10:10,509] INFO: Epoch-6 -- Iter [40/623] loss: 0.02, (pos: 0.76, neg: 0.01)
[2025-04-29 20:11:01,867] INFO: Epoch-6 -- Iter [50/623] loss: 0.04, (pos: 0.75, neg: 0.01)
[2025-04-29 20:11:53,223] INFO: Epoch-6 -- Iter [60/623] loss: 0.01, (pos: 0.77, neg: -0.00)
[2025-04-29 20:12:44,822] INFO: Epoch-6 -- Iter [70/623] loss: 0.01, (pos: 0.76, neg: 0.00)
[2025-04-29 20:13:36,167] INFO: Epoch-6 -- Iter [80/623] loss: 0.01, (pos: 0.74, neg: 0.00)
[2025-04-29 20:14:27,082] INFO: Epoch-6 -- Iter [90/623] loss: 0.01, (pos: 0.75, neg: 0.00)
[2025-04-29 20:15:18,563] INFO: Epoch-6 -- Iter [100/623] loss: 0.03, (pos: 0.76, neg: 0.02)
[2025-04-29 20:16:09,765] INFO: Epoch-6 -- Iter [110/623] loss: 0.01, (pos: 0.74, neg: -0.01)
[2025-04-29 20:17:00,690] INFO: Epoch-6 -- Iter [120/623] loss: 0.09, (pos: 0.76, neg: 0.05)
[2025-04-29 20:17:52,016] INFO: Epoch-6 -- Iter [130/623] loss: 0.02, (pos: 0.75, neg: 0.01)
[2025-04-29 20:18:43,239] INFO: Epoch-6 -- Iter [140/623] loss: 0.12, (pos: 0.75, neg: 0.03)
[2025-04-29 20:19:34,234] INFO: Epoch-6 -- Iter [150/623] loss: 0.04, (pos: 0.74, neg: 0.02)
[2025-04-29 20:20:25,443] INFO: Epoch-6 -- Iter [160/623] loss: 0.01, (pos: 0.76, neg: 0.02)
[2025-04-29 20:21:16,609] INFO: Epoch-6 -- Iter [170/623] loss: 0.04, (pos: 0.77, neg: 0.06)
[2025-04-29 20:22:07,497] INFO: Epoch-6 -- Iter [180/623] loss: 0.01, (pos: 0.76, neg: -0.01)
[2025-04-29 20:22:58,537] INFO: Epoch-6 -- Iter [190/623] loss: 0.03, (pos: 0.77, neg: 0.03)
[2025-04-29 20:23:49,306] INFO: Epoch-6 -- Iter [200/623] loss: 0.09, (pos: 0.75, neg: 0.02)
[2025-04-29 20:24:40,449] INFO: Epoch-6 -- Iter [210/623] loss: 0.01, (pos: 0.73, neg: 0.01)
[2025-04-29 20:25:31,826] INFO: Epoch-6 -- Iter [220/623] loss: 0.01, (pos: 0.78, neg: 0.01)
[2025-04-29 20:26:22,852] INFO: Epoch-6 -- Iter [230/623] loss: 0.06, (pos: 0.76, neg: 0.03)
[2025-04-29 20:27:13,629] INFO: Epoch-6 -- Iter [240/623] loss: 0.02, (pos: 0.78, neg: 0.01)
[2025-04-29 20:28:04,789] INFO: Epoch-6 -- Iter [250/623] loss: 0.02, (pos: 0.75, neg: -0.00)
[2025-04-29 20:28:55,976] INFO: Epoch-6 -- Iter [260/623] loss: 0.08, (pos: 0.75, neg: 0.03)
[2025-04-29 20:29:46,777] INFO: Epoch-6 -- Iter [270/623] loss: 0.03, (pos: 0.75, neg: 0.03)
[2025-04-29 20:30:37,884] INFO: Epoch-6 -- Iter [280/623] loss: 0.01, (pos: 0.78, neg: 0.02)
[2025-04-29 20:31:29,103] INFO: Epoch-6 -- Iter [290/623] loss: 0.01, (pos: 0.79, neg: 0.04)
[2025-04-29 20:32:19,822] INFO: Epoch-6 -- Iter [300/623] loss: 0.01, (pos: 0.75, neg: -0.01)
[2025-04-29 20:33:11,161] INFO: Epoch-6 -- Iter [310/623] loss: 0.02, (pos: 0.78, neg: 0.01)
[2025-04-29 20:34:02,115] INFO: Epoch-6 -- Iter [320/623] loss: 0.01, (pos: 0.77, neg: -0.02)
[2025-04-29 20:34:53,025] INFO: Epoch-6 -- Iter [330/623] loss: 0.01, (pos: 0.77, neg: -0.00)
[2025-04-29 20:35:44,245] INFO: Epoch-6 -- Iter [340/623] loss: 0.01, (pos: 0.78, neg: 0.02)
[2025-04-29 20:36:35,317] INFO: Epoch-6 -- Iter [350/623] loss: 0.03, (pos: 0.77, neg: 0.02)
[2025-04-29 20:37:26,072] INFO: Epoch-6 -- Iter [360/623] loss: 0.06, (pos: 0.74, neg: -0.00)
