[2025-03-23 23:30:32,824] INFO: Model's weights at ./dataset/results/weights/LM_Diffusion_split3
[2025-03-23 23:36:08,697] INFO: Epoch-0, seen -- Mean err: 3.32, Acc: 0.99, Rec : 1.00, Class and Pose  : 0.99
[2025-03-23 23:36:08,697] INFO: Validation time for epoch 0: 5.36 minutes
[2025-03-23 23:51:00,678] INFO: Epoch-0, seen_occ -- Mean err: 11.24, Acc: 0.86, Rec : 0.86, Class and Pose  : 0.80
[2025-03-23 23:51:00,679] INFO: Validation time for epoch 0: 14.87 minutes
[2025-03-24 00:03:38,685] INFO: Epoch-0, unseen -- Mean err: 5.15, Acc: 0.97, Rec : 1.00, Class and Pose  : 0.97
[2025-03-24 00:03:38,686] INFO: Validation time for epoch 0: 12.63 minutes
[2025-03-24 10:43:29,658] INFO: Model's weights at ./dataset/results/weights/LM_Diffusion_split3
[2025-03-24 10:51:04,861] INFO: Epoch-0, seen -- Mean err: 3.32, Acc: 0.99, Rec : 1.00, Class and Pose  : 0.99
[2025-03-24 10:51:04,862] INFO: Validation time for epoch 0: 6.60 minutes
[2025-03-24 11:08:34,351] INFO: Epoch-0, seen_occ -- Mean err: 11.24, Acc: 0.86, Rec : 0.86, Class and Pose  : 0.80
[2025-03-24 11:08:34,351] INFO: Validation time for epoch 0: 17.49 minutes
[2025-03-24 11:24:16,346] INFO: Epoch-0, unseen -- Mean err: 5.17, Acc: 0.97, Rec : 1.00, Class and Pose  : 0.97
[2025-03-24 11:24:16,347] INFO: Validation time for epoch 0: 15.70 minutes
[2025-03-24 11:29:34,662] INFO: Epoch-0, unseen_occ -- Mean err: 4.30, Acc: 0.97, Rec : 0.99, Class and Pose  : 0.96
[2025-03-24 11:29:34,663] INFO: Validation time for epoch 0: 5.31 minutes
[2025-04-24 22:33:08,343] INFO: Model's weights at ./dataset/results/weights/LM_Diffusion_split3
[2025-04-24 22:34:30,500] INFO: Learning rate: 0.0
[2025-04-24 22:34:30,501] INFO: Epoch-0 -- Iter [1/554] loss: 1.47, (pos: 0.40, neg: 0.22)
[2025-04-24 22:35:23,688] INFO: Learning rate: 9e-07
[2025-04-24 22:35:23,688] INFO: Epoch-0 -- Iter [10/554] loss: 1.66, (pos: 0.36, neg: 0.20)
[2025-04-24 22:36:21,360] INFO: Learning rate: 1.9e-06
[2025-04-24 22:36:21,361] INFO: Epoch-0 -- Iter [20/554] loss: 1.32, (pos: 0.35, neg: 0.16)
[2025-04-24 22:37:18,494] INFO: Learning rate: 2.9e-06
[2025-04-24 22:37:18,494] INFO: Epoch-0 -- Iter [30/554] loss: 0.96, (pos: 0.33, neg: 0.07)
[2025-04-24 22:38:14,977] INFO: Learning rate: 3.9e-06
[2025-04-24 22:38:14,977] INFO: Epoch-0 -- Iter [40/554] loss: 0.72, (pos: 0.36, neg: 0.06)
[2025-04-24 22:39:11,108] INFO: Learning rate: 4.9000000000000005e-06
[2025-04-24 22:39:11,108] INFO: Epoch-0 -- Iter [50/554] loss: 0.60, (pos: 0.44, neg: 0.08)
[2025-04-24 22:40:07,326] INFO: Learning rate: 5.9e-06
[2025-04-24 22:40:07,326] INFO: Epoch-0 -- Iter [60/554] loss: 0.38, (pos: 0.42, neg: 0.03)
[2025-04-24 22:41:03,478] INFO: Learning rate: 6.900000000000001e-06
[2025-04-24 22:41:03,478] INFO: Epoch-0 -- Iter [70/554] loss: 0.35, (pos: 0.50, neg: 0.06)
[2025-04-24 22:41:58,873] INFO: Learning rate: 7.9e-06
[2025-04-24 22:41:58,873] INFO: Epoch-0 -- Iter [80/554] loss: 0.50, (pos: 0.51, neg: 0.10)
[2025-04-24 22:42:54,504] INFO: Learning rate: 8.9e-06
[2025-04-24 22:42:54,504] INFO: Epoch-0 -- Iter [90/554] loss: 0.17, (pos: 0.56, neg: 0.06)
[2025-04-24 22:43:49,794] INFO: Learning rate: 9.900000000000002e-06
[2025-04-24 22:43:49,794] INFO: Epoch-0 -- Iter [100/554] loss: 0.23, (pos: 0.60, neg: 0.07)
[2025-04-24 22:44:44,748] INFO: Learning rate: 1.09e-05
[2025-04-24 22:44:44,749] INFO: Epoch-0 -- Iter [110/554] loss: 0.33, (pos: 0.57, neg: 0.08)
[2025-04-24 22:45:40,149] INFO: Learning rate: 1.19e-05
[2025-04-24 22:45:40,149] INFO: Epoch-0 -- Iter [120/554] loss: 0.18, (pos: 0.58, neg: 0.05)
[2025-04-24 22:46:35,382] INFO: Learning rate: 1.29e-05
[2025-04-24 22:46:35,382] INFO: Epoch-0 -- Iter [130/554] loss: 0.22, (pos: 0.64, neg: 0.08)
[2025-04-24 22:47:30,404] INFO: Learning rate: 1.3900000000000002e-05
[2025-04-24 22:47:30,404] INFO: Epoch-0 -- Iter [140/554] loss: 0.23, (pos: 0.62, neg: 0.06)
[2025-04-24 22:48:24,747] INFO: Learning rate: 1.49e-05
[2025-04-24 22:48:24,747] INFO: Epoch-0 -- Iter [150/554] loss: 0.11, (pos: 0.62, neg: 0.04)
[2025-04-24 22:49:19,242] INFO: Learning rate: 1.59e-05
[2025-04-24 22:49:19,242] INFO: Epoch-0 -- Iter [160/554] loss: 0.12, (pos: 0.67, neg: 0.04)
[2025-04-24 22:50:13,652] INFO: Learning rate: 1.69e-05
[2025-04-24 22:50:13,652] INFO: Epoch-0 -- Iter [170/554] loss: 0.15, (pos: 0.68, neg: 0.08)
[2025-04-24 22:51:08,770] INFO: Learning rate: 1.79e-05
[2025-04-24 22:51:08,770] INFO: Epoch-0 -- Iter [180/554] loss: 0.14, (pos: 0.66, neg: 0.08)
[2025-04-24 22:52:03,623] INFO: Learning rate: 1.8900000000000002e-05
[2025-04-24 22:52:03,623] INFO: Epoch-0 -- Iter [190/554] loss: 0.09, (pos: 0.64, neg: 0.04)
[2025-04-24 22:52:58,206] INFO: Learning rate: 1.9900000000000003e-05
[2025-04-24 22:52:58,206] INFO: Epoch-0 -- Iter [200/554] loss: 0.10, (pos: 0.67, neg: 0.06)
[2025-04-24 22:53:52,761] INFO: Learning rate: 2.09e-05
[2025-04-24 22:53:52,761] INFO: Epoch-0 -- Iter [210/554] loss: 0.08, (pos: 0.67, neg: 0.04)
[2025-04-24 22:54:47,093] INFO: Learning rate: 2.19e-05
[2025-04-24 22:54:47,093] INFO: Epoch-0 -- Iter [220/554] loss: 0.11, (pos: 0.67, neg: 0.04)
[2025-04-24 22:55:41,609] INFO: Learning rate: 2.29e-05
[2025-04-24 22:55:41,609] INFO: Epoch-0 -- Iter [230/554] loss: 0.17, (pos: 0.67, neg: 0.09)
[2025-04-24 22:56:35,614] INFO: Learning rate: 2.39e-05
[2025-04-24 22:56:35,614] INFO: Epoch-0 -- Iter [240/554] loss: 0.17, (pos: 0.66, neg: 0.07)
[2025-04-24 22:57:29,861] INFO: Learning rate: 2.4900000000000002e-05
[2025-04-24 22:57:29,862] INFO: Epoch-0 -- Iter [250/554] loss: 0.06, (pos: 0.72, neg: 0.08)
[2025-04-24 22:58:23,869] INFO: Learning rate: 2.5900000000000003e-05
[2025-04-24 22:58:23,869] INFO: Epoch-0 -- Iter [260/554] loss: 0.11, (pos: 0.69, neg: 0.05)
[2025-04-24 22:59:17,996] INFO: Learning rate: 2.6900000000000003e-05
[2025-04-24 22:59:17,996] INFO: Epoch-0 -- Iter [270/554] loss: 0.07, (pos: 0.67, neg: 0.03)
[2025-04-24 23:00:12,061] INFO: Learning rate: 2.7900000000000004e-05
[2025-04-24 23:00:12,061] INFO: Epoch-0 -- Iter [280/554] loss: 0.05, (pos: 0.74, neg: 0.05)
[2025-04-24 23:01:05,973] INFO: Learning rate: 2.8899999999999998e-05
[2025-04-24 23:01:05,973] INFO: Epoch-0 -- Iter [290/554] loss: 0.09, (pos: 0.71, neg: 0.05)
[2025-04-24 23:01:59,971] INFO: Learning rate: 2.9900000000000002e-05
[2025-04-24 23:01:59,971] INFO: Epoch-0 -- Iter [300/554] loss: 0.16, (pos: 0.69, neg: 0.06)
[2025-04-24 23:02:54,135] INFO: Learning rate: 3.09e-05
[2025-04-24 23:02:54,135] INFO: Epoch-0 -- Iter [310/554] loss: 0.04, (pos: 0.72, neg: 0.06)
[2025-04-24 23:03:48,258] INFO: Learning rate: 3.19e-05
[2025-04-24 23:03:48,258] INFO: Epoch-0 -- Iter [320/554] loss: 0.06, (pos: 0.71, neg: 0.04)
[2025-04-24 23:04:42,477] INFO: Learning rate: 3.29e-05
[2025-04-24 23:04:42,477] INFO: Epoch-0 -- Iter [330/554] loss: 0.13, (pos: 0.72, neg: 0.05)
[2025-04-24 23:05:36,540] INFO: Learning rate: 3.3900000000000004e-05
[2025-04-24 23:05:36,540] INFO: Epoch-0 -- Iter [340/554] loss: 0.06, (pos: 0.72, neg: 0.03)
[2025-04-24 23:06:30,108] INFO: Learning rate: 3.49e-05
[2025-04-24 23:06:30,108] INFO: Epoch-0 -- Iter [350/554] loss: 0.08, (pos: 0.73, neg: 0.04)
[2025-04-24 23:07:24,038] INFO: Learning rate: 3.59e-05
[2025-04-24 23:07:24,039] INFO: Epoch-0 -- Iter [360/554] loss: 0.09, (pos: 0.70, neg: 0.06)
[2025-04-24 23:08:18,164] INFO: Learning rate: 3.69e-05
[2025-04-24 23:08:18,164] INFO: Epoch-0 -- Iter [370/554] loss: 0.05, (pos: 0.74, neg: 0.04)
[2025-04-24 23:09:11,952] INFO: Learning rate: 3.79e-05
[2025-04-24 23:09:11,952] INFO: Epoch-0 -- Iter [380/554] loss: 0.21, (pos: 0.71, neg: 0.08)
[2025-04-24 23:10:05,583] INFO: Learning rate: 3.8900000000000004e-05
[2025-04-24 23:10:05,583] INFO: Epoch-0 -- Iter [390/554] loss: 0.03, (pos: 0.71, neg: 0.05)
[2025-04-24 23:10:59,481] INFO: Learning rate: 3.99e-05
[2025-04-24 23:10:59,481] INFO: Epoch-0 -- Iter [400/554] loss: 0.08, (pos: 0.71, neg: 0.04)
[2025-04-24 23:11:53,356] INFO: Learning rate: 4.09e-05
[2025-04-24 23:11:53,356] INFO: Epoch-0 -- Iter [410/554] loss: 0.03, (pos: 0.74, neg: 0.05)
[2025-04-24 23:12:47,135] INFO: Learning rate: 4.19e-05
[2025-04-24 23:12:47,135] INFO: Epoch-0 -- Iter [420/554] loss: 0.10, (pos: 0.72, neg: 0.05)
[2025-04-24 23:13:41,196] INFO: Learning rate: 4.29e-05
[2025-04-24 23:13:41,196] INFO: Epoch-0 -- Iter [430/554] loss: 0.07, (pos: 0.69, neg: 0.03)
[2025-04-24 23:14:34,933] INFO: Learning rate: 4.39e-05
[2025-04-24 23:14:34,933] INFO: Epoch-0 -- Iter [440/554] loss: 0.04, (pos: 0.73, neg: 0.02)
[2025-04-24 23:15:29,013] INFO: Learning rate: 4.49e-05
[2025-04-24 23:15:29,013] INFO: Epoch-0 -- Iter [450/554] loss: 0.02, (pos: 0.74, neg: 0.05)
[2025-04-24 23:16:22,760] INFO: Learning rate: 4.5900000000000004e-05
[2025-04-24 23:16:22,761] INFO: Epoch-0 -- Iter [460/554] loss: 0.11, (pos: 0.74, neg: 0.07)
[2025-04-24 23:17:16,310] INFO: Learning rate: 4.69e-05
[2025-04-24 23:17:16,311] INFO: Epoch-0 -- Iter [470/554] loss: 0.12, (pos: 0.70, neg: 0.04)
[2025-04-24 23:18:09,715] INFO: Learning rate: 4.79e-05
[2025-04-24 23:18:09,716] INFO: Epoch-0 -- Iter [480/554] loss: 0.07, (pos: 0.72, neg: 0.03)
[2025-04-24 23:19:03,504] INFO: Learning rate: 4.89e-05
[2025-04-24 23:19:03,504] INFO: Epoch-0 -- Iter [490/554] loss: 0.25, (pos: 0.72, neg: 0.03)
[2025-04-24 23:19:57,207] INFO: Learning rate: 4.99e-05
[2025-04-24 23:19:57,208] INFO: Epoch-0 -- Iter [500/554] loss: 0.03, (pos: 0.75, neg: 0.06)
[2025-04-24 23:20:50,484] INFO: Learning rate: 5.0900000000000004e-05
[2025-04-24 23:20:50,484] INFO: Epoch-0 -- Iter [510/554] loss: 0.12, (pos: 0.76, neg: 0.07)
[2025-04-24 23:21:44,099] INFO: Learning rate: 5.19e-05
[2025-04-24 23:21:44,099] INFO: Epoch-0 -- Iter [520/554] loss: 0.02, (pos: 0.72, neg: 0.02)
[2025-04-24 23:22:37,346] INFO: Learning rate: 5.2900000000000005e-05
[2025-04-24 23:22:37,347] INFO: Epoch-0 -- Iter [530/554] loss: 0.08, (pos: 0.76, neg: 0.04)
[2025-04-24 23:23:30,436] INFO: Learning rate: 5.390000000000001e-05
[2025-04-24 23:23:30,436] INFO: Epoch-0 -- Iter [540/554] loss: 0.04, (pos: 0.71, neg: 0.04)
[2025-04-24 23:24:24,231] INFO: Learning rate: 5.4900000000000006e-05
[2025-04-24 23:24:24,231] INFO: Epoch-0 -- Iter [550/554] loss: 0.11, (pos: 0.73, neg: 0.03)
[2025-04-24 23:24:44,297] INFO: Training time for epoch 0: 50.74 minutes
[2025-04-24 23:33:49,006] INFO: Epoch-0, seen -- Mean err: 3.46, Acc: 1.00, Rec : 1.00, Class and Pose  : 1.00
[2025-04-24 23:33:49,006] INFO: Validation time for epoch 0: 9.08 minutes
[2025-04-24 23:59:05,197] INFO: Epoch-0, seen_occ -- Mean err: 11.27, Acc: 0.85, Rec : 0.85, Class and Pose  : 0.78
[2025-04-24 23:59:05,197] INFO: Validation time for epoch 0: 25.27 minutes
[2025-04-25 00:20:47,302] INFO: Epoch-0, unseen -- Mean err: 4.92, Acc: 0.98, Rec : 1.00, Class and Pose  : 0.98
[2025-04-25 00:20:47,302] INFO: Validation time for epoch 0: 21.70 minutes
[2025-04-25 00:28:31,431] INFO: Epoch-0, unseen_occ -- Mean err: 4.62, Acc: 0.96, Rec : 0.98, Class and Pose  : 0.95
[2025-04-25 00:28:31,432] INFO: Validation time for epoch 0: 7.74 minutes
[2025-04-25 00:28:31,432] INFO: 
Epoch-0: train_loss=0.2157663872608598, seen=0.995412844036697, seen_occ=0.7825535512965066, unseen=0.9762415442996193, unseen_occ=0.9460482725982026 


[2025-04-25 00:28:36,939] INFO: Learning rate: 5.5400000000000005e-05
[2025-04-25 00:28:36,939] INFO: Epoch-1 -- Iter [1/554] loss: 0.09, (pos: 0.76, neg: 0.04)
[2025-04-25 00:29:23,614] INFO: Learning rate: 5.63e-05
[2025-04-25 00:29:23,614] INFO: Epoch-1 -- Iter [10/554] loss: 0.04, (pos: 0.75, neg: 0.04)
[2025-04-25 00:30:15,188] INFO: Learning rate: 5.73e-05
[2025-04-25 00:30:15,188] INFO: Epoch-1 -- Iter [20/554] loss: 0.08, (pos: 0.71, neg: 0.05)
[2025-04-25 00:31:06,592] INFO: Learning rate: 5.83e-05
[2025-04-25 00:31:06,592] INFO: Epoch-1 -- Iter [30/554] loss: 0.11, (pos: 0.74, neg: 0.09)
[2025-04-25 00:31:57,936] INFO: Learning rate: 5.93e-05
[2025-04-25 00:31:57,936] INFO: Epoch-1 -- Iter [40/554] loss: 0.02, (pos: 0.74, neg: 0.05)
[2025-04-25 00:32:48,956] INFO: Learning rate: 6.03e-05
[2025-04-25 00:32:48,957] INFO: Epoch-1 -- Iter [50/554] loss: 0.10, (pos: 0.76, neg: 0.07)
[2025-04-25 00:33:40,104] INFO: Learning rate: 6.13e-05
[2025-04-25 00:33:40,104] INFO: Epoch-1 -- Iter [60/554] loss: 0.03, (pos: 0.72, neg: 0.01)
[2025-04-25 00:34:31,249] INFO: Learning rate: 6.23e-05
[2025-04-25 00:34:31,249] INFO: Epoch-1 -- Iter [70/554] loss: 0.04, (pos: 0.77, neg: 0.03)
[2025-04-25 10:25:13,160] INFO: Model's weights at ./dataset/results/weights/LM_Diffusion_split3
[2025-04-25 10:26:39,703] INFO: Learning rate: 5.5400000000000005e-05
[2025-04-25 10:26:39,703] INFO: Epoch-1 -- Iter [1/554] loss: 0.09, (pos: 0.76, neg: 0.04)
[2025-04-25 10:27:28,656] INFO: Learning rate: 5.63e-05
[2025-04-25 10:27:28,657] INFO: Epoch-1 -- Iter [10/554] loss: 0.06, (pos: 0.77, neg: 0.08)
[2025-04-25 10:28:21,819] INFO: Learning rate: 5.73e-05
[2025-04-25 10:28:21,819] INFO: Epoch-1 -- Iter [20/554] loss: 0.09, (pos: 0.72, neg: 0.07)
[2025-04-25 10:29:15,394] INFO: Learning rate: 5.83e-05
[2025-04-25 10:29:15,395] INFO: Epoch-1 -- Iter [30/554] loss: 0.11, (pos: 0.72, neg: 0.07)
[2025-04-25 10:30:08,093] INFO: Learning rate: 5.93e-05
[2025-04-25 10:30:08,093] INFO: Epoch-1 -- Iter [40/554] loss: 0.03, (pos: 0.75, neg: 0.05)
[2025-04-25 10:31:00,773] INFO: Learning rate: 6.03e-05
[2025-04-25 10:31:00,773] INFO: Epoch-1 -- Iter [50/554] loss: 0.10, (pos: 0.77, neg: 0.08)
[2025-04-25 10:31:53,095] INFO: Learning rate: 6.13e-05
[2025-04-25 10:31:53,096] INFO: Epoch-1 -- Iter [60/554] loss: 0.03, (pos: 0.74, neg: 0.01)
[2025-04-25 10:32:45,373] INFO: Learning rate: 6.23e-05
[2025-04-25 10:32:45,374] INFO: Epoch-1 -- Iter [70/554] loss: 0.03, (pos: 0.78, neg: 0.03)
[2025-04-25 10:33:37,972] INFO: Learning rate: 6.330000000000001e-05
[2025-04-25 10:33:37,972] INFO: Epoch-1 -- Iter [80/554] loss: 0.06, (pos: 0.74, neg: 0.06)
[2025-04-25 10:34:30,144] INFO: Learning rate: 6.43e-05
[2025-04-25 10:34:30,145] INFO: Epoch-1 -- Iter [90/554] loss: 0.02, (pos: 0.77, neg: 0.06)
[2025-04-25 10:35:22,643] INFO: Learning rate: 6.53e-05
[2025-04-25 10:35:22,643] INFO: Epoch-1 -- Iter [100/554] loss: 0.05, (pos: 0.79, neg: 0.03)
[2025-04-25 10:36:14,644] INFO: Learning rate: 6.630000000000001e-05
[2025-04-25 10:36:14,645] INFO: Epoch-1 -- Iter [110/554] loss: 0.10, (pos: 0.75, neg: 0.07)
[2025-04-25 10:37:06,835] INFO: Learning rate: 6.730000000000001e-05
[2025-04-25 10:37:06,835] INFO: Epoch-1 -- Iter [120/554] loss: 0.03, (pos: 0.75, neg: 0.04)
[2025-04-25 10:37:58,797] INFO: Learning rate: 6.83e-05
[2025-04-25 10:37:58,797] INFO: Epoch-1 -- Iter [130/554] loss: 0.07, (pos: 0.77, neg: 0.04)
[2025-04-25 10:38:50,461] INFO: Learning rate: 6.93e-05
[2025-04-25 10:38:50,462] INFO: Epoch-1 -- Iter [140/554] loss: 0.15, (pos: 0.75, neg: 0.06)
[2025-04-25 10:39:42,190] INFO: Learning rate: 7.03e-05
[2025-04-25 10:39:42,190] INFO: Epoch-1 -- Iter [150/554] loss: 0.03, (pos: 0.74, neg: 0.02)
[2025-04-25 10:40:33,807] INFO: Learning rate: 7.13e-05
[2025-04-25 10:40:33,807] INFO: Epoch-1 -- Iter [160/554] loss: 0.07, (pos: 0.78, neg: 0.03)
[2025-04-25 10:41:25,459] INFO: Learning rate: 7.23e-05
[2025-04-25 10:41:25,459] INFO: Epoch-1 -- Iter [170/554] loss: 0.08, (pos: 0.78, neg: 0.05)
[2025-04-25 10:42:16,813] INFO: Learning rate: 7.33e-05
[2025-04-25 10:42:16,813] INFO: Epoch-1 -- Iter [180/554] loss: 0.04, (pos: 0.76, neg: 0.06)
[2025-04-25 10:43:09,011] INFO: Learning rate: 7.43e-05
[2025-04-25 10:43:09,012] INFO: Epoch-1 -- Iter [190/554] loss: 0.03, (pos: 0.74, neg: 0.04)
[2025-04-25 10:44:01,006] INFO: Learning rate: 7.53e-05
[2025-04-25 10:44:01,006] INFO: Epoch-1 -- Iter [200/554] loss: 0.03, (pos: 0.77, neg: 0.05)
[2025-04-25 10:44:52,484] INFO: Learning rate: 7.630000000000001e-05
[2025-04-25 10:44:52,484] INFO: Epoch-1 -- Iter [210/554] loss: 0.02, (pos: 0.76, neg: 0.03)
[2025-04-25 10:45:44,025] INFO: Learning rate: 7.730000000000001e-05
[2025-04-25 10:45:44,025] INFO: Epoch-1 -- Iter [220/554] loss: 0.06, (pos: 0.77, neg: 0.06)
[2025-04-25 10:46:35,425] INFO: Learning rate: 7.83e-05
[2025-04-25 10:46:35,425] INFO: Epoch-1 -- Iter [230/554] loss: 0.07, (pos: 0.77, neg: 0.07)
[2025-04-25 10:47:26,955] INFO: Learning rate: 7.93e-05
[2025-04-25 10:47:26,955] INFO: Epoch-1 -- Iter [240/554] loss: 0.11, (pos: 0.74, neg: 0.07)
[2025-04-25 10:48:18,687] INFO: Learning rate: 8.030000000000001e-05
[2025-04-25 10:48:18,688] INFO: Epoch-1 -- Iter [250/554] loss: 0.02, (pos: 0.76, neg: 0.06)
[2025-04-25 10:49:09,907] INFO: Learning rate: 8.13e-05
[2025-04-25 10:49:09,908] INFO: Epoch-1 -- Iter [260/554] loss: 0.07, (pos: 0.74, neg: 0.02)
[2025-04-25 10:50:01,566] INFO: Learning rate: 8.23e-05
[2025-04-25 10:50:01,566] INFO: Epoch-1 -- Iter [270/554] loss: 0.03, (pos: 0.75, neg: 0.04)
[2025-04-25 10:50:52,619] INFO: Learning rate: 8.33e-05
[2025-04-25 10:50:52,620] INFO: Epoch-1 -- Iter [280/554] loss: 0.02, (pos: 0.80, neg: 0.04)
[2025-04-25 10:51:44,064] INFO: Learning rate: 8.43e-05
[2025-04-25 10:51:44,064] INFO: Epoch-1 -- Iter [290/554] loss: 0.05, (pos: 0.79, neg: 0.04)
[2025-04-25 10:52:35,362] INFO: Learning rate: 8.53e-05
[2025-04-25 10:52:35,362] INFO: Epoch-1 -- Iter [300/554] loss: 0.09, (pos: 0.76, neg: 0.04)
[2025-04-25 10:53:26,939] INFO: Learning rate: 8.63e-05
[2025-04-25 10:53:26,939] INFO: Epoch-1 -- Iter [310/554] loss: 0.02, (pos: 0.78, neg: 0.03)
[2025-04-25 10:54:17,785] INFO: Learning rate: 8.730000000000001e-05
[2025-04-25 10:54:17,785] INFO: Epoch-1 -- Iter [320/554] loss: 0.04, (pos: 0.74, neg: 0.01)
[2025-04-25 10:55:09,321] INFO: Learning rate: 8.83e-05
[2025-04-25 10:55:09,322] INFO: Epoch-1 -- Iter [330/554] loss: 0.10, (pos: 0.78, neg: 0.03)
[2025-04-25 10:56:00,539] INFO: Learning rate: 8.93e-05
[2025-04-25 10:56:00,539] INFO: Epoch-1 -- Iter [340/554] loss: 0.04, (pos: 0.78, neg: 0.04)
[2025-04-25 10:56:51,635] INFO: Learning rate: 9.030000000000001e-05
[2025-04-25 10:56:51,635] INFO: Epoch-1 -- Iter [350/554] loss: 0.04, (pos: 0.78, neg: 0.03)
[2025-04-25 10:57:42,814] INFO: Learning rate: 9.130000000000001e-05
[2025-04-25 10:57:42,814] INFO: Epoch-1 -- Iter [360/554] loss: 0.05, (pos: 0.74, neg: 0.04)
[2025-04-25 10:58:34,044] INFO: Learning rate: 9.230000000000001e-05
[2025-04-25 10:58:34,044] INFO: Epoch-1 -- Iter [370/554] loss: 0.03, (pos: 0.78, neg: 0.05)
[2025-04-25 10:59:25,135] INFO: Learning rate: 9.33e-05
[2025-04-25 10:59:25,135] INFO: Epoch-1 -- Iter [380/554] loss: 0.18, (pos: 0.74, neg: 0.06)
[2025-04-25 11:00:16,451] INFO: Learning rate: 9.43e-05
[2025-04-25 11:00:16,451] INFO: Epoch-1 -- Iter [390/554] loss: 0.02, (pos: 0.75, neg: 0.03)
[2025-04-25 11:01:07,782] INFO: Learning rate: 9.53e-05
[2025-04-25 11:01:07,782] INFO: Epoch-1 -- Iter [400/554] loss: 0.03, (pos: 0.76, neg: 0.03)
[2025-04-25 11:01:59,238] INFO: Learning rate: 9.63e-05
[2025-04-25 11:01:59,238] INFO: Epoch-1 -- Iter [410/554] loss: 0.02, (pos: 0.78, neg: 0.03)
[2025-04-25 11:02:50,600] INFO: Learning rate: 9.730000000000001e-05
[2025-04-25 11:02:50,600] INFO: Epoch-1 -- Iter [420/554] loss: 0.08, (pos: 0.74, neg: 0.03)
[2025-04-25 11:03:41,734] INFO: Learning rate: 9.83e-05
[2025-04-25 11:03:41,735] INFO: Epoch-1 -- Iter [430/554] loss: 0.03, (pos: 0.74, neg: 0.04)
[2025-04-25 11:04:32,965] INFO: Learning rate: 9.93e-05
[2025-04-25 11:04:32,965] INFO: Epoch-1 -- Iter [440/554] loss: 0.03, (pos: 0.78, neg: 0.03)
[2025-04-25 11:05:24,383] INFO: Epoch-1 -- Iter [450/554] loss: 0.01, (pos: 0.77, neg: 0.04)
[2025-04-25 11:06:15,420] INFO: Epoch-1 -- Iter [460/554] loss: 0.06, (pos: 0.79, neg: 0.07)
[2025-04-25 11:07:06,383] INFO: Epoch-1 -- Iter [470/554] loss: 0.09, (pos: 0.73, neg: 0.02)
[2025-04-25 11:07:57,371] INFO: Epoch-1 -- Iter [480/554] loss: 0.05, (pos: 0.76, neg: 0.03)
[2025-04-25 11:08:48,474] INFO: Epoch-1 -- Iter [490/554] loss: 0.20, (pos: 0.76, neg: 0.03)
[2025-04-25 11:09:39,485] INFO: Epoch-1 -- Iter [500/554] loss: 0.03, (pos: 0.79, neg: 0.11)
[2025-04-25 11:10:30,335] INFO: Epoch-1 -- Iter [510/554] loss: 0.10, (pos: 0.78, neg: 0.07)
[2025-04-25 11:11:21,915] INFO: Epoch-1 -- Iter [520/554] loss: 0.01, (pos: 0.75, neg: 0.03)
[2025-04-25 11:12:13,321] INFO: Epoch-1 -- Iter [530/554] loss: 0.06, (pos: 0.80, neg: 0.04)
[2025-04-25 11:13:04,747] INFO: Epoch-1 -- Iter [540/554] loss: 0.02, (pos: 0.74, neg: 0.02)
[2025-04-25 11:13:55,557] INFO: Epoch-1 -- Iter [550/554] loss: 0.10, (pos: 0.78, neg: 0.02)
[2025-04-25 11:14:14,470] INFO: Training time for epoch 1: 48.07 minutes
[2025-04-25 11:22:52,539] INFO: Epoch-1, seen -- Mean err: 3.25, Acc: 1.00, Rec : 1.00, Class and Pose  : 1.00
[2025-04-25 11:22:52,540] INFO: Validation time for epoch 1: 8.63 minutes
[2025-04-25 11:46:54,866] INFO: Epoch-1, seen_occ -- Mean err: 11.21, Acc: 0.85, Rec : 0.85, Class and Pose  : 0.79
[2025-04-25 11:46:54,867] INFO: Validation time for epoch 1: 24.04 minutes
[2025-04-25 12:06:40,393] INFO: Epoch-1, unseen -- Mean err: 4.87, Acc: 0.98, Rec : 1.00, Class and Pose  : 0.98
[2025-04-25 12:06:40,393] INFO: Validation time for epoch 1: 19.76 minutes
[2025-04-25 12:13:44,792] INFO: Epoch-1, unseen_occ -- Mean err: 4.65, Acc: 0.96, Rec : 0.98, Class and Pose  : 0.94
[2025-04-25 12:13:44,793] INFO: Validation time for epoch 1: 7.07 minutes
[2025-04-25 12:13:44,793] INFO: 
Epoch-1: train_loss=0.05855441739738973, seen=0.9965596330275224, seen_occ=0.7935456595264934, unseen=0.976736512126712, unseen_occ=0.9441552295314729 


[2025-04-25 12:13:50,508] INFO: Epoch-2 -- Iter [1/554] loss: 0.08, (pos: 0.79, neg: 0.02)
[2025-04-25 12:14:37,222] INFO: Epoch-2 -- Iter [10/554] loss: 0.02, (pos: 0.79, neg: 0.03)
[2025-04-25 12:15:28,107] INFO: Epoch-2 -- Iter [20/554] loss: 0.03, (pos: 0.74, neg: 0.03)
[2025-04-25 12:16:27,246] INFO: Epoch-2 -- Iter [30/554] loss: 0.07, (pos: 0.72, neg: 0.01)
[2025-04-26 21:29:41,914] INFO: Model's weights at ./dataset/results/weights/LM_Diffusion_split3
[2025-04-26 21:31:01,344] INFO: Epoch-2 -- Iter [1/554] loss: 0.08, (pos: 0.79, neg: 0.02)
[2025-04-26 21:31:52,774] INFO: Epoch-2 -- Iter [10/554] loss: 0.02, (pos: 0.77, neg: 0.03)
[2025-04-26 21:32:49,144] INFO: Epoch-2 -- Iter [20/554] loss: 0.03, (pos: 0.73, neg: 0.04)
[2025-04-26 21:33:45,296] INFO: Epoch-2 -- Iter [30/554] loss: 0.08, (pos: 0.73, neg: 0.02)
[2025-04-26 21:34:40,459] INFO: Epoch-2 -- Iter [40/554] loss: 0.01, (pos: 0.77, neg: 0.02)
[2025-04-26 21:35:35,466] INFO: Epoch-2 -- Iter [50/554] loss: 0.07, (pos: 0.80, neg: 0.06)
[2025-04-26 21:36:30,569] INFO: Epoch-2 -- Iter [60/554] loss: 0.02, (pos: 0.76, neg: -0.00)
[2025-04-26 21:37:25,730] INFO: Epoch-2 -- Iter [70/554] loss: 0.02, (pos: 0.79, neg: 0.02)
[2025-04-26 21:38:20,516] INFO: Epoch-2 -- Iter [80/554] loss: 0.04, (pos: 0.76, neg: 0.03)
[2025-04-26 21:39:14,921] INFO: Epoch-2 -- Iter [90/554] loss: 0.01, (pos: 0.78, neg: 0.02)
[2025-04-26 21:40:09,444] INFO: Epoch-2 -- Iter [100/554] loss: 0.03, (pos: 0.82, neg: 0.03)
[2025-04-26 21:41:03,456] INFO: Epoch-2 -- Iter [110/554] loss: 0.07, (pos: 0.77, neg: 0.05)
[2025-04-26 21:41:57,626] INFO: Epoch-2 -- Iter [120/554] loss: 0.02, (pos: 0.77, neg: 0.02)
[2025-04-26 21:42:51,544] INFO: Epoch-2 -- Iter [130/554] loss: 0.05, (pos: 0.77, neg: 0.03)
[2025-04-26 21:43:45,277] INFO: Epoch-2 -- Iter [140/554] loss: 0.13, (pos: 0.76, neg: 0.05)
[2025-04-26 21:44:39,636] INFO: Epoch-2 -- Iter [150/554] loss: 0.02, (pos: 0.76, neg: 0.02)
[2025-04-26 21:45:33,364] INFO: Epoch-2 -- Iter [160/554] loss: 0.06, (pos: 0.79, neg: 0.03)
[2025-04-26 21:46:27,426] INFO: Epoch-2 -- Iter [170/554] loss: 0.07, (pos: 0.79, neg: 0.04)
[2025-04-26 21:47:21,435] INFO: Epoch-2 -- Iter [180/554] loss: 0.03, (pos: 0.77, neg: 0.06)
[2025-04-26 21:48:15,706] INFO: Epoch-2 -- Iter [190/554] loss: 0.02, (pos: 0.75, neg: 0.02)
[2025-04-26 21:49:09,213] INFO: Epoch-2 -- Iter [200/554] loss: 0.02, (pos: 0.78, neg: 0.04)
[2025-04-26 21:50:02,760] INFO: Epoch-2 -- Iter [210/554] loss: 0.02, (pos: 0.76, neg: 0.05)
[2025-04-26 21:50:56,174] INFO: Epoch-2 -- Iter [220/554] loss: 0.04, (pos: 0.78, neg: 0.05)
[2025-04-26 21:51:49,793] INFO: Epoch-2 -- Iter [230/554] loss: 0.05, (pos: 0.77, neg: 0.06)
[2025-04-26 21:52:42,988] INFO: Epoch-2 -- Iter [240/554] loss: 0.09, (pos: 0.74, neg: 0.06)
[2025-04-26 21:53:36,181] INFO: Epoch-2 -- Iter [250/554] loss: 0.01, (pos: 0.77, neg: 0.04)
[2025-04-26 21:54:29,780] INFO: Epoch-2 -- Iter [260/554] loss: 0.05, (pos: 0.75, neg: 0.02)
[2025-04-26 21:55:23,000] INFO: Epoch-2 -- Iter [270/554] loss: 0.02, (pos: 0.76, neg: 0.02)
[2025-04-26 21:56:16,497] INFO: Epoch-2 -- Iter [280/554] loss: 0.01, (pos: 0.80, neg: 0.02)
[2025-04-26 21:57:09,895] INFO: Epoch-2 -- Iter [290/554] loss: 0.04, (pos: 0.79, neg: 0.03)
[2025-04-26 21:58:03,449] INFO: Epoch-2 -- Iter [300/554] loss: 0.07, (pos: 0.77, neg: 0.02)
[2025-04-26 21:58:56,377] INFO: Epoch-2 -- Iter [310/554] loss: 0.01, (pos: 0.78, neg: 0.01)
[2025-04-26 21:59:49,631] INFO: Epoch-2 -- Iter [320/554] loss: 0.03, (pos: 0.75, neg: 0.01)
[2025-04-26 22:00:43,497] INFO: Epoch-2 -- Iter [330/554] loss: 0.09, (pos: 0.79, neg: 0.02)
[2025-04-26 22:01:36,780] INFO: Epoch-2 -- Iter [340/554] loss: 0.03, (pos: 0.79, neg: 0.02)
[2025-04-26 22:02:29,711] INFO: Epoch-2 -- Iter [350/554] loss: 0.03, (pos: 0.79, neg: 0.03)
[2025-04-26 22:03:22,877] INFO: Epoch-2 -- Iter [360/554] loss: 0.04, (pos: 0.75, neg: 0.03)
[2025-04-26 22:04:15,857] INFO: Epoch-2 -- Iter [370/554] loss: 0.02, (pos: 0.79, neg: 0.03)
[2025-04-26 22:05:09,310] INFO: Epoch-2 -- Iter [380/554] loss: 0.16, (pos: 0.75, neg: 0.07)
[2025-04-26 22:06:02,750] INFO: Epoch-2 -- Iter [390/554] loss: 0.01, (pos: 0.74, neg: 0.00)
[2025-04-26 22:06:56,278] INFO: Epoch-2 -- Iter [400/554] loss: 0.02, (pos: 0.76, neg: 0.02)
[2025-04-26 22:07:49,375] INFO: Epoch-2 -- Iter [410/554] loss: 0.01, (pos: 0.79, neg: 0.01)
[2025-04-26 22:08:42,505] INFO: Epoch-2 -- Iter [420/554] loss: 0.06, (pos: 0.76, neg: 0.01)
[2025-04-26 22:09:35,440] INFO: Epoch-2 -- Iter [430/554] loss: 0.02, (pos: 0.75, neg: 0.04)
[2025-04-26 22:10:28,250] INFO: Epoch-2 -- Iter [440/554] loss: 0.02, (pos: 0.78, neg: 0.02)
[2025-04-26 22:11:21,627] INFO: Epoch-2 -- Iter [450/554] loss: 0.01, (pos: 0.77, neg: 0.02)
[2025-04-26 22:12:13,987] INFO: Epoch-2 -- Iter [460/554] loss: 0.05, (pos: 0.79, neg: 0.07)
[2025-04-26 22:13:06,580] INFO: Epoch-2 -- Iter [470/554] loss: 0.07, (pos: 0.72, neg: -0.00)
[2025-04-26 22:13:59,257] INFO: Epoch-2 -- Iter [480/554] loss: 0.04, (pos: 0.76, neg: 0.02)
[2025-04-26 22:14:52,405] INFO: Epoch-2 -- Iter [490/554] loss: 0.10, (pos: 0.77, neg: 0.02)
[2025-04-26 22:15:45,253] INFO: Epoch-2 -- Iter [500/554] loss: 0.01, (pos: 0.77, neg: 0.04)
[2025-04-26 22:16:37,961] INFO: Epoch-2 -- Iter [510/554] loss: 0.09, (pos: 0.77, neg: 0.03)
[2025-04-26 22:17:30,872] INFO: Epoch-2 -- Iter [520/554] loss: 0.01, (pos: 0.75, neg: 0.02)
[2025-04-26 22:18:23,654] INFO: Epoch-2 -- Iter [530/554] loss: 0.05, (pos: 0.81, neg: 0.05)
[2025-04-26 22:19:16,577] INFO: Epoch-2 -- Iter [540/554] loss: 0.02, (pos: 0.74, neg: 0.00)
[2025-04-26 22:20:09,746] INFO: Epoch-2 -- Iter [550/554] loss: 0.10, (pos: 0.78, neg: 0.02)
[2025-04-26 22:20:29,382] INFO: Training time for epoch 2: 49.93 minutes
[2025-04-26 22:29:35,452] INFO: Epoch-2, seen -- Mean err: 3.22, Acc: 1.00, Rec : 1.00, Class and Pose  : 1.00
[2025-04-26 22:29:35,452] INFO: Validation time for epoch 2: 9.10 minutes
[2025-04-26 22:55:18,965] INFO: Epoch-2, seen_occ -- Mean err: 11.92, Acc: 0.85, Rec : 0.85, Class and Pose  : 0.79
[2025-04-26 22:55:18,965] INFO: Validation time for epoch 2: 25.73 minutes
[2025-04-26 23:17:08,230] INFO: Epoch-2, unseen -- Mean err: 4.98, Acc: 0.97, Rec : 1.00, Class and Pose  : 0.97
[2025-04-26 23:17:08,231] INFO: Validation time for epoch 2: 21.82 minutes
[2025-04-26 23:24:54,978] INFO: Epoch-2, unseen_occ -- Mean err: 4.67, Acc: 0.96, Rec : 0.98, Class and Pose  : 0.95
[2025-04-26 23:24:54,978] INFO: Validation time for epoch 2: 7.78 minutes
[2025-04-26 23:24:54,978] INFO: 
Epoch-2: train_loss=0.04510836572849033, seen=0.9965596330275224, seen_occ=0.7893179255918825, unseen=0.973931694439861, unseen_occ=0.9507808802650253 


[2025-04-26 23:25:00,744] INFO: Epoch-3 -- Iter [1/554] loss: 0.07, (pos: 0.79, neg: 0.02)
[2025-04-26 23:25:47,016] INFO: Epoch-3 -- Iter [10/554] loss: 0.01, (pos: 0.79, neg: 0.02)
[2025-04-26 23:26:38,123] INFO: Epoch-3 -- Iter [20/554] loss: 0.03, (pos: 0.73, neg: 0.02)
[2025-04-26 23:27:29,113] INFO: Epoch-3 -- Iter [30/554] loss: 0.06, (pos: 0.73, neg: -0.01)
[2025-04-26 23:28:19,803] INFO: Epoch-3 -- Iter [40/554] loss: 0.01, (pos: 0.76, neg: 0.00)
[2025-04-26 23:29:10,587] INFO: Epoch-3 -- Iter [50/554] loss: 0.04, (pos: 0.80, neg: 0.05)
[2025-04-26 23:30:01,203] INFO: Epoch-3 -- Iter [60/554] loss: 0.02, (pos: 0.77, neg: 0.01)
[2025-04-26 23:30:51,664] INFO: Epoch-3 -- Iter [70/554] loss: 0.01, (pos: 0.78, neg: 0.00)
[2025-04-26 23:31:41,971] INFO: Epoch-3 -- Iter [80/554] loss: 0.03, (pos: 0.77, neg: 0.01)
[2025-04-26 23:32:32,700] INFO: Epoch-3 -- Iter [90/554] loss: 0.01, (pos: 0.78, neg: 0.02)
[2025-04-26 23:33:23,158] INFO: Epoch-3 -- Iter [100/554] loss: 0.02, (pos: 0.81, neg: 0.01)
[2025-04-26 23:34:13,612] INFO: Epoch-3 -- Iter [110/554] loss: 0.06, (pos: 0.78, neg: 0.04)
[2025-04-26 23:35:03,947] INFO: Epoch-3 -- Iter [120/554] loss: 0.01, (pos: 0.77, neg: 0.01)
[2025-04-26 23:35:54,470] INFO: Epoch-3 -- Iter [130/554] loss: 0.04, (pos: 0.77, neg: 0.03)
[2025-04-26 23:36:44,907] INFO: Epoch-3 -- Iter [140/554] loss: 0.13, (pos: 0.76, neg: 0.07)
[2025-04-26 23:37:59,456] INFO: Epoch-3 -- Iter [150/554] loss: 0.01, (pos: 0.77, neg: 0.02)
[2025-04-26 23:39:17,230] INFO: Epoch-3 -- Iter [160/554] loss: 0.05, (pos: 0.79, neg: 0.01)
[2025-04-26 23:40:07,688] INFO: Epoch-3 -- Iter [170/554] loss: 0.07, (pos: 0.79, neg: 0.04)
[2025-04-26 23:40:58,145] INFO: Epoch-3 -- Iter [180/554] loss: 0.02, (pos: 0.76, neg: 0.03)
[2025-04-26 23:41:48,708] INFO: Epoch-3 -- Iter [190/554] loss: 0.01, (pos: 0.75, neg: 0.02)
[2025-04-26 23:42:39,135] INFO: Epoch-3 -- Iter [200/554] loss: 0.02, (pos: 0.78, neg: 0.03)
[2025-04-26 23:43:29,717] INFO: Epoch-3 -- Iter [210/554] loss: 0.02, (pos: 0.76, neg: 0.05)
[2025-04-26 23:44:19,950] INFO: Epoch-3 -- Iter [220/554] loss: 0.04, (pos: 0.78, neg: 0.05)
[2025-04-26 23:45:10,436] INFO: Epoch-3 -- Iter [230/554] loss: 0.03, (pos: 0.77, neg: 0.05)
[2025-04-26 23:46:00,824] INFO: Epoch-3 -- Iter [240/554] loss: 0.08, (pos: 0.74, neg: 0.04)
[2025-04-26 23:46:51,143] INFO: Epoch-3 -- Iter [250/554] loss: 0.01, (pos: 0.78, neg: 0.04)
[2025-04-26 23:47:41,420] INFO: Epoch-3 -- Iter [260/554] loss: 0.03, (pos: 0.75, neg: 0.01)
[2025-04-26 23:48:31,777] INFO: Epoch-3 -- Iter [270/554] loss: 0.02, (pos: 0.75, neg: 0.01)
[2025-04-26 23:49:22,220] INFO: Epoch-3 -- Iter [280/554] loss: 0.01, (pos: 0.80, neg: 0.01)
[2025-04-26 23:50:12,575] INFO: Epoch-3 -- Iter [290/554] loss: 0.04, (pos: 0.79, neg: 0.02)
[2025-04-26 23:51:02,763] INFO: Epoch-3 -- Iter [300/554] loss: 0.06, (pos: 0.78, neg: 0.02)
[2025-04-26 23:51:53,005] INFO: Epoch-3 -- Iter [310/554] loss: 0.01, (pos: 0.77, neg: -0.00)
[2025-04-26 23:52:43,446] INFO: Epoch-3 -- Iter [320/554] loss: 0.03, (pos: 0.76, neg: 0.02)
[2025-04-26 23:53:33,987] INFO: Epoch-3 -- Iter [330/554] loss: 0.08, (pos: 0.78, neg: 0.01)
[2025-04-26 23:54:24,334] INFO: Epoch-3 -- Iter [340/554] loss: 0.03, (pos: 0.79, neg: 0.02)
[2025-04-26 23:55:14,616] INFO: Epoch-3 -- Iter [350/554] loss: 0.02, (pos: 0.79, neg: 0.02)
[2025-04-26 23:56:05,026] INFO: Epoch-3 -- Iter [360/554] loss: 0.03, (pos: 0.75, neg: 0.02)
[2025-04-26 23:56:55,478] INFO: Epoch-3 -- Iter [370/554] loss: 0.02, (pos: 0.79, neg: 0.02)
[2025-04-26 23:57:45,697] INFO: Epoch-3 -- Iter [380/554] loss: 0.15, (pos: 0.76, neg: 0.08)
[2025-04-26 23:58:36,061] INFO: Epoch-3 -- Iter [390/554] loss: 0.01, (pos: 0.72, neg: -0.01)
[2025-04-26 23:59:26,175] INFO: Epoch-3 -- Iter [400/554] loss: 0.02, (pos: 0.76, neg: 0.02)
[2025-04-27 00:00:16,594] INFO: Epoch-3 -- Iter [410/554] loss: 0.01, (pos: 0.78, neg: -0.01)
[2025-04-27 00:01:07,356] INFO: Epoch-3 -- Iter [420/554] loss: 0.05, (pos: 0.77, neg: 0.01)
[2025-04-27 00:01:57,660] INFO: Epoch-3 -- Iter [430/554] loss: 0.02, (pos: 0.75, neg: 0.03)
[2025-04-27 00:02:47,940] INFO: Epoch-3 -- Iter [440/554] loss: 0.02, (pos: 0.80, neg: 0.03)
[2025-04-27 00:03:38,331] INFO: Epoch-3 -- Iter [450/554] loss: 0.01, (pos: 0.78, neg: 0.02)
[2025-04-27 00:04:28,465] INFO: Epoch-3 -- Iter [460/554] loss: 0.04, (pos: 0.79, neg: 0.06)
[2025-04-27 00:05:18,924] INFO: Epoch-3 -- Iter [470/554] loss: 0.06, (pos: 0.74, neg: 0.00)
[2025-04-27 00:06:09,252] INFO: Epoch-3 -- Iter [480/554] loss: 0.04, (pos: 0.75, neg: 0.01)
[2025-04-27 00:06:59,415] INFO: Epoch-3 -- Iter [490/554] loss: 0.06, (pos: 0.78, neg: 0.01)
[2025-04-27 00:07:49,818] INFO: Epoch-3 -- Iter [500/554] loss: 0.01, (pos: 0.77, neg: 0.04)
[2025-04-27 00:08:40,173] INFO: Epoch-3 -- Iter [510/554] loss: 0.08, (pos: 0.77, neg: 0.02)
[2025-04-27 00:09:30,390] INFO: Epoch-3 -- Iter [520/554] loss: 0.01, (pos: 0.74, neg: 0.01)
[2025-04-27 00:10:20,712] INFO: Epoch-3 -- Iter [530/554] loss: 0.04, (pos: 0.80, neg: 0.02)
[2025-04-27 00:11:10,954] INFO: Epoch-3 -- Iter [540/554] loss: 0.02, (pos: 0.75, neg: 0.00)
[2025-04-27 00:12:01,394] INFO: Epoch-3 -- Iter [550/554] loss: 0.10, (pos: 0.78, neg: 0.01)
[2025-04-27 00:12:20,131] INFO: Training time for epoch 3: 47.41 minutes
[2025-04-27 00:20:56,925] INFO: Epoch-3, seen -- Mean err: 3.14, Acc: 1.00, Rec : 1.00, Class and Pose  : 1.00
[2025-04-27 00:20:56,926] INFO: Validation time for epoch 3: 8.61 minutes
[2025-04-27 00:44:23,284] INFO: Epoch-3, seen_occ -- Mean err: 12.31, Acc: 0.84, Rec : 0.84, Class and Pose  : 0.78
[2025-04-27 00:44:23,284] INFO: Validation time for epoch 3: 23.44 minutes
[2025-04-27 01:04:21,187] INFO: Epoch-3, unseen -- Mean err: 4.98, Acc: 0.98, Rec : 1.00, Class and Pose  : 0.97
[2025-04-27 01:04:21,187] INFO: Validation time for epoch 3: 19.97 minutes
[2025-04-27 01:11:50,526] INFO: Epoch-3, unseen_occ -- Mean err: 4.82, Acc: 0.96, Rec : 0.98, Class and Pose  : 0.95
[2025-04-27 01:11:50,527] INFO: Validation time for epoch 3: 7.49 minutes
[2025-04-27 01:11:50,538] INFO: 
Epoch-3: train_loss=0.03806824712848161, seen=0.9965596330275224, seen_occ=0.7843855693348322, unseen=0.9747566408183462, unseen_occ=0.9460482725982012 


[2025-04-27 01:11:57,197] INFO: Epoch-4 -- Iter [1/554] loss: 0.07, (pos: 0.79, neg: 0.01)
[2025-04-27 01:12:49,554] INFO: Epoch-4 -- Iter [10/554] loss: 0.01, (pos: 0.79, neg: 0.01)
[2025-04-27 01:13:46,130] INFO: Epoch-4 -- Iter [20/554] loss: 0.02, (pos: 0.74, neg: 0.03)
[2025-04-27 01:14:42,464] INFO: Epoch-4 -- Iter [30/554] loss: 0.05, (pos: 0.74, neg: -0.01)
[2025-04-27 01:15:38,442] INFO: Epoch-4 -- Iter [40/554] loss: 0.01, (pos: 0.75, neg: -0.01)
[2025-04-27 01:16:34,237] INFO: Epoch-4 -- Iter [50/554] loss: 0.04, (pos: 0.80, neg: 0.06)
[2025-04-27 01:17:30,191] INFO: Epoch-4 -- Iter [60/554] loss: 0.01, (pos: 0.78, neg: 0.02)
[2025-04-27 01:18:26,610] INFO: Epoch-4 -- Iter [70/554] loss: 0.01, (pos: 0.79, neg: 0.00)
[2025-04-27 01:19:21,456] INFO: Epoch-4 -- Iter [80/554] loss: 0.02, (pos: 0.77, neg: 0.01)
[2025-04-27 01:20:16,729] INFO: Epoch-4 -- Iter [90/554] loss: 0.01, (pos: 0.78, neg: 0.01)
[2025-04-27 01:21:11,581] INFO: Epoch-4 -- Iter [100/554] loss: 0.02, (pos: 0.80, neg: -0.00)
[2025-04-27 01:22:06,257] INFO: Epoch-4 -- Iter [110/554] loss: 0.05, (pos: 0.77, neg: 0.04)
[2025-04-27 01:23:00,506] INFO: Epoch-4 -- Iter [120/554] loss: 0.01, (pos: 0.77, neg: 0.01)
[2025-04-27 01:23:54,956] INFO: Epoch-4 -- Iter [130/554] loss: 0.04, (pos: 0.78, neg: 0.04)
[2025-04-27 01:24:49,549] INFO: Epoch-4 -- Iter [140/554] loss: 0.12, (pos: 0.76, neg: 0.08)
[2025-04-27 01:25:43,699] INFO: Epoch-4 -- Iter [150/554] loss: 0.01, (pos: 0.77, neg: 0.01)
[2025-04-27 01:26:38,228] INFO: Epoch-4 -- Iter [160/554] loss: 0.04, (pos: 0.78, neg: 0.01)
[2025-04-27 01:27:33,104] INFO: Epoch-4 -- Iter [170/554] loss: 0.06, (pos: 0.78, neg: 0.03)
[2025-04-27 01:28:27,538] INFO: Epoch-4 -- Iter [180/554] loss: 0.02, (pos: 0.76, neg: 0.03)
[2025-04-27 01:29:21,686] INFO: Epoch-4 -- Iter [190/554] loss: 0.01, (pos: 0.75, neg: 0.00)
[2025-04-27 01:30:15,505] INFO: Epoch-4 -- Iter [200/554] loss: 0.02, (pos: 0.78, neg: 0.03)
[2025-04-27 01:31:09,907] INFO: Epoch-4 -- Iter [210/554] loss: 0.02, (pos: 0.76, neg: 0.06)
[2025-04-27 01:32:03,867] INFO: Epoch-4 -- Iter [220/554] loss: 0.04, (pos: 0.78, neg: 0.05)
[2025-04-27 01:32:58,015] INFO: Epoch-4 -- Iter [230/554] loss: 0.03, (pos: 0.76, neg: 0.04)
[2025-04-27 01:33:51,697] INFO: Epoch-4 -- Iter [240/554] loss: 0.07, (pos: 0.74, neg: 0.03)
[2025-04-27 01:34:44,938] INFO: Epoch-4 -- Iter [250/554] loss: 0.01, (pos: 0.78, neg: 0.03)
[2025-04-27 01:35:36,932] INFO: Epoch-4 -- Iter [260/554] loss: 0.02, (pos: 0.75, neg: 0.00)
[2025-04-27 01:36:28,970] INFO: Epoch-4 -- Iter [270/554] loss: 0.02, (pos: 0.75, neg: -0.00)
[2025-04-27 01:37:20,622] INFO: Epoch-4 -- Iter [280/554] loss: 0.01, (pos: 0.79, neg: 0.00)
[2025-04-27 01:38:12,358] INFO: Epoch-4 -- Iter [290/554] loss: 0.03, (pos: 0.79, neg: 0.01)
[2025-04-27 01:39:03,836] INFO: Epoch-4 -- Iter [300/554] loss: 0.05, (pos: 0.78, neg: 0.02)
[2025-04-27 01:39:55,375] INFO: Epoch-4 -- Iter [310/554] loss: 0.01, (pos: 0.77, neg: -0.01)
[2025-04-27 01:40:46,685] INFO: Epoch-4 -- Iter [320/554] loss: 0.03, (pos: 0.76, neg: 0.01)
[2025-04-27 01:41:38,252] INFO: Epoch-4 -- Iter [330/554] loss: 0.07, (pos: 0.77, neg: 0.00)
[2025-04-27 01:42:29,546] INFO: Epoch-4 -- Iter [340/554] loss: 0.03, (pos: 0.79, neg: 0.02)
[2025-04-27 01:43:20,864] INFO: Epoch-4 -- Iter [350/554] loss: 0.02, (pos: 0.79, neg: 0.01)
[2025-04-27 01:44:12,640] INFO: Epoch-4 -- Iter [360/554] loss: 0.03, (pos: 0.75, neg: 0.01)
[2025-04-27 01:45:04,350] INFO: Epoch-4 -- Iter [370/554] loss: 0.02, (pos: 0.79, neg: 0.02)
[2025-04-27 01:45:55,704] INFO: Epoch-4 -- Iter [380/554] loss: 0.14, (pos: 0.76, neg: 0.08)
[2025-04-27 01:46:47,132] INFO: Epoch-4 -- Iter [390/554] loss: 0.01, (pos: 0.72, neg: -0.01)
[2025-04-27 01:47:38,146] INFO: Epoch-4 -- Iter [400/554] loss: 0.02, (pos: 0.76, neg: 0.01)
[2025-04-27 01:48:29,350] INFO: Epoch-4 -- Iter [410/554] loss: 0.01, (pos: 0.78, neg: -0.01)
[2025-04-27 01:49:20,540] INFO: Epoch-4 -- Iter [420/554] loss: 0.05, (pos: 0.78, neg: 0.01)
[2025-04-27 01:50:12,073] INFO: Epoch-4 -- Iter [430/554] loss: 0.01, (pos: 0.76, neg: 0.03)
[2025-04-27 01:51:03,201] INFO: Epoch-4 -- Iter [440/554] loss: 0.02, (pos: 0.81, neg: 0.05)
[2025-04-27 01:51:54,598] INFO: Epoch-4 -- Iter [450/554] loss: 0.01, (pos: 0.79, neg: 0.03)
[2025-04-27 01:52:46,063] INFO: Epoch-4 -- Iter [460/554] loss: 0.04, (pos: 0.80, neg: 0.07)
[2025-04-27 01:53:37,630] INFO: Epoch-4 -- Iter [470/554] loss: 0.05, (pos: 0.74, neg: 0.01)
[2025-04-27 01:54:28,892] INFO: Epoch-4 -- Iter [480/554] loss: 0.03, (pos: 0.76, neg: 0.01)
[2025-04-27 01:55:20,058] INFO: Epoch-4 -- Iter [490/554] loss: 0.05, (pos: 0.78, neg: 0.01)
[2025-04-27 01:56:11,219] INFO: Epoch-4 -- Iter [500/554] loss: 0.01, (pos: 0.77, neg: 0.03)
[2025-04-27 01:57:02,470] INFO: Epoch-4 -- Iter [510/554] loss: 0.08, (pos: 0.76, neg: 0.02)
[2025-04-27 01:57:53,499] INFO: Epoch-4 -- Iter [520/554] loss: 0.01, (pos: 0.74, neg: -0.00)
[2025-04-27 01:58:44,686] INFO: Epoch-4 -- Iter [530/554] loss: 0.04, (pos: 0.79, neg: 0.02)
[2025-04-27 01:59:35,990] INFO: Epoch-4 -- Iter [540/554] loss: 0.02, (pos: 0.75, neg: 0.00)
[2025-04-27 02:00:27,029] INFO: Epoch-4 -- Iter [550/554] loss: 0.09, (pos: 0.78, neg: 0.01)
[2025-04-27 02:00:45,949] INFO: Training time for epoch 4: 48.91 minutes
[2025-04-27 02:09:35,932] INFO: Epoch-4, seen -- Mean err: 3.11, Acc: 1.00, Rec : 1.00, Class and Pose  : 1.00
[2025-04-27 02:09:35,933] INFO: Validation time for epoch 4: 8.83 minutes
[2025-04-28 21:03:55,412] INFO: Model's weights at ./dataset/results/weights/LM_Diffusion_split3
[2025-04-28 21:05:54,329] INFO: Epoch-4 -- Iter [1/554] loss: 0.07, (pos: 0.79, neg: 0.01)
[2025-04-28 21:06:50,391] INFO: Epoch-4 -- Iter [10/554] loss: 0.01, (pos: 0.78, neg: 0.00)
[2025-04-28 21:07:50,649] INFO: Epoch-4 -- Iter [20/554] loss: 0.02, (pos: 0.74, neg: 0.03)
[2025-04-28 21:08:50,870] INFO: Epoch-4 -- Iter [30/554] loss: 0.05, (pos: 0.75, neg: 0.00)
[2025-04-28 21:09:49,589] INFO: Epoch-4 -- Iter [40/554] loss: 0.01, (pos: 0.75, neg: -0.00)
[2025-04-28 21:10:48,781] INFO: Epoch-4 -- Iter [50/554] loss: 0.04, (pos: 0.80, neg: 0.05)
[2025-04-28 21:11:46,670] INFO: Epoch-4 -- Iter [60/554] loss: 0.01, (pos: 0.77, neg: 0.01)
[2025-04-28 21:12:45,390] INFO: Epoch-4 -- Iter [70/554] loss: 0.01, (pos: 0.78, neg: 0.00)
[2025-04-28 21:13:43,119] INFO: Epoch-4 -- Iter [80/554] loss: 0.02, (pos: 0.77, neg: 0.01)
[2025-04-28 21:14:41,460] INFO: Epoch-4 -- Iter [90/554] loss: 0.01, (pos: 0.78, neg: 0.01)
[2025-04-28 21:15:39,478] INFO: Epoch-4 -- Iter [100/554] loss: 0.02, (pos: 0.80, neg: 0.01)
[2025-04-28 21:16:37,158] INFO: Epoch-4 -- Iter [110/554] loss: 0.05, (pos: 0.77, neg: 0.03)
[2025-04-28 21:17:33,993] INFO: Epoch-4 -- Iter [120/554] loss: 0.01, (pos: 0.77, neg: 0.02)
[2025-04-28 21:18:31,562] INFO: Epoch-4 -- Iter [130/554] loss: 0.04, (pos: 0.77, neg: 0.03)
[2025-04-28 21:19:28,334] INFO: Epoch-4 -- Iter [140/554] loss: 0.12, (pos: 0.76, neg: 0.07)
[2025-04-28 21:20:25,039] INFO: Epoch-4 -- Iter [150/554] loss: 0.01, (pos: 0.77, neg: 0.01)
[2025-04-28 21:21:21,053] INFO: Epoch-4 -- Iter [160/554] loss: 0.04, (pos: 0.79, neg: 0.01)
[2025-04-28 21:22:17,803] INFO: Epoch-4 -- Iter [170/554] loss: 0.06, (pos: 0.78, neg: 0.03)
[2025-04-28 21:23:13,696] INFO: Epoch-4 -- Iter [180/554] loss: 0.02, (pos: 0.76, neg: 0.04)
[2025-04-28 21:24:10,354] INFO: Epoch-4 -- Iter [190/554] loss: 0.01, (pos: 0.74, neg: 0.00)
[2025-04-28 21:25:06,253] INFO: Epoch-4 -- Iter [200/554] loss: 0.02, (pos: 0.78, neg: 0.03)
[2025-04-28 21:26:02,182] INFO: Epoch-4 -- Iter [210/554] loss: 0.02, (pos: 0.76, neg: 0.05)
[2025-04-28 21:26:57,903] INFO: Epoch-4 -- Iter [220/554] loss: 0.04, (pos: 0.78, neg: 0.05)
[2025-04-28 21:27:54,119] INFO: Epoch-4 -- Iter [230/554] loss: 0.03, (pos: 0.76, neg: 0.04)
[2025-04-28 21:28:49,201] INFO: Epoch-4 -- Iter [240/554] loss: 0.07, (pos: 0.74, neg: 0.03)
[2025-04-28 21:29:44,518] INFO: Epoch-4 -- Iter [250/554] loss: 0.01, (pos: 0.77, neg: 0.03)
[2025-04-28 21:30:39,701] INFO: Epoch-4 -- Iter [260/554] loss: 0.02, (pos: 0.75, neg: -0.00)
[2025-04-28 21:31:34,830] INFO: Epoch-4 -- Iter [270/554] loss: 0.02, (pos: 0.74, neg: -0.00)
[2025-04-28 21:32:29,821] INFO: Epoch-4 -- Iter [280/554] loss: 0.01, (pos: 0.80, neg: 0.01)
[2025-04-28 21:33:24,758] INFO: Epoch-4 -- Iter [290/554] loss: 0.04, (pos: 0.79, neg: 0.01)
[2025-04-28 21:34:19,697] INFO: Epoch-4 -- Iter [300/554] loss: 0.05, (pos: 0.77, neg: 0.02)
[2025-04-28 21:35:14,729] INFO: Epoch-4 -- Iter [310/554] loss: 0.01, (pos: 0.77, neg: -0.01)
[2025-04-28 21:36:09,498] INFO: Epoch-4 -- Iter [320/554] loss: 0.03, (pos: 0.76, neg: 0.02)
[2025-04-28 21:37:04,774] INFO: Epoch-4 -- Iter [330/554] loss: 0.07, (pos: 0.77, neg: 0.00)
[2025-04-28 21:37:59,670] INFO: Epoch-4 -- Iter [340/554] loss: 0.03, (pos: 0.78, neg: 0.02)
[2025-04-28 21:38:53,967] INFO: Epoch-4 -- Iter [350/554] loss: 0.02, (pos: 0.78, neg: 0.01)
[2025-04-28 21:39:48,599] INFO: Epoch-4 -- Iter [360/554] loss: 0.03, (pos: 0.75, neg: 0.01)
[2025-04-28 21:40:43,131] INFO: Epoch-4 -- Iter [370/554] loss: 0.02, (pos: 0.79, neg: 0.02)
[2025-04-28 21:41:37,550] INFO: Epoch-4 -- Iter [380/554] loss: 0.14, (pos: 0.76, neg: 0.08)
[2025-04-28 21:42:32,583] INFO: Epoch-4 -- Iter [390/554] loss: 0.01, (pos: 0.73, neg: -0.00)
[2025-04-28 21:43:26,560] INFO: Epoch-4 -- Iter [400/554] loss: 0.02, (pos: 0.76, neg: 0.01)
[2025-04-28 21:44:21,190] INFO: Epoch-4 -- Iter [410/554] loss: 0.01, (pos: 0.78, neg: -0.00)
[2025-04-28 21:45:15,643] INFO: Epoch-4 -- Iter [420/554] loss: 0.05, (pos: 0.78, neg: 0.01)
[2025-04-28 21:46:09,853] INFO: Epoch-4 -- Iter [430/554] loss: 0.01, (pos: 0.76, neg: 0.03)
[2025-04-28 21:47:04,227] INFO: Epoch-4 -- Iter [440/554] loss: 0.02, (pos: 0.81, neg: 0.04)
[2025-04-28 21:47:59,006] INFO: Epoch-4 -- Iter [450/554] loss: 0.01, (pos: 0.79, neg: 0.03)
[2025-04-28 21:48:53,183] INFO: Epoch-4 -- Iter [460/554] loss: 0.04, (pos: 0.80, neg: 0.07)
[2025-04-28 21:49:47,425] INFO: Epoch-4 -- Iter [470/554] loss: 0.05, (pos: 0.74, neg: 0.01)
[2025-04-28 21:50:41,054] INFO: Epoch-4 -- Iter [480/554] loss: 0.04, (pos: 0.75, neg: 0.01)
[2025-04-28 21:51:35,359] INFO: Epoch-4 -- Iter [490/554] loss: 0.05, (pos: 0.78, neg: 0.01)
[2025-04-28 21:52:30,001] INFO: Epoch-4 -- Iter [500/554] loss: 0.01, (pos: 0.77, neg: 0.04)
[2025-04-28 21:53:23,852] INFO: Epoch-4 -- Iter [510/554] loss: 0.08, (pos: 0.76, neg: 0.02)
[2025-04-28 21:54:18,006] INFO: Epoch-4 -- Iter [520/554] loss: 0.01, (pos: 0.74, neg: 0.00)
[2025-04-28 21:55:11,959] INFO: Epoch-4 -- Iter [530/554] loss: 0.04, (pos: 0.79, neg: 0.02)
[2025-04-28 21:56:05,930] INFO: Epoch-4 -- Iter [540/554] loss: 0.02, (pos: 0.75, neg: 0.00)
[2025-04-28 21:56:59,803] INFO: Epoch-4 -- Iter [550/554] loss: 0.10, (pos: 0.78, neg: 0.01)
[2025-04-28 21:57:19,681] INFO: Training time for epoch 4: 52.03 minutes
[2025-04-28 22:06:38,186] INFO: Epoch-4, seen -- Mean err: 3.14, Acc: 1.00, Rec : 1.00, Class and Pose  : 1.00
[2025-04-28 22:06:38,187] INFO: Validation time for epoch 4: 9.31 minutes
[2025-04-28 22:32:37,416] INFO: Epoch-4, seen_occ -- Mean err: 12.39, Acc: 0.84, Rec : 0.84, Class and Pose  : 0.78
[2025-04-28 22:32:37,417] INFO: Validation time for epoch 4: 25.99 minutes
[2025-04-28 22:54:34,732] INFO: Epoch-4, unseen -- Mean err: 5.07, Acc: 0.97, Rec : 1.00, Class and Pose  : 0.97
[2025-04-28 22:54:34,733] INFO: Validation time for epoch 4: 21.96 minutes
[2025-04-28 23:02:28,501] INFO: Epoch-4, unseen_occ -- Mean err: 4.94, Acc: 0.96, Rec : 0.98, Class and Pose  : 0.94
[2025-04-28 23:02:28,502] INFO: Validation time for epoch 4: 7.90 minutes
[2025-04-28 23:02:28,502] INFO: 
Epoch-4: train_loss=0.03512841244103685, seen=0.9965596330275224, seen_occ=0.7770574971815112, unseen=0.9726117802342834, unseen_occ=0.9384761003312807 


[2025-04-28 23:02:34,151] INFO: Epoch-5 -- Iter [1/554] loss: 0.06, (pos: 0.79, neg: 0.01)
[2025-04-28 23:03:21,613] INFO: Epoch-5 -- Iter [10/554] loss: 0.01, (pos: 0.79, neg: 0.01)
[2025-04-28 23:04:14,245] INFO: Epoch-5 -- Iter [20/554] loss: 0.02, (pos: 0.75, neg: 0.04)
[2025-04-28 23:05:06,772] INFO: Epoch-5 -- Iter [30/554] loss: 0.05, (pos: 0.76, neg: 0.00)
[2025-04-28 23:05:58,603] INFO: Epoch-5 -- Iter [40/554] loss: 0.01, (pos: 0.76, neg: -0.01)
[2025-04-28 23:06:50,682] INFO: Epoch-5 -- Iter [50/554] loss: 0.04, (pos: 0.79, neg: 0.05)
[2025-04-28 23:07:43,002] INFO: Epoch-5 -- Iter [60/554] loss: 0.01, (pos: 0.78, neg: 0.02)
[2025-04-28 23:08:34,729] INFO: Epoch-5 -- Iter [70/554] loss: 0.01, (pos: 0.78, neg: -0.00)
[2025-04-28 23:09:26,729] INFO: Epoch-5 -- Iter [80/554] loss: 0.02, (pos: 0.77, neg: 0.01)
[2025-04-28 23:10:18,527] INFO: Epoch-5 -- Iter [90/554] loss: 0.01, (pos: 0.78, neg: 0.01)
[2025-04-28 23:11:10,313] INFO: Epoch-5 -- Iter [100/554] loss: 0.02, (pos: 0.80, neg: -0.00)
[2025-04-28 23:12:02,148] INFO: Epoch-5 -- Iter [110/554] loss: 0.04, (pos: 0.76, neg: 0.03)
[2025-04-28 23:12:53,771] INFO: Epoch-5 -- Iter [120/554] loss: 0.01, (pos: 0.76, neg: 0.01)
[2025-04-28 23:13:45,547] INFO: Epoch-5 -- Iter [130/554] loss: 0.03, (pos: 0.78, neg: 0.04)
[2025-04-28 23:14:37,575] INFO: Epoch-5 -- Iter [140/554] loss: 0.11, (pos: 0.75, neg: 0.06)
[2025-04-28 23:15:29,451] INFO: Epoch-5 -- Iter [150/554] loss: 0.01, (pos: 0.77, neg: 0.01)
[2025-04-28 23:16:20,630] INFO: Epoch-5 -- Iter [160/554] loss: 0.03, (pos: 0.78, neg: 0.01)
[2025-04-28 23:17:12,748] INFO: Epoch-5 -- Iter [170/554] loss: 0.06, (pos: 0.78, neg: 0.03)
[2025-04-28 23:18:04,186] INFO: Epoch-5 -- Iter [180/554] loss: 0.02, (pos: 0.76, neg: 0.03)
[2025-04-28 23:18:55,917] INFO: Epoch-5 -- Iter [190/554] loss: 0.01, (pos: 0.74, neg: -0.00)
[2025-04-28 23:19:47,401] INFO: Epoch-5 -- Iter [200/554] loss: 0.02, (pos: 0.77, neg: 0.03)
[2025-04-28 23:20:38,725] INFO: Epoch-5 -- Iter [210/554] loss: 0.02, (pos: 0.76, neg: 0.06)
[2025-04-28 23:21:30,357] INFO: Epoch-5 -- Iter [220/554] loss: 0.03, (pos: 0.78, neg: 0.05)
[2025-04-28 23:22:22,038] INFO: Epoch-5 -- Iter [230/554] loss: 0.03, (pos: 0.76, neg: 0.05)
[2025-04-28 23:23:13,791] INFO: Epoch-5 -- Iter [240/554] loss: 0.06, (pos: 0.73, neg: 0.01)
[2025-04-28 23:24:05,323] INFO: Epoch-5 -- Iter [250/554] loss: 0.01, (pos: 0.77, neg: 0.03)
